{"/Users/azni/Projects/dsai-capstone/nestjs-backend/src/app.controller.ts": {"path":"/Users/azni/Projects/dsai-capstone/nestjs-backend/src/app.controller.ts","statementMap":{"0":{"start":{"line":1,"column":0},"end":{"line":1,"column":71}},"1":{"start":{"line":4,"column":7},"end":{"line":15,"column":null}},"2":{"start":{"line":13,"column":4},"end":{"line":13,"column":65}},"3":{"start":{"line":4,"column":13},"end":{"line":4,"column":26}},"4":{"start":{"line":12,"column":2},"end":{"line":14,"column":null}},"5":{"start":{"line":4,"column":13},"end":{"line":15,"column":null}}},"fnMap":{"0":{"name":"(anonymous_2)","decl":{"start":{"line":12,"column":2},"end":{"line":12,"column":8}},"loc":{"start":{"line":12,"column":8},"end":{"line":14,"column":3}}}},"branchMap":{},"s":{"0":0,"1":0,"2":0,"3":0,"4":0,"5":0},"f":{"0":0},"b":{}}
,"/Users/azni/Projects/dsai-capstone/nestjs-backend/src/app.module.ts": {"path":"/Users/azni/Projects/dsai-capstone/nestjs-backend/src/app.module.ts","statementMap":{"0":{"start":{"line":1,"column":0},"end":{"line":1,"column":40}},"1":{"start":{"line":2,"column":0},"end":{"line":2,"column":51}},"2":{"start":{"line":3,"column":0},"end":{"line":3,"column":49}},"3":{"start":{"line":4,"column":0},"end":{"line":4,"column":43}},"4":{"start":{"line":5,"column":0},"end":{"line":5,"column":57}},"5":{"start":{"line":6,"column":0},"end":{"line":6,"column":48}},"6":{"start":{"line":7,"column":0},"end":{"line":7,"column":51}},"7":{"start":{"line":8,"column":0},"end":{"line":8,"column":57}},"8":{"start":{"line":9,"column":0},"end":{"line":9,"column":54}},"9":{"start":{"line":10,"column":0},"end":{"line":10,"column":72}},"10":{"start":{"line":11,"column":0},"end":{"line":11,"column":66}},"11":{"start":{"line":12,"column":0},"end":{"line":12,"column":51}},"12":{"start":{"line":13,"column":0},"end":{"line":13,"column":57}},"13":{"start":{"line":14,"column":0},"end":{"line":14,"column":54}},"14":{"start":{"line":15,"column":0},"end":{"line":15,"column":45}},"15":{"start":{"line":16,"column":0},"end":{"line":16,"column":60}},"16":{"start":{"line":17,"column":0},"end":{"line":17,"column":45}},"17":{"start":{"line":18,"column":0},"end":{"line":18,"column":48}},"18":{"start":{"line":40,"column":7},"end":{"line":40,"column":null}},"19":{"start":{"line":40,"column":13},"end":{"line":40,"column":22}},"20":{"start":{"line":40,"column":13},"end":{"line":40,"column":null}}},"fnMap":{},"branchMap":{},"s":{"0":0,"1":0,"2":0,"3":0,"4":0,"5":0,"6":0,"7":0,"8":0,"9":0,"10":0,"11":0,"12":0,"13":0,"14":0,"15":0,"16":0,"17":0,"18":0,"19":0,"20":0},"f":{},"b":{}}
,"/Users/azni/Projects/dsai-capstone/nestjs-backend/src/app.service.ts": {"path":"/Users/azni/Projects/dsai-capstone/nestjs-backend/src/app.service.ts","statementMap":{"0":{"start":{"line":1,"column":0},"end":{"line":1,"column":44}},"1":{"start":{"line":5,"column":7},"end":{"line":5,"column":null}},"2":{"start":{"line":5,"column":13},"end":{"line":5,"column":23}},"3":{"start":{"line":5,"column":13},"end":{"line":5,"column":null}}},"fnMap":{},"branchMap":{},"s":{"0":0,"1":0,"2":0,"3":0},"f":{},"b":{}}
,"/Users/azni/Projects/dsai-capstone/nestjs-backend/src/main.ts": {"path":"/Users/azni/Projects/dsai-capstone/nestjs-backend/src/main.ts","statementMap":{"0":{"start":{"line":1,"column":0},"end":{"line":1,"column":43}},"1":{"start":{"line":2,"column":0},"end":{"line":2,"column":56}},"2":{"start":{"line":3,"column":0},"end":{"line":3,"column":41}},"3":{"start":{"line":4,"column":0},"end":{"line":4,"column":80}},"4":{"start":{"line":5,"column":0},"end":{"line":5,"column":86}},"5":{"start":{"line":6,"column":0},"end":{"line":6,"column":43}},"6":{"start":{"line":8,"column":0},"end":{"line":8,"column":58}},"7":{"start":{"line":10,"column":15},"end":{"line":10,"column":38}},"8":{"start":{"line":13,"column":14},"end":{"line":13,"column":49}},"9":{"start":{"line":19,"column":14},"end":{"line":19,"column":31}},"10":{"start":{"line":20,"column":15},"end":{"line":20,"column":38}},"11":{"start":{"line":21,"column":2},"end":{"line":57,"column":3}},"12":{"start":{"line":24,"column":4},"end":{"line":24,"column":80}},"13":{"start":{"line":25,"column":4},"end":{"line":25,"column":43}},"14":{"start":{"line":27,"column":4},"end":{"line":27,"column":50}},"15":{"start":{"line":28,"column":4},"end":{"line":28,"column":36}},"16":{"start":{"line":32,"column":4},"end":{"line":35,"column":7}},"17":{"start":{"line":36,"column":4},"end":{"line":36,"column":35}},"18":{"start":{"line":41,"column":4},"end":{"line":45,"column":7}},"19":{"start":{"line":46,"column":4},"end":{"line":49,"column":7}},"20":{"start":{"line":50,"column":4},"end":{"line":50,"column":52}},"21":{"start":{"line":52,"column":19},"end":{"line":52,"column":34}},"22":{"start":{"line":53,"column":4},"end":{"line":53,"column":38}},"23":{"start":{"line":54,"column":4},"end":{"line":54,"column":32}},"24":{"start":{"line":56,"column":4},"end":{"line":56,"column":64}},"25":{"start":{"line":59,"column":2},"end":{"line":59,"column":29}},"26":{"start":{"line":61,"column":2},"end":{"line":68,"column":4}},"27":{"start":{"line":70,"column":2},"end":{"line":70,"column":50}},"28":{"start":{"line":71,"column":2},"end":{"line":71,"column":56}},"29":{"start":{"line":73,"column":2},"end":{"line":85,"column":5}},"30":{"start":{"line":75,"column":18},"end":{"line":75,"column":50}},"31":{"start":{"line":76,"column":6},"end":{"line":76,"column":74}},"32":{"start":{"line":76,"column":16},"end":{"line":76,"column":74}},"33":{"start":{"line":77,"column":6},"end":{"line":81,"column":7}},"34":{"start":{"line":78,"column":8},"end":{"line":78,"column":43}},"35":{"start":{"line":80,"column":8},"end":{"line":80,"column":30}},"36":{"start":{"line":87,"column":2},"end":{"line":87,"column":45}},"37":{"start":{"line":89,"column":0},"end":{"line":89,"column":12}}},"fnMap":{"0":{"name":"bootstrap","decl":{"start":{"line":12,"column":15},"end":{"line":12,"column":24}},"loc":{"start":{"line":12,"column":24},"end":{"line":88,"column":1}}},"1":{"name":"(anonymous_1)","decl":{"start":{"line":74,"column":13},"end":{"line":74,"column":16}},"loc":{"start":{"line":74,"column":18},"end":{"line":82,"column":5}}}},"branchMap":{"0":{"loc":{"start":{"line":76,"column":6},"end":{"line":76,"column":74}},"type":"if","locations":[{"start":{"line":76,"column":6},"end":{"line":76,"column":74}},{"start":{},"end":{}}]},"1":{"loc":{"start":{"line":87,"column":19},"end":{"line":87,"column":43}},"type":"binary-expr","locations":[{"start":{"line":87,"column":19},"end":{"line":87,"column":35}},{"start":{"line":87,"column":39},"end":{"line":87,"column":43}}]}},"s":{"0":0,"1":0,"2":0,"3":0,"4":0,"5":0,"6":0,"7":0,"8":0,"9":0,"10":0,"11":0,"12":0,"13":0,"14":0,"15":0,"16":0,"17":0,"18":0,"19":0,"20":0,"21":0,"22":0,"23":0,"24":0,"25":0,"26":0,"27":0,"28":0,"29":0,"30":0,"31":0,"32":0,"33":0,"34":0,"35":0,"36":0,"37":0},"f":{"0":0,"1":0},"b":{"0":[0,0],"1":[0,0]}}
,"/Users/azni/Projects/dsai-capstone/nestjs-backend/src/mikro-orm.config.ts": {"path":"/Users/azni/Projects/dsai-capstone/nestjs-backend/src/mikro-orm.config.ts","statementMap":{"0":{"start":{"line":1,"column":0},"end":{"line":1,"column":66}},"1":{"start":{"line":2,"column":0},"end":{"line":2,"column":40}},"2":{"start":{"line":3,"column":0},"end":{"line":3,"column":33}},"3":{"start":{"line":5,"column":0},"end":{"line":5,"column":16}},"4":{"start":{"line":7,"column":15},"end":{"line":7,"column":37}},"5":{"start":{"line":9,"column":24},"end":{"line":29,"column":2}},"6":{"start":{"line":31,"column":0},"end":{"line":31,"column":22}}},"fnMap":{},"branchMap":{"0":{"loc":{"start":{"line":12,"column":8},"end":{"line":12,"column":48}},"type":"binary-expr","locations":[{"start":{"line":12,"column":8},"end":{"line":12,"column":33}},{"start":{"line":12,"column":37},"end":{"line":12,"column":48}}]},"1":{"loc":{"start":{"line":13,"column":17},"end":{"line":13,"column":52}},"type":"binary-expr","locations":[{"start":{"line":13,"column":17},"end":{"line":13,"column":42}},{"start":{"line":13,"column":46},"end":{"line":13,"column":52}}]},"2":{"loc":{"start":{"line":14,"column":8},"end":{"line":14,"column":47}},"type":"binary-expr","locations":[{"start":{"line":14,"column":8},"end":{"line":14,"column":33}},{"start":{"line":14,"column":37},"end":{"line":14,"column":47}}]},"3":{"loc":{"start":{"line":15,"column":12},"end":{"line":15,"column":55}},"type":"binary-expr","locations":[{"start":{"line":15,"column":12},"end":{"line":15,"column":41}},{"start":{"line":15,"column":45},"end":{"line":15,"column":55}}]},"4":{"loc":{"start":{"line":16,"column":10},"end":{"line":16,"column":49}},"type":"binary-expr","locations":[{"start":{"line":16,"column":10},"end":{"line":16,"column":35}},{"start":{"line":16,"column":39},"end":{"line":16,"column":49}}]}},"s":{"0":0,"1":0,"2":0,"3":0,"4":0,"5":0,"6":0},"f":{},"b":{"0":[0,0],"1":[0,0],"2":[0,0],"3":[0,0],"4":[0,0]}}
,"/Users/azni/Projects/dsai-capstone/nestjs-backend/src/auth/auth.controller.ts": {"path":"/Users/azni/Projects/dsai-capstone/nestjs-backend/src/auth/auth.controller.ts","statementMap":{"0":{"start":{"line":1,"column":0},"end":{"line":1,"column":null}},"1":{"start":{"line":14,"column":0},"end":{"line":14,"column":45}},"2":{"start":{"line":15,"column":0},"end":{"line":15,"column":54}},"3":{"start":{"line":16,"column":0},"end":{"line":16,"column":59}},"4":{"start":{"line":17,"column":0},"end":{"line":17,"column":55}},"5":{"start":{"line":18,"column":0},"end":{"line":18,"column":49}},"6":{"start":{"line":19,"column":0},"end":{"line":19,"column":50}},"7":{"start":{"line":20,"column":0},"end":{"line":20,"column":62}},"8":{"start":{"line":21,"column":0},"end":{"line":21,"column":58}},"9":{"start":{"line":22,"column":0},"end":{"line":22,"column":41}},"10":{"start":{"line":23,"column":0},"end":{"line":23,"column":47}},"11":{"start":{"line":27,"column":7},"end":{"line":196,"column":null}},"12":{"start":{"line":29,"column":12},"end":{"line":29,"column":25}},"13":{"start":{"line":30,"column":12},"end":{"line":30,"column":26}},"14":{"start":{"line":31,"column":12},"end":{"line":31,"column":24}},"15":{"start":{"line":32,"column":12},"end":{"line":32,"column":27}},"16":{"start":{"line":41,"column":4},"end":{"line":41,"column":44}},"17":{"start":{"line":53,"column":27},"end":{"line":54,"column":null}},"18":{"start":{"line":56,"column":17},"end":{"line":62,"column":6}},"19":{"start":{"line":65,"column":45},"end":{"line":65,"column":49}},"20":{"start":{"line":66,"column":4},"end":{"line":66,"column":18}},"21":{"start":{"line":80,"column":4},"end":{"line":80,"column":44}},"22":{"start":{"line":92,"column":4},"end":{"line":92,"column":20}},"23":{"start":{"line":108,"column":17},"end":{"line":108,"column":70}},"24":{"start":{"line":110,"column":45},"end":{"line":110,"column":56}},"25":{"start":{"line":111,"column":4},"end":{"line":111,"column":18}},"26":{"start":{"line":128,"column":4},"end":{"line":132,"column":6}},"27":{"start":{"line":133,"column":4},"end":{"line":133,"column":56}},"28":{"start":{"line":146,"column":4},"end":{"line":146,"column":56}},"29":{"start":{"line":147,"column":4},"end":{"line":147,"column":46}},"30":{"start":{"line":160,"column":4},"end":{"line":160,"column":50}},"31":{"start":{"line":173,"column":18},"end":{"line":173,"column":37}},"32":{"start":{"line":174,"column":4},"end":{"line":176,"column":5}},"33":{"start":{"line":175,"column":6},"end":{"line":175,"column":67}},"34":{"start":{"line":179,"column":4},"end":{"line":186,"column":5}},"35":{"start":{"line":180,"column":21},"end":{"line":180,"column":65}},"36":{"start":{"line":181,"column":6},"end":{"line":182,"column":71}},"37":{"start":{"line":182,"column":8},"end":{"line":182,"column":71}},"38":{"start":{"line":183,"column":6},"end":{"line":183,"column":58}},"39":{"start":{"line":185,"column":6},"end":{"line":185,"column":74}},"40":{"start":{"line":188,"column":19},"end":{"line":188,"column":44}},"41":{"start":{"line":189,"column":17},"end":{"line":189,"column":57}},"42":{"start":{"line":190,"column":4},"end":{"line":192,"column":5}},"43":{"start":{"line":191,"column":6},"end":{"line":191,"column":71}},"44":{"start":{"line":194,"column":4},"end":{"line":194,"column":40}},"45":{"start":{"line":27,"column":13},"end":{"line":27,"column":27}},"46":{"start":{"line":40,"column":2},"end":{"line":42,"column":null}},"47":{"start":{"line":52,"column":8},"end":{"line":67,"column":null}},"48":{"start":{"line":79,"column":2},"end":{"line":81,"column":null}},"49":{"start":{"line":91,"column":2},"end":{"line":93,"column":null}},"50":{"start":{"line":104,"column":8},"end":{"line":112,"column":null}},"51":{"start":{"line":124,"column":8},"end":{"line":134,"column":null}},"52":{"start":{"line":145,"column":8},"end":{"line":148,"column":null}},"53":{"start":{"line":158,"column":2},"end":{"line":161,"column":null}},"54":{"start":{"line":172,"column":8},"end":{"line":195,"column":null}},"55":{"start":{"line":27,"column":13},"end":{"line":196,"column":null}}},"fnMap":{"0":{"name":"(anonymous_4)","decl":{"start":{"line":28,"column":2},"end":{"line":28,"column":null}},"loc":{"start":{"line":32,"column":40},"end":{"line":33,"column":6}}},"1":{"name":"(anonymous_5)","decl":{"start":{"line":40,"column":2},"end":{"line":40,"column":11}},"loc":{"start":{"line":40,"column":11},"end":{"line":42,"column":3}}},"2":{"name":"(anonymous_6)","decl":{"start":{"line":52,"column":8},"end":{"line":52,"column":16}},"loc":{"start":{"line":52,"column":49},"end":{"line":67,"column":3}}},"3":{"name":"(anonymous_7)","decl":{"start":{"line":79,"column":2},"end":{"line":79,"column":7}},"loc":{"start":{"line":79,"column":44},"end":{"line":81,"column":3}}},"4":{"name":"(anonymous_8)","decl":{"start":{"line":91,"column":2},"end":{"line":91,"column":12}},"loc":{"start":{"line":91,"column":49},"end":{"line":93,"column":3}}},"5":{"name":"(anonymous_9)","decl":{"start":{"line":104,"column":8},"end":{"line":104,"column":16}},"loc":{"start":{"line":106,"column":29},"end":{"line":112,"column":3}}},"6":{"name":"(anonymous_10)","decl":{"start":{"line":124,"column":8},"end":{"line":124,"column":22}},"loc":{"start":{"line":126,"column":35},"end":{"line":134,"column":3}}},"7":{"name":"(anonymous_11)","decl":{"start":{"line":145,"column":8},"end":{"line":145,"column":16}},"loc":{"start":{"line":145,"column":53},"end":{"line":148,"column":3}}},"8":{"name":"(anonymous_12)","decl":{"start":{"line":158,"column":2},"end":{"line":158,"column":8}},"loc":{"start":{"line":158,"column":8},"end":{"line":161,"column":3}}},"9":{"name":"(anonymous_13)","decl":{"start":{"line":172,"column":8},"end":{"line":172,"column":15}},"loc":{"start":{"line":172,"column":45},"end":{"line":195,"column":3}}}},"branchMap":{"0":{"loc":{"start":{"line":174,"column":4},"end":{"line":176,"column":5}},"type":"if","locations":[{"start":{"line":174,"column":4},"end":{"line":176,"column":5}},{"start":{},"end":{}}]},"1":{"loc":{"start":{"line":181,"column":6},"end":{"line":182,"column":71}},"type":"if","locations":[{"start":{"line":181,"column":6},"end":{"line":182,"column":71}},{"start":{},"end":{}}]},"2":{"loc":{"start":{"line":190,"column":4},"end":{"line":192,"column":5}},"type":"if","locations":[{"start":{"line":190,"column":4},"end":{"line":192,"column":5}},{"start":{},"end":{}}]},"3":{"loc":{"start":{"line":190,"column":8},"end":{"line":190,"column":31}},"type":"binary-expr","locations":[{"start":{"line":190,"column":8},"end":{"line":190,"column":13}},{"start":{"line":190,"column":17},"end":{"line":190,"column":31}}]}},"s":{"0":0,"1":0,"2":0,"3":0,"4":0,"5":0,"6":0,"7":0,"8":0,"9":0,"10":0,"11":0,"12":0,"13":0,"14":0,"15":0,"16":0,"17":0,"18":0,"19":0,"20":0,"21":0,"22":0,"23":0,"24":0,"25":0,"26":0,"27":0,"28":0,"29":0,"30":0,"31":0,"32":0,"33":0,"34":0,"35":0,"36":0,"37":0,"38":0,"39":0,"40":0,"41":0,"42":0,"43":0,"44":0,"45":0,"46":0,"47":0,"48":0,"49":0,"50":0,"51":0,"52":0,"53":0,"54":0,"55":0},"f":{"0":0,"1":0,"2":0,"3":0,"4":0,"5":0,"6":0,"7":0,"8":0,"9":0},"b":{"0":[0,0],"1":[0,0],"2":[0,0],"3":[0,0]}}
,"/Users/azni/Projects/dsai-capstone/nestjs-backend/src/auth/auth.module.ts": {"path":"/Users/azni/Projects/dsai-capstone/nestjs-backend/src/auth/auth.module.ts","statementMap":{"0":{"start":{"line":1,"column":0},"end":{"line":1,"column":40}},"1":{"start":{"line":2,"column":0},"end":{"line":2,"column":40}},"2":{"start":{"line":3,"column":0},"end":{"line":3,"column":50}},"3":{"start":{"line":4,"column":0},"end":{"line":4,"column":61}},"4":{"start":{"line":5,"column":0},"end":{"line":5,"column":45}},"5":{"start":{"line":6,"column":0},"end":{"line":6,"column":51}},"6":{"start":{"line":7,"column":0},"end":{"line":7,"column":52}},"7":{"start":{"line":8,"column":0},"end":{"line":8,"column":60}},"8":{"start":{"line":9,"column":0},"end":{"line":9,"column":56}},"9":{"start":{"line":34,"column":7},"end":{"line":34,"column":null}},"10":{"start":{"line":34,"column":13},"end":{"line":34,"column":23}},"11":{"start":{"line":34,"column":13},"end":{"line":34,"column":null}},"12":{"start":{"line":18,"column":53},"end":{"line":26,"column":8}},"13":{"start":{"line":20,"column":20},"end":{"line":20,"column":59}},"14":{"start":{"line":21,"column":10},"end":{"line":22,"column":75}},"15":{"start":{"line":22,"column":12},"end":{"line":22,"column":75}},"16":{"start":{"line":23,"column":10},"end":{"line":23,"column":19}}},"fnMap":{"0":{"name":"(anonymous_1)","decl":{"start":{"line":18,"column":18},"end":{"line":18,"column":19}},"loc":{"start":{"line":18,"column":53},"end":{"line":26,"column":8}}},"1":{"name":"(anonymous_2)","decl":{"start":{"line":19,"column":17},"end":{"line":19,"column":20}},"loc":{"start":{"line":19,"column":22},"end":{"line":24,"column":9}}}},"branchMap":{"0":{"loc":{"start":{"line":21,"column":10},"end":{"line":22,"column":75}},"type":"if","locations":[{"start":{"line":21,"column":10},"end":{"line":22,"column":75}},{"start":{},"end":{}}]}},"s":{"0":0,"1":0,"2":0,"3":0,"4":0,"5":0,"6":0,"7":0,"8":0,"9":0,"10":0,"11":0,"12":0,"13":0,"14":0,"15":0,"16":0},"f":{"0":0,"1":0},"b":{"0":[0,0]}}
,"/Users/azni/Projects/dsai-capstone/nestjs-backend/src/auth/auth.service.ts": {"path":"/Users/azni/Projects/dsai-capstone/nestjs-backend/src/auth/auth.service.ts","statementMap":{"0":{"start":{"line":1,"column":0},"end":{"line":1,"column":67}},"1":{"start":{"line":2,"column":0},"end":{"line":2,"column":54}},"2":{"start":{"line":3,"column":0},"end":{"line":3,"column":41}},"3":{"start":{"line":4,"column":0},"end":{"line":4,"column":33}},"4":{"start":{"line":7,"column":7},"end":{"line":46,"column":null}},"5":{"start":{"line":9,"column":12},"end":{"line":9,"column":26}},"6":{"start":{"line":10,"column":12},"end":{"line":10,"column":24}},"7":{"start":{"line":14,"column":17},"end":{"line":14,"column":59}},"8":{"start":{"line":15,"column":4},"end":{"line":17,"column":5}},"9":{"start":{"line":16,"column":6},"end":{"line":16,"column":18}},"10":{"start":{"line":18,"column":28},"end":{"line":18,"column":75}},"11":{"start":{"line":19,"column":4},"end":{"line":26,"column":5}},"12":{"start":{"line":20,"column":6},"end":{"line":22,"column":7}},"13":{"start":{"line":21,"column":8},"end":{"line":21,"column":66}},"14":{"start":{"line":24,"column":47},"end":{"line":24,"column":58}},"15":{"start":{"line":25,"column":6},"end":{"line":25,"column":20}},"16":{"start":{"line":27,"column":4},"end":{"line":27,"column":16}},"17":{"start":{"line":31,"column":20},"end":{"line":34,"column":6}},"18":{"start":{"line":35,"column":4},"end":{"line":39,"column":6}},"19":{"start":{"line":43,"column":25},"end":{"line":43,"column":27}},"20":{"start":{"line":44,"column":4},"end":{"line":44,"column":47}},"21":{"start":{"line":7,"column":13},"end":{"line":7,"column":24}},"22":{"start":{"line":7,"column":13},"end":{"line":46,"column":null}}},"fnMap":{"0":{"name":"(anonymous_11)","decl":{"start":{"line":8,"column":2},"end":{"line":8,"column":null}},"loc":{"start":{"line":10,"column":34},"end":{"line":11,"column":6}}},"1":{"name":"(anonymous_12)","decl":{"start":{"line":13,"column":2},"end":{"line":13,"column":7}},"loc":{"start":{"line":13,"column":48},"end":{"line":28,"column":3}}},"2":{"name":"(anonymous_13)","decl":{"start":{"line":30,"column":2},"end":{"line":30,"column":7}},"loc":{"start":{"line":30,"column":17},"end":{"line":40,"column":3}}},"3":{"name":"(anonymous_14)","decl":{"start":{"line":42,"column":2},"end":{"line":42,"column":7}},"loc":{"start":{"line":42,"column":37},"end":{"line":45,"column":3}}}},"branchMap":{"0":{"loc":{"start":{"line":15,"column":4},"end":{"line":17,"column":5}},"type":"if","locations":[{"start":{"line":15,"column":4},"end":{"line":17,"column":5}},{"start":{},"end":{}}]},"1":{"loc":{"start":{"line":19,"column":4},"end":{"line":26,"column":5}},"type":"if","locations":[{"start":{"line":19,"column":4},"end":{"line":26,"column":5}},{"start":{},"end":{}}]},"2":{"loc":{"start":{"line":19,"column":8},"end":{"line":19,"column":31}},"type":"binary-expr","locations":[{"start":{"line":19,"column":8},"end":{"line":19,"column":12}},{"start":{"line":19,"column":16},"end":{"line":19,"column":31}}]},"3":{"loc":{"start":{"line":20,"column":6},"end":{"line":22,"column":7}},"type":"if","locations":[{"start":{"line":20,"column":6},"end":{"line":22,"column":7}},{"start":{},"end":{}}]}},"s":{"0":1,"1":1,"2":1,"3":1,"4":1,"5":4,"6":4,"7":3,"8":3,"9":0,"10":3,"11":3,"12":2,"13":1,"14":1,"15":1,"16":1,"17":1,"18":1,"19":0,"20":0,"21":1,"22":1},"f":{"0":4,"1":3,"2":1,"3":0},"b":{"0":[0,3],"1":[2,1],"2":[3,3],"3":[1,1]}}
,"/Users/azni/Projects/dsai-capstone/nestjs-backend/src/auth/dto/change-password.dto.ts": {"path":"/Users/azni/Projects/dsai-capstone/nestjs-backend/src/auth/dto/change-password.dto.ts","statementMap":{"0":{"start":{"line":1,"column":0},"end":{"line":1,"column":55}},"1":{"start":{"line":6,"column":0},"end":{"line":6,"column":13}},"2":{"start":{"line":10,"column":2},"end":{"line":10,"column":null}},"3":{"start":{"line":15,"column":2},"end":{"line":15,"column":null}}},"fnMap":{},"branchMap":{},"s":{"0":0,"1":0,"2":0,"3":0},"f":{},"b":{}}
,"/Users/azni/Projects/dsai-capstone/nestjs-backend/src/auth/dto/login.dto.ts": {"path":"/Users/azni/Projects/dsai-capstone/nestjs-backend/src/auth/dto/login.dto.ts","statementMap":{"0":{"start":{"line":1,"column":0},"end":{"line":1,"column":63}},"1":{"start":{"line":3,"column":0},"end":{"line":3,"column":13}},"2":{"start":{"line":5,"column":2},"end":{"line":5,"column":21}},"3":{"start":{"line":9,"column":2},"end":{"line":9,"column":null}}},"fnMap":{},"branchMap":{},"s":{"0":0,"1":0,"2":0,"3":0},"f":{},"b":{}}
,"/Users/azni/Projects/dsai-capstone/nestjs-backend/src/auth/dto/refresh-token.dto.ts": {"path":"/Users/azni/Projects/dsai-capstone/nestjs-backend/src/auth/dto/refresh-token.dto.ts","statementMap":{"0":{"start":{"line":1,"column":0},"end":{"line":1,"column":55}},"1":{"start":{"line":6,"column":0},"end":{"line":6,"column":13}},"2":{"start":{"line":10,"column":2},"end":{"line":10,"column":null}}},"fnMap":{},"branchMap":{},"s":{"0":0,"1":0,"2":0},"f":{},"b":{}}
,"/Users/azni/Projects/dsai-capstone/nestjs-backend/src/auth/dto/register.dto.ts": {"path":"/Users/azni/Projects/dsai-capstone/nestjs-backend/src/auth/dto/register.dto.ts","statementMap":{"0":{"start":{"line":1,"column":0},"end":{"line":1,"column":null}},"1":{"start":{"line":9,"column":0},"end":{"line":9,"column":13}},"2":{"start":{"line":11,"column":2},"end":{"line":11,"column":null}},"3":{"start":{"line":15,"column":2},"end":{"line":15,"column":null}},"4":{"start":{"line":19,"column":2},"end":{"line":19,"column":null}},"5":{"start":{"line":23,"column":2},"end":{"line":23,"column":null}},"6":{"start":{"line":27,"column":2},"end":{"line":27,"column":null}},"7":{"start":{"line":31,"column":2},"end":{"line":31,"column":null}},"8":{"start":{"line":34,"column":2},"end":{"line":34,"column":null}}},"fnMap":{},"branchMap":{},"s":{"0":0,"1":0,"2":0,"3":0,"4":0,"5":0,"6":0,"7":0,"8":0},"f":{},"b":{}}
,"/Users/azni/Projects/dsai-capstone/nestjs-backend/src/auth/dto/update-me.dto.ts": {"path":"/Users/azni/Projects/dsai-capstone/nestjs-backend/src/auth/dto/update-me.dto.ts","statementMap":{"0":{"start":{"line":1,"column":0},"end":{"line":1,"column":64}},"1":{"start":{"line":6,"column":0},"end":{"line":6,"column":13}},"2":{"start":{"line":10,"column":2},"end":{"line":10,"column":null}},"3":{"start":{"line":15,"column":2},"end":{"line":15,"column":null}}},"fnMap":{},"branchMap":{},"s":{"0":0,"1":0,"2":0,"3":0},"f":{},"b":{}}
,"/Users/azni/Projects/dsai-capstone/nestjs-backend/src/auth/guards/jwt-auth.guard.ts": {"path":"/Users/azni/Projects/dsai-capstone/nestjs-backend/src/auth/guards/jwt-auth.guard.ts","statementMap":{"0":{"start":{"line":1,"column":0},"end":{"line":1,"column":null}},"1":{"start":{"line":6,"column":0},"end":{"line":6,"column":45}},"2":{"start":{"line":9,"column":7},"end":{"line":20,"column":null}},"3":{"start":{"line":11,"column":4},"end":{"line":11,"column":38}},"4":{"start":{"line":15,"column":4},"end":{"line":17,"column":5}},"5":{"start":{"line":16,"column":6},"end":{"line":16,"column":47}},"6":{"start":{"line":18,"column":4},"end":{"line":18,"column":16}},"7":{"start":{"line":9,"column":13},"end":{"line":9,"column":25}},"8":{"start":{"line":9,"column":13},"end":{"line":20,"column":null}}},"fnMap":{"0":{"name":"(anonymous_1)","decl":{"start":{"line":10,"column":2},"end":{"line":10,"column":13}},"loc":{"start":{"line":10,"column":39},"end":{"line":12,"column":3}}},"1":{"name":"(anonymous_2)","decl":{"start":{"line":14,"column":2},"end":{"line":14,"column":15}},"loc":{"start":{"line":14,"column":35},"end":{"line":19,"column":3}}}},"branchMap":{"0":{"loc":{"start":{"line":15,"column":4},"end":{"line":17,"column":5}},"type":"if","locations":[{"start":{"line":15,"column":4},"end":{"line":17,"column":5}},{"start":{},"end":{}}]},"1":{"loc":{"start":{"line":15,"column":8},"end":{"line":15,"column":20}},"type":"binary-expr","locations":[{"start":{"line":15,"column":8},"end":{"line":15,"column":11}},{"start":{"line":15,"column":15},"end":{"line":15,"column":20}}]},"2":{"loc":{"start":{"line":16,"column":12},"end":{"line":16,"column":46}},"type":"binary-expr","locations":[{"start":{"line":16,"column":12},"end":{"line":16,"column":15}},{"start":{"line":16,"column":19},"end":{"line":16,"column":46}}]}},"s":{"0":0,"1":0,"2":0,"3":0,"4":0,"5":0,"6":0,"7":0,"8":0},"f":{"0":0,"1":0},"b":{"0":[0,0],"1":[0,0],"2":[0,0]}}
,"/Users/azni/Projects/dsai-capstone/nestjs-backend/src/auth/guards/local-auth.guard.ts": {"path":"/Users/azni/Projects/dsai-capstone/nestjs-backend/src/auth/guards/local-auth.guard.ts","statementMap":{"0":{"start":{"line":1,"column":0},"end":{"line":1,"column":44}},"1":{"start":{"line":2,"column":0},"end":{"line":2,"column":45}},"2":{"start":{"line":5,"column":7},"end":{"line":5,"column":null}},"3":{"start":{"line":5,"column":13},"end":{"line":5,"column":27}},"4":{"start":{"line":5,"column":13},"end":{"line":5,"column":null}}},"fnMap":{},"branchMap":{},"s":{"0":0,"1":0,"2":0,"3":0,"4":0},"f":{},"b":{}}
,"/Users/azni/Projects/dsai-capstone/nestjs-backend/src/auth/guards/optional-jwt-auth.guard.ts": {"path":"/Users/azni/Projects/dsai-capstone/nestjs-backend/src/auth/guards/optional-jwt-auth.guard.ts","statementMap":{"0":{"start":{"line":1,"column":0},"end":{"line":1,"column":44}},"1":{"start":{"line":2,"column":0},"end":{"line":2,"column":45}},"2":{"start":{"line":5,"column":7},"end":{"line":10,"column":null}},"3":{"start":{"line":8,"column":4},"end":{"line":8,"column":24}},"4":{"start":{"line":5,"column":13},"end":{"line":5,"column":33}},"5":{"start":{"line":5,"column":13},"end":{"line":10,"column":null}}},"fnMap":{"0":{"name":"(anonymous_1)","decl":{"start":{"line":6,"column":2},"end":{"line":6,"column":15}},"loc":{"start":{"line":6,"column":35},"end":{"line":9,"column":3}}}},"branchMap":{"0":{"loc":{"start":{"line":8,"column":11},"end":{"line":8,"column":23}},"type":"binary-expr","locations":[{"start":{"line":8,"column":11},"end":{"line":8,"column":15}},{"start":{"line":8,"column":19},"end":{"line":8,"column":23}}]}},"s":{"0":0,"1":0,"2":0,"3":0,"4":0,"5":0},"f":{"0":0},"b":{"0":[0,0]}}
,"/Users/azni/Projects/dsai-capstone/nestjs-backend/src/auth/strategies/jwt.strategy.ts": {"path":"/Users/azni/Projects/dsai-capstone/nestjs-backend/src/auth/strategies/jwt.strategy.ts","statementMap":{"0":{"start":{"line":1,"column":0},"end":{"line":1,"column":52}},"1":{"start":{"line":2,"column":0},"end":{"line":2,"column":52}},"2":{"start":{"line":3,"column":0},"end":{"line":3,"column":67}},"3":{"start":{"line":4,"column":0},"end":{"line":4,"column":47}},"4":{"start":{"line":5,"column":0},"end":{"line":5,"column":57}},"5":{"start":{"line":8,"column":7},"end":{"line":31,"column":null}},"6":{"start":{"line":13,"column":4},"end":{"line":21,"column":7}},"7":{"start":{"line":17,"column":18},"end":{"line":17,"column":57}},"8":{"start":{"line":18,"column":8},"end":{"line":18,"column":79}},"9":{"start":{"line":18,"column":16},"end":{"line":18,"column":79}},"10":{"start":{"line":19,"column":8},"end":{"line":19,"column":17}},"11":{"start":{"line":10,"column":12},"end":{"line":10,"column":27}},"12":{"start":{"line":11,"column":12},"end":{"line":11,"column":26}},"13":{"start":{"line":25,"column":17},"end":{"line":25,"column":76}},"14":{"start":{"line":26,"column":4},"end":{"line":28,"column":5}},"15":{"start":{"line":27,"column":6},"end":{"line":27,"column":40}},"16":{"start":{"line":29,"column":4},"end":{"line":29,"column":16}},"17":{"start":{"line":8,"column":13},"end":{"line":8,"column":24}},"18":{"start":{"line":8,"column":13},"end":{"line":31,"column":null}}},"fnMap":{"0":{"name":"(anonymous_2)","decl":{"start":{"line":9,"column":2},"end":{"line":9,"column":null}},"loc":{"start":{"line":11,"column":38},"end":{"line":22,"column":3}}},"1":{"name":"(anonymous_3)","decl":{"start":{"line":16,"column":20},"end":{"line":16,"column":23}},"loc":{"start":{"line":16,"column":25},"end":{"line":20,"column":7}}},"2":{"name":"(anonymous_4)","decl":{"start":{"line":24,"column":2},"end":{"line":24,"column":7}},"loc":{"start":{"line":24,"column":29},"end":{"line":30,"column":3}}}},"branchMap":{"0":{"loc":{"start":{"line":18,"column":8},"end":{"line":18,"column":79}},"type":"if","locations":[{"start":{"line":18,"column":8},"end":{"line":18,"column":79}},{"start":{},"end":{}}]},"1":{"loc":{"start":{"line":26,"column":4},"end":{"line":28,"column":5}},"type":"if","locations":[{"start":{"line":26,"column":4},"end":{"line":28,"column":5}},{"start":{},"end":{}}]},"2":{"loc":{"start":{"line":26,"column":8},"end":{"line":26,"column":31}},"type":"binary-expr","locations":[{"start":{"line":26,"column":8},"end":{"line":26,"column":13}},{"start":{"line":26,"column":17},"end":{"line":26,"column":31}}]}},"s":{"0":0,"1":0,"2":0,"3":0,"4":0,"5":0,"6":0,"7":0,"8":0,"9":0,"10":0,"11":0,"12":0,"13":0,"14":0,"15":0,"16":0,"17":0,"18":0},"f":{"0":0,"1":0,"2":0},"b":{"0":[0,0],"1":[0,0],"2":[0,0]}}
,"/Users/azni/Projects/dsai-capstone/nestjs-backend/src/auth/strategies/local.strategy.ts": {"path":"/Users/azni/Projects/dsai-capstone/nestjs-backend/src/auth/strategies/local.strategy.ts","statementMap":{"0":{"start":{"line":1,"column":0},"end":{"line":1,"column":42}},"1":{"start":{"line":2,"column":0},"end":{"line":2,"column":52}},"2":{"start":{"line":3,"column":0},"end":{"line":3,"column":67}},"3":{"start":{"line":4,"column":0},"end":{"line":4,"column":46}},"4":{"start":{"line":7,"column":7},"end":{"line":19,"column":null}},"5":{"start":{"line":9,"column":4},"end":{"line":9,"column":41}},"6":{"start":{"line":8,"column":22},"end":{"line":8,"column":35}},"7":{"start":{"line":13,"column":17},"end":{"line":13,"column":72}},"8":{"start":{"line":14,"column":4},"end":{"line":16,"column":5}},"9":{"start":{"line":15,"column":6},"end":{"line":15,"column":61}},"10":{"start":{"line":17,"column":4},"end":{"line":17,"column":16}},"11":{"start":{"line":7,"column":13},"end":{"line":7,"column":26}},"12":{"start":{"line":7,"column":13},"end":{"line":19,"column":null}}},"fnMap":{"0":{"name":"(anonymous_2)","decl":{"start":{"line":8,"column":2},"end":{"line":8,"column":22}},"loc":{"start":{"line":8,"column":46},"end":{"line":10,"column":3}}},"1":{"name":"(anonymous_3)","decl":{"start":{"line":12,"column":2},"end":{"line":12,"column":7}},"loc":{"start":{"line":12,"column":51},"end":{"line":18,"column":3}}}},"branchMap":{"0":{"loc":{"start":{"line":14,"column":4},"end":{"line":16,"column":5}},"type":"if","locations":[{"start":{"line":14,"column":4},"end":{"line":16,"column":5}},{"start":{},"end":{}}]}},"s":{"0":0,"1":0,"2":0,"3":0,"4":0,"5":0,"6":0,"7":0,"8":0,"9":0,"10":0,"11":0,"12":0},"f":{"0":0,"1":0},"b":{"0":[0,0]}}
,"/Users/azni/Projects/dsai-capstone/nestjs-backend/src/common/common.module.ts": {"path":"/Users/azni/Projects/dsai-capstone/nestjs-backend/src/common/common.module.ts","statementMap":{"0":{"start":{"line":1,"column":0},"end":{"line":1,"column":48}},"1":{"start":{"line":2,"column":0},"end":{"line":2,"column":46}},"2":{"start":{"line":3,"column":0},"end":{"line":3,"column":51}},"3":{"start":{"line":16,"column":7},"end":{"line":16,"column":null}},"4":{"start":{"line":16,"column":13},"end":{"line":16,"column":25}},"5":{"start":{"line":16,"column":13},"end":{"line":16,"column":null}}},"fnMap":{},"branchMap":{},"s":{"0":0,"1":0,"2":0,"3":0,"4":0,"5":0},"f":{},"b":{}}
,"/Users/azni/Projects/dsai-capstone/nestjs-backend/src/common/config/env.validation.ts": {"path":"/Users/azni/Projects/dsai-capstone/nestjs-backend/src/common/config/env.validation.ts","statementMap":{"0":{"start":{"line":130,"column":0},"end":{"line":130,"column":16}},"1":{"start":{"line":1,"column":0},"end":{"line":1,"column":52}},"2":{"start":{"line":2,"column":0},"end":{"line":2,"column":null}},"3":{"start":{"line":10,"column":0},"end":{"line":10,"column":null}},"4":{"start":{"line":11,"column":2},"end":{"line":11,"column":null}},"5":{"start":{"line":12,"column":2},"end":{"line":12,"column":null}},"6":{"start":{"line":13,"column":2},"end":{"line":13,"column":null}},"7":{"start":{"line":19,"column":36},"end":{"line":19,"column":59}},"8":{"start":{"line":23,"column":27},"end":{"line":23,"column":31}},"9":{"start":{"line":16,"column":0},"end":{"line":16,"column":13}},"10":{"start":{"line":19,"column":11},"end":{"line":19,"column":null}},"11":{"start":{"line":23,"column":11},"end":{"line":23,"column":null}},"12":{"start":{"line":27,"column":11},"end":{"line":27,"column":null}},"13":{"start":{"line":31,"column":11},"end":{"line":31,"column":null}},"14":{"start":{"line":36,"column":11},"end":{"line":36,"column":null}},"15":{"start":{"line":40,"column":11},"end":{"line":40,"column":null}},"16":{"start":{"line":44,"column":11},"end":{"line":44,"column":null}},"17":{"start":{"line":48,"column":11},"end":{"line":48,"column":null}},"18":{"start":{"line":52,"column":11},"end":{"line":52,"column":null}},"19":{"start":{"line":57,"column":11},"end":{"line":57,"column":null}},"20":{"start":{"line":61,"column":11},"end":{"line":61,"column":null}},"21":{"start":{"line":65,"column":11},"end":{"line":65,"column":null}},"22":{"start":{"line":70,"column":11},"end":{"line":70,"column":null}},"23":{"start":{"line":74,"column":11},"end":{"line":74,"column":null}},"24":{"start":{"line":78,"column":11},"end":{"line":78,"column":null}},"25":{"start":{"line":82,"column":11},"end":{"line":82,"column":null}},"26":{"start":{"line":87,"column":11},"end":{"line":87,"column":null}},"27":{"start":{"line":91,"column":11},"end":{"line":91,"column":null}},"28":{"start":{"line":96,"column":11},"end":{"line":96,"column":null}},"29":{"start":{"line":100,"column":11},"end":{"line":100,"column":null}},"30":{"start":{"line":105,"column":11},"end":{"line":105,"column":null}},"31":{"start":{"line":111,"column":11},"end":{"line":111,"column":null}},"32":{"start":{"line":119,"column":11},"end":{"line":119,"column":null}},"33":{"start":{"line":123,"column":11},"end":{"line":123,"column":null}},"34":{"start":{"line":127,"column":11},"end":{"line":127,"column":null}},"35":{"start":{"line":131,"column":26},"end":{"line":133,"column":4}},"36":{"start":{"line":135,"column":17},"end":{"line":137,"column":4}},"37":{"start":{"line":139,"column":2},"end":{"line":141,"column":3}},"38":{"start":{"line":140,"column":4},"end":{"line":140,"column":39}},"39":{"start":{"line":143,"column":2},"end":{"line":143,"column":25}}},"fnMap":{"0":{"name":"(anonymous_2)","decl":{"start":{"line":10,"column":0},"end":{"line":10,"column":12}},"loc":{"start":{"line":10,"column":23},"end":{"line":14,"column":1}}},"1":{"name":"validate","decl":{"start":{"line":130,"column":16},"end":{"line":130,"column":24}},"loc":{"start":{"line":130,"column":56},"end":{"line":144,"column":1}}}},"branchMap":{"0":{"loc":{"start":{"line":10,"column":12},"end":{"line":10,"column":null}},"type":"binary-expr","locations":[{"start":{"line":10,"column":12},"end":{"line":10,"column":23}},{"start":{"line":10,"column":23},"end":{"line":10,"column":null}}]},"1":{"loc":{"start":{"line":139,"column":2},"end":{"line":141,"column":3}},"type":"if","locations":[{"start":{"line":139,"column":2},"end":{"line":141,"column":3}},{"start":{},"end":{}}]}},"s":{"0":0,"1":0,"2":0,"3":0,"4":0,"5":0,"6":0,"7":0,"8":0,"9":0,"10":0,"11":0,"12":0,"13":0,"14":0,"15":0,"16":0,"17":0,"18":0,"19":0,"20":0,"21":0,"22":0,"23":0,"24":0,"25":0,"26":0,"27":0,"28":0,"29":0,"30":0,"31":0,"32":0,"33":0,"34":0,"35":0,"36":0,"37":0,"38":0,"39":0},"f":{"0":0,"1":0},"b":{"0":[0,0],"1":[0,0]}}
,"/Users/azni/Projects/dsai-capstone/nestjs-backend/src/common/enums/role.enum.ts": {"path":"/Users/azni/Projects/dsai-capstone/nestjs-backend/src/common/enums/role.enum.ts","statementMap":{"0":{"start":{"line":1,"column":0},"end":{"line":1,"column":null}},"1":{"start":{"line":2,"column":2},"end":{"line":2,"column":null}},"2":{"start":{"line":3,"column":2},"end":{"line":3,"column":null}},"3":{"start":{"line":4,"column":2},"end":{"line":4,"column":null}}},"fnMap":{"0":{"name":"(anonymous_0)","decl":{"start":{"line":1,"column":0},"end":{"line":1,"column":12}},"loc":{"start":{"line":1,"column":16},"end":{"line":5,"column":1}}}},"branchMap":{"0":{"loc":{"start":{"line":1,"column":12},"end":{"line":1,"column":null}},"type":"binary-expr","locations":[{"start":{"line":1,"column":12},"end":{"line":1,"column":16}},{"start":{"line":1,"column":16},"end":{"line":1,"column":null}}]}},"s":{"0":3,"1":3,"2":3,"3":3},"f":{"0":3},"b":{"0":[3,3]}}
,"/Users/azni/Projects/dsai-capstone/nestjs-backend/src/common/filters/all-exceptions.filter.ts": {"path":"/Users/azni/Projects/dsai-capstone/nestjs-backend/src/common/filters/all-exceptions.filter.ts","statementMap":{"0":{"start":{"line":1,"column":0},"end":{"line":1,"column":null}},"1":{"start":{"line":12,"column":32},"end":{"line":53,"column":null}},"2":{"start":{"line":13,"column":28},"end":{"line":13,"column":64}},"3":{"start":{"line":16,"column":16},"end":{"line":16,"column":35}},"4":{"start":{"line":17,"column":21},"end":{"line":17,"column":48}},"5":{"start":{"line":18,"column":20},"end":{"line":18,"column":45}},"6":{"start":{"line":20,"column":17},"end":{"line":20,"column":49}},"7":{"start":{"line":21,"column":18},"end":{"line":21,"column":41}},"8":{"start":{"line":22,"column":26},"end":{"line":22,"column":30}},"9":{"start":{"line":24,"column":4},"end":{"line":37,"column":5}},"10":{"start":{"line":25,"column":6},"end":{"line":25,"column":37}},"11":{"start":{"line":26,"column":18},"end":{"line":26,"column":41}},"12":{"start":{"line":28,"column":6},"end":{"line":34,"column":7}},"13":{"start":{"line":29,"column":8},"end":{"line":29,"column":22}},"14":{"start":{"line":30,"column":8},"end":{"line":30,"column":21}},"15":{"start":{"line":31,"column":13},"end":{"line":34,"column":7}},"16":{"start":{"line":32,"column":8},"end":{"line":32,"column":50}},"17":{"start":{"line":33,"column":8},"end":{"line":33,"column":43}},"18":{"start":{"line":35,"column":11},"end":{"line":37,"column":5}},"19":{"start":{"line":36,"column":6},"end":{"line":36,"column":34}},"20":{"start":{"line":39,"column":4},"end":{"line":42,"column":6}},"21":{"start":{"line":45,"column":4},"end":{"line":51,"column":7}},"22":{"start":{"line":12,"column":13},"end":{"line":12,"column":32}},"23":{"start":{"line":12,"column":13},"end":{"line":53,"column":null}}},"fnMap":{"0":{"name":"(anonymous_1)","decl":{"start":{"line":15,"column":2},"end":{"line":15,"column":7}},"loc":{"start":{"line":15,"column":47},"end":{"line":52,"column":3}}}},"branchMap":{"0":{"loc":{"start":{"line":24,"column":4},"end":{"line":37,"column":5}},"type":"if","locations":[{"start":{"line":24,"column":4},"end":{"line":37,"column":5}},{"start":{"line":35,"column":11},"end":{"line":37,"column":5}}]},"1":{"loc":{"start":{"line":28,"column":6},"end":{"line":34,"column":7}},"type":"if","locations":[{"start":{"line":28,"column":6},"end":{"line":34,"column":7}},{"start":{"line":31,"column":13},"end":{"line":34,"column":7}}]},"2":{"loc":{"start":{"line":31,"column":13},"end":{"line":34,"column":7}},"type":"if","locations":[{"start":{"line":31,"column":13},"end":{"line":34,"column":7}},{"start":{},"end":{}}]},"3":{"loc":{"start":{"line":31,"column":17},"end":{"line":31,"column":56}},"type":"binary-expr","locations":[{"start":{"line":31,"column":17},"end":{"line":31,"column":40}},{"start":{"line":31,"column":44},"end":{"line":31,"column":56}}]},"4":{"loc":{"start":{"line":32,"column":19},"end":{"line":32,"column":49}},"type":"binary-expr","locations":[{"start":{"line":32,"column":19},"end":{"line":32,"column":38}},{"start":{"line":32,"column":42},"end":{"line":32,"column":49}}]},"5":{"loc":{"start":{"line":33,"column":18},"end":{"line":33,"column":42}},"type":"binary-expr","locations":[{"start":{"line":33,"column":18},"end":{"line":33,"column":35}},{"start":{"line":33,"column":39},"end":{"line":33,"column":42}}]},"6":{"loc":{"start":{"line":35,"column":11},"end":{"line":37,"column":5}},"type":"if","locations":[{"start":{"line":35,"column":11},"end":{"line":37,"column":5}},{"start":{},"end":{}}]},"7":{"loc":{"start":{"line":41,"column":6},"end":{"line":41,"column":55}},"type":"cond-expr","locations":[{"start":{"line":41,"column":35},"end":{"line":41,"column":50}},{"start":{"line":41,"column":53},"end":{"line":41,"column":55}}]}},"s":{"0":0,"1":0,"2":0,"3":0,"4":0,"5":0,"6":0,"7":0,"8":0,"9":0,"10":0,"11":0,"12":0,"13":0,"14":0,"15":0,"16":0,"17":0,"18":0,"19":0,"20":0,"21":0,"22":0,"23":0},"f":{"0":0},"b":{"0":[0,0],"1":[0,0],"2":[0,0],"3":[0,0],"4":[0,0],"5":[0,0],"6":[0,0],"7":[0,0]}}
,"/Users/azni/Projects/dsai-capstone/nestjs-backend/src/common/guards/internal-token.guard.ts": {"path":"/Users/azni/Projects/dsai-capstone/nestjs-backend/src/common/guards/internal-token.guard.ts","statementMap":{"0":{"start":{"line":1,"column":0},"end":{"line":1,"column":null}},"1":{"start":{"line":7,"column":0},"end":{"line":7,"column":47}},"2":{"start":{"line":23,"column":7},"end":{"line":46,"column":null}},"3":{"start":{"line":24,"column":31},"end":{"line":24,"column":39}},"4":{"start":{"line":34,"column":20},"end":{"line":34,"column":76}},"5":{"start":{"line":35,"column":38},"end":{"line":35,"column":75}},"6":{"start":{"line":36,"column":21},"end":{"line":36,"column":73}},"7":{"start":{"line":38,"column":4},"end":{"line":42,"column":5}},"8":{"start":{"line":39,"column":6},"end":{"line":41,"column":8}},"9":{"start":{"line":44,"column":4},"end":{"line":44,"column":16}},"10":{"start":{"line":23,"column":13},"end":{"line":23,"column":31}},"11":{"start":{"line":23,"column":13},"end":{"line":46,"column":null}}},"fnMap":{"0":{"name":"(anonymous_2)","decl":{"start":{"line":24,"column":2},"end":{"line":24,"column":31}},"loc":{"start":{"line":24,"column":52},"end":{"line":24,"column":56}}},"1":{"name":"(anonymous_3)","decl":{"start":{"line":33,"column":2},"end":{"line":33,"column":13}},"loc":{"start":{"line":33,"column":39},"end":{"line":45,"column":3}}}},"branchMap":{"0":{"loc":{"start":{"line":38,"column":4},"end":{"line":42,"column":5}},"type":"if","locations":[{"start":{"line":38,"column":4},"end":{"line":42,"column":5}},{"start":{},"end":{}}]},"1":{"loc":{"start":{"line":38,"column":8},"end":{"line":38,"column":49}},"type":"binary-expr","locations":[{"start":{"line":38,"column":8},"end":{"line":38,"column":17}},{"start":{"line":38,"column":21},"end":{"line":38,"column":27}},{"start":{"line":38,"column":31},"end":{"line":38,"column":49}}]}},"s":{"0":0,"1":0,"2":0,"3":0,"4":0,"5":0,"6":0,"7":0,"8":0,"9":0,"10":0,"11":0},"f":{"0":0,"1":0},"b":{"0":[0,0],"1":[0,0,0]}}
,"/Users/azni/Projects/dsai-capstone/nestjs-backend/src/common/interceptors/transform.interceptor.ts": {"path":"/Users/azni/Projects/dsai-capstone/nestjs-backend/src/common/interceptors/transform.interceptor.ts","statementMap":{"0":{"start":{"line":1,"column":0},"end":{"line":1,"column":null}},"1":{"start":{"line":8,"column":0},"end":{"line":8,"column":37}},"2":{"start":{"line":15,"column":7},"end":{"line":33,"column":null}},"3":{"start":{"line":23,"column":4},"end":{"line":31,"column":6}},"4":{"start":{"line":29,"column":8},"end":{"line":29,"column":28}},"5":{"start":{"line":15,"column":13},"end":{"line":15,"column":33}},"6":{"start":{"line":15,"column":13},"end":{"line":33,"column":null}}},"fnMap":{"0":{"name":"(anonymous_1)","decl":{"start":{"line":19,"column":2},"end":{"line":19,"column":11}},"loc":{"start":{"line":21,"column":21},"end":{"line":32,"column":3}}},"1":{"name":"(anonymous_2)","decl":{"start":{"line":24,"column":10},"end":{"line":24,"column":11}},"loc":{"start":{"line":24,"column":27},"end":{"line":30,"column":7}}}},"branchMap":{},"s":{"0":0,"1":0,"2":0,"3":0,"4":0,"5":0,"6":0},"f":{"0":0,"1":0},"b":{}}
,"/Users/azni/Projects/dsai-capstone/nestjs-backend/src/common/types/vector.type.ts": {"path":"/Users/azni/Projects/dsai-capstone/nestjs-backend/src/common/types/vector.type.ts","statementMap":{"0":{"start":{"line":10,"column":0},"end":{"line":10,"column":39}},"1":{"start":{"line":19,"column":4},"end":{"line":19,"column":59}},"2":{"start":{"line":19,"column":47},"end":{"line":19,"column":59}},"3":{"start":{"line":20,"column":4},"end":{"line":20,"column":48}},"4":{"start":{"line":20,"column":35},"end":{"line":20,"column":48}},"5":{"start":{"line":21,"column":4},"end":{"line":21,"column":34}},"6":{"start":{"line":29,"column":4},"end":{"line":29,"column":57}},"7":{"start":{"line":29,"column":47},"end":{"line":29,"column":57}},"8":{"start":{"line":30,"column":4},"end":{"line":30,"column":43}},"9":{"start":{"line":30,"column":30},"end":{"line":30,"column":43}},"10":{"start":{"line":31,"column":17},"end":{"line":31,"column":40}},"11":{"start":{"line":32,"column":4},"end":{"line":32,"column":40}},"12":{"start":{"line":32,"column":30},"end":{"line":32,"column":40}},"13":{"start":{"line":34,"column":18},"end":{"line":34,"column":62}},"14":{"start":{"line":35,"column":4},"end":{"line":35,"column":40}},"15":{"start":{"line":40,"column":4},"end":{"line":40,"column":43}},"16":{"start":{"line":44,"column":4},"end":{"line":44,"column":17}},"17":{"start":{"line":12,"column":0},"end":{"line":12,"column":13}}},"fnMap":{"0":{"name":"(anonymous_0)","decl":{"start":{"line":18,"column":2},"end":{"line":18,"column":24}},"loc":{"start":{"line":18,"column":56},"end":{"line":22,"column":3}}},"1":{"name":"(anonymous_1)","decl":{"start":{"line":28,"column":2},"end":{"line":28,"column":18}},"loc":{"start":{"line":28,"column":50},"end":{"line":36,"column":3}}},"2":{"name":"(anonymous_2)","decl":{"start":{"line":39,"column":2},"end":{"line":39,"column":15}},"loc":{"start":{"line":39,"column":57},"end":{"line":41,"column":3}}},"3":{"name":"(anonymous_3)","decl":{"start":{"line":43,"column":2},"end":{"line":43,"column":8}},"loc":{"start":{"line":43,"column":24},"end":{"line":45,"column":3}}}},"branchMap":{"0":{"loc":{"start":{"line":19,"column":4},"end":{"line":19,"column":59}},"type":"if","locations":[{"start":{"line":19,"column":4},"end":{"line":19,"column":59}},{"start":{},"end":{}}]},"1":{"loc":{"start":{"line":19,"column":8},"end":{"line":19,"column":45}},"type":"binary-expr","locations":[{"start":{"line":19,"column":8},"end":{"line":19,"column":22}},{"start":{"line":19,"column":26},"end":{"line":19,"column":45}}]},"2":{"loc":{"start":{"line":20,"column":4},"end":{"line":20,"column":48}},"type":"if","locations":[{"start":{"line":20,"column":4},"end":{"line":20,"column":48}},{"start":{},"end":{}}]},"3":{"loc":{"start":{"line":29,"column":4},"end":{"line":29,"column":57}},"type":"if","locations":[{"start":{"line":29,"column":4},"end":{"line":29,"column":57}},{"start":{},"end":{}}]},"4":{"loc":{"start":{"line":29,"column":8},"end":{"line":29,"column":45}},"type":"binary-expr","locations":[{"start":{"line":29,"column":8},"end":{"line":29,"column":22}},{"start":{"line":29,"column":26},"end":{"line":29,"column":45}}]},"5":{"loc":{"start":{"line":30,"column":4},"end":{"line":30,"column":43}},"type":"if","locations":[{"start":{"line":30,"column":4},"end":{"line":30,"column":43}},{"start":{},"end":{}}]},"6":{"loc":{"start":{"line":32,"column":4},"end":{"line":32,"column":40}},"type":"if","locations":[{"start":{"line":32,"column":4},"end":{"line":32,"column":40}},{"start":{},"end":{}}]},"7":{"loc":{"start":{"line":32,"column":8},"end":{"line":32,"column":28}},"type":"binary-expr","locations":[{"start":{"line":32,"column":8},"end":{"line":32,"column":12}},{"start":{"line":32,"column":16},"end":{"line":32,"column":28}}]},"8":{"loc":{"start":{"line":34,"column":18},"end":{"line":34,"column":62}},"type":"cond-expr","locations":[{"start":{"line":34,"column":40},"end":{"line":34,"column":56}},{"start":{"line":34,"column":59},"end":{"line":34,"column":62}}]},"9":{"loc":{"start":{"line":40,"column":21},"end":{"line":40,"column":39}},"type":"binary-expr","locations":[{"start":{"line":40,"column":21},"end":{"line":40,"column":32}},{"start":{"line":40,"column":36},"end":{"line":40,"column":39}}]}},"s":{"0":1,"1":0,"2":0,"3":0,"4":0,"5":0,"6":0,"7":0,"8":0,"9":0,"10":0,"11":0,"12":0,"13":0,"14":0,"15":0,"16":0,"17":1},"f":{"0":0,"1":0,"2":0,"3":0},"b":{"0":[0,0],"1":[0,0],"2":[0,0],"3":[0,0],"4":[0,0],"5":[0,0],"6":[0,0],"7":[0,0],"8":[0,0],"9":[0,0]}}
,"/Users/azni/Projects/dsai-capstone/nestjs-backend/src/common/utils/metrics.util.ts": {"path":"/Users/azni/Projects/dsai-capstone/nestjs-backend/src/common/utils/metrics.util.ts","statementMap":{"0":{"start":{"line":42,"column":0},"end":{"line":42,"column":16}},"1":{"start":{"line":47,"column":41},"end":{"line":63,"column":4}},"2":{"start":{"line":54,"column":61},"end":{"line":57,"column":12}},"3":{"start":{"line":62,"column":59},"end":{"line":62,"column":72}},"4":{"start":{"line":65,"column":2},"end":{"line":65,"column":53}}},"fnMap":{"0":{"name":"emitEMF","decl":{"start":{"line":42,"column":16},"end":{"line":42,"column":23}},"loc":{"start":{"line":45,"column":22},"end":{"line":66,"column":1}}},"1":{"name":"(anonymous_1)","decl":{"start":{"line":54,"column":31},"end":{"line":54,"column":32}},"loc":{"start":{"line":54,"column":61},"end":{"line":57,"column":12}}},"2":{"name":"(anonymous_2)","decl":{"start":{"line":62,"column":38},"end":{"line":62,"column":39}},"loc":{"start":{"line":62,"column":59},"end":{"line":62,"column":72}}}},"branchMap":{"0":{"loc":{"start":{"line":54,"column":40},"end":{"line":54,"column":53}},"type":"default-arg","locations":[{"start":{"line":54,"column":47},"end":{"line":54,"column":53}}]}},"s":{"0":1,"1":13,"2":52,"3":52,"4":13},"f":{"0":13,"1":52,"2":52},"b":{"0":[0]}}
,"/Users/azni/Projects/dsai-capstone/nestjs-backend/src/common/utils/resume-parser.util.ts": {"path":"/Users/azni/Projects/dsai-capstone/nestjs-backend/src/common/utils/resume-parser.util.ts","statementMap":{"0":{"start":{"line":1,"column":0},"end":{"line":1,"column":28}},"1":{"start":{"line":2,"column":0},"end":{"line":2,"column":35}},"2":{"start":{"line":12,"column":4},"end":{"line":15,"column":5}},"3":{"start":{"line":13,"column":19},"end":{"line":13,"column":36}},"4":{"start":{"line":14,"column":6},"end":{"line":14,"column":23}},"5":{"start":{"line":17,"column":4},"end":{"line":23,"column":5}},"6":{"start":{"line":21,"column":21},"end":{"line":21,"column":61}},"7":{"start":{"line":22,"column":6},"end":{"line":22,"column":26}},"8":{"start":{"line":25,"column":4},"end":{"line":27,"column":5}},"9":{"start":{"line":26,"column":6},"end":{"line":26,"column":37}},"10":{"start":{"line":29,"column":4},"end":{"line":29,"column":58}},"11":{"start":{"line":37,"column":25},"end":{"line":56,"column":6}},"12":{"start":{"line":58,"column":20},"end":{"line":58,"column":37}},"13":{"start":{"line":59,"column":22},"end":{"line":59,"column":40}},"14":{"start":{"line":61,"column":4},"end":{"line":65,"column":7}},"15":{"start":{"line":62,"column":6},"end":{"line":64,"column":7}},"16":{"start":{"line":63,"column":8},"end":{"line":63,"column":27}},"17":{"start":{"line":67,"column":4},"end":{"line":67,"column":31}},"18":{"start":{"line":7,"column":0},"end":{"line":7,"column":13}}},"fnMap":{"0":{"name":"(anonymous_10)","decl":{"start":{"line":11,"column":2},"end":{"line":11,"column":8}},"loc":{"start":{"line":11,"column":59},"end":{"line":30,"column":3}}},"1":{"name":"(anonymous_11)","decl":{"start":{"line":36,"column":2},"end":{"line":36,"column":8}},"loc":{"start":{"line":36,"column":35},"end":{"line":68,"column":3}}},"2":{"name":"(anonymous_12)","decl":{"start":{"line":61,"column":25},"end":{"line":61,"column":26}},"loc":{"start":{"line":61,"column":35},"end":{"line":65,"column":5}}}},"branchMap":{"0":{"loc":{"start":{"line":12,"column":4},"end":{"line":15,"column":5}},"type":"if","locations":[{"start":{"line":12,"column":4},"end":{"line":15,"column":5}},{"start":{},"end":{}}]},"1":{"loc":{"start":{"line":17,"column":4},"end":{"line":23,"column":5}},"type":"if","locations":[{"start":{"line":17,"column":4},"end":{"line":23,"column":5}},{"start":{},"end":{}}]},"2":{"loc":{"start":{"line":25,"column":4},"end":{"line":27,"column":5}},"type":"if","locations":[{"start":{"line":25,"column":4},"end":{"line":27,"column":5}},{"start":{},"end":{}}]},"3":{"loc":{"start":{"line":62,"column":6},"end":{"line":64,"column":7}},"type":"if","locations":[{"start":{"line":62,"column":6},"end":{"line":64,"column":7}},{"start":{},"end":{}}]}},"s":{"0":1,"1":1,"2":0,"3":0,"4":0,"5":0,"6":0,"7":0,"8":0,"9":0,"10":0,"11":1,"12":1,"13":1,"14":1,"15":18,"16":1,"17":1,"18":1},"f":{"0":0,"1":1,"2":18},"b":{"0":[0,0],"1":[0,0],"2":[0,0],"3":[1,17]}}
,"/Users/azni/Projects/dsai-capstone/nestjs-backend/src/courses/courses.controller.ts": {"path":"/Users/azni/Projects/dsai-capstone/nestjs-backend/src/courses/courses.controller.ts","statementMap":{"0":{"start":{"line":1,"column":0},"end":{"line":1,"column":null}},"1":{"start":{"line":9,"column":0},"end":{"line":9,"column":61}},"2":{"start":{"line":10,"column":0},"end":{"line":10,"column":51}},"3":{"start":{"line":12,"column":0},"end":{"line":12,"column":61}},"4":{"start":{"line":16,"column":7},"end":{"line":45,"column":null}},"5":{"start":{"line":17,"column":31},"end":{"line":17,"column":47}},"6":{"start":{"line":28,"column":4},"end":{"line":28,"column":59}},"7":{"start":{"line":43,"column":4},"end":{"line":43,"column":77}},"8":{"start":{"line":16,"column":13},"end":{"line":16,"column":30}},"9":{"start":{"line":27,"column":8},"end":{"line":29,"column":null}},"10":{"start":{"line":39,"column":8},"end":{"line":44,"column":null}},"11":{"start":{"line":16,"column":13},"end":{"line":45,"column":null}}},"fnMap":{"0":{"name":"(anonymous_4)","decl":{"start":{"line":17,"column":2},"end":{"line":17,"column":31}},"loc":{"start":{"line":17,"column":61},"end":{"line":17,"column":65}}},"1":{"name":"(anonymous_5)","decl":{"start":{"line":27,"column":8},"end":{"line":27,"column":15}},"loc":{"start":{"line":27,"column":52},"end":{"line":29,"column":3}}},"2":{"name":"(anonymous_6)","decl":{"start":{"line":39,"column":8},"end":{"line":39,"column":24}},"loc":{"start":{"line":41,"column":38},"end":{"line":44,"column":3}}}},"branchMap":{},"s":{"0":0,"1":0,"2":0,"3":0,"4":0,"5":0,"6":0,"7":0,"8":0,"9":0,"10":0,"11":0},"f":{"0":0,"1":0,"2":0},"b":{}}
,"/Users/azni/Projects/dsai-capstone/nestjs-backend/src/courses/courses.module.ts": {"path":"/Users/azni/Projects/dsai-capstone/nestjs-backend/src/courses/courses.module.ts","statementMap":{"0":{"start":{"line":1,"column":0},"end":{"line":1,"column":40}},"1":{"start":{"line":2,"column":0},"end":{"line":2,"column":51}},"2":{"start":{"line":3,"column":0},"end":{"line":3,"column":62}},"3":{"start":{"line":4,"column":0},"end":{"line":4,"column":64}},"4":{"start":{"line":5,"column":0},"end":{"line":5,"column":57}},"5":{"start":{"line":6,"column":0},"end":{"line":6,"column":51}},"6":{"start":{"line":14,"column":7},"end":{"line":14,"column":null}},"7":{"start":{"line":14,"column":13},"end":{"line":14,"column":26}},"8":{"start":{"line":14,"column":13},"end":{"line":14,"column":null}}},"fnMap":{},"branchMap":{},"s":{"0":0,"1":0,"2":0,"3":0,"4":0,"5":0,"6":0,"7":0,"8":0},"f":{},"b":{}}
,"/Users/azni/Projects/dsai-capstone/nestjs-backend/src/courses/courses.service.ts": {"path":"/Users/azni/Projects/dsai-capstone/nestjs-backend/src/courses/courses.service.ts","statementMap":{"0":{"start":{"line":1,"column":0},"end":{"line":1,"column":63}},"1":{"start":{"line":2,"column":0},"end":{"line":2,"column":53}},"2":{"start":{"line":3,"column":0},"end":{"line":3,"column":57}},"3":{"start":{"line":4,"column":0},"end":{"line":4,"column":62}},"4":{"start":{"line":7,"column":7},"end":{"line":38,"column":null}},"5":{"start":{"line":10,"column":21},"end":{"line":10,"column":39}},"6":{"start":{"line":14,"column":4},"end":{"line":14,"column":60}},"7":{"start":{"line":18,"column":19},"end":{"line":21,"column":6}},"8":{"start":{"line":22,"column":4},"end":{"line":22,"column":65}},"9":{"start":{"line":22,"column":17},"end":{"line":22,"column":65}},"10":{"start":{"line":24,"column":22},"end":{"line":24,"column":38}},"11":{"start":{"line":25,"column":23},"end":{"line":25,"column":26}},"12":{"start":{"line":26,"column":26},"end":{"line":26,"column":48}},"13":{"start":{"line":27,"column":24},"end":{"line":27,"column":49}},"14":{"start":{"line":29,"column":4},"end":{"line":36,"column":6}},"15":{"start":{"line":7,"column":13},"end":{"line":7,"column":27}},"16":{"start":{"line":7,"column":13},"end":{"line":38,"column":null}}},"fnMap":{"0":{"name":"(anonymous_4)","decl":{"start":{"line":8,"column":2},"end":{"line":8,"column":null}},"loc":{"start":{"line":10,"column":67},"end":{"line":11,"column":6}}},"1":{"name":"(anonymous_5)","decl":{"start":{"line":13,"column":2},"end":{"line":13,"column":7}},"loc":{"start":{"line":13,"column":32},"end":{"line":15,"column":3}}},"2":{"name":"(anonymous_6)","decl":{"start":{"line":17,"column":2},"end":{"line":17,"column":7}},"loc":{"start":{"line":17,"column":55},"end":{"line":37,"column":3}}}},"branchMap":{"0":{"loc":{"start":{"line":22,"column":4},"end":{"line":22,"column":65}},"type":"if","locations":[{"start":{"line":22,"column":4},"end":{"line":22,"column":65}},{"start":{},"end":{}}]}},"s":{"0":0,"1":0,"2":0,"3":0,"4":0,"5":0,"6":0,"7":0,"8":0,"9":0,"10":0,"11":0,"12":0,"13":0,"14":0,"15":0,"16":0},"f":{"0":0,"1":0,"2":0},"b":{"0":[0,0]}}
,"/Users/azni/Projects/dsai-capstone/nestjs-backend/src/domain/domain.controller.ts": {"path":"/Users/azni/Projects/dsai-capstone/nestjs-backend/src/domain/domain.controller.ts","statementMap":{"0":{"start":{"line":1,"column":0},"end":{"line":1,"column":null}},"1":{"start":{"line":10,"column":0},"end":{"line":10,"column":49}},"2":{"start":{"line":11,"column":0},"end":{"line":11,"column":69}},"3":{"start":{"line":12,"column":0},"end":{"line":12,"column":61}},"4":{"start":{"line":13,"column":0},"end":{"line":13,"column":78}},"5":{"start":{"line":20,"column":7},"end":{"line":93,"column":null}},"6":{"start":{"line":21,"column":31},"end":{"line":21,"column":46}},"7":{"start":{"line":29,"column":4},"end":{"line":29,"column":46}},"8":{"start":{"line":45,"column":21},"end":{"line":45,"column":54}},"9":{"start":{"line":46,"column":4},"end":{"line":46,"column":58}},"10":{"start":{"line":62,"column":21},"end":{"line":62,"column":54}},"11":{"start":{"line":63,"column":4},"end":{"line":63,"column":72}},"12":{"start":{"line":75,"column":21},"end":{"line":75,"column":54}},"13":{"start":{"line":76,"column":4},"end":{"line":76,"column":58}},"14":{"start":{"line":88,"column":4},"end":{"line":91,"column":6}},"15":{"start":{"line":20,"column":13},"end":{"line":20,"column":29}},"16":{"start":{"line":28,"column":2},"end":{"line":30,"column":null}},"17":{"start":{"line":41,"column":2},"end":{"line":47,"column":null}},"18":{"start":{"line":58,"column":2},"end":{"line":64,"column":null}},"19":{"start":{"line":74,"column":2},"end":{"line":77,"column":null}},"20":{"start":{"line":87,"column":2},"end":{"line":92,"column":null}},"21":{"start":{"line":20,"column":13},"end":{"line":93,"column":null}}},"fnMap":{"0":{"name":"(anonymous_4)","decl":{"start":{"line":21,"column":2},"end":{"line":21,"column":31}},"loc":{"start":{"line":21,"column":59},"end":{"line":21,"column":63}}},"1":{"name":"(anonymous_5)","decl":{"start":{"line":28,"column":2},"end":{"line":28,"column":11}},"loc":{"start":{"line":28,"column":11},"end":{"line":30,"column":3}}},"2":{"name":"(anonymous_6)","decl":{"start":{"line":41,"column":2},"end":{"line":41,"column":12}},"loc":{"start":{"line":43,"column":34},"end":{"line":47,"column":3}}},"3":{"name":"(anonymous_7)","decl":{"start":{"line":58,"column":2},"end":{"line":58,"column":18}},"loc":{"start":{"line":60,"column":38},"end":{"line":64,"column":3}}},"4":{"name":"(anonymous_8)","decl":{"start":{"line":74,"column":2},"end":{"line":74,"column":19}},"loc":{"start":{"line":74,"column":64},"end":{"line":77,"column":3}}},"5":{"name":"(anonymous_9)","decl":{"start":{"line":87,"column":2},"end":{"line":87,"column":21}},"loc":{"start":{"line":87,"column":58},"end":{"line":92,"column":3}}}},"branchMap":{"0":{"loc":{"start":{"line":45,"column":21},"end":{"line":45,"column":54}},"type":"cond-expr","locations":[{"start":{"line":45,"column":32},"end":{"line":45,"column":50}},{"start":{"line":45,"column":53},"end":{"line":45,"column":54}}]},"1":{"loc":{"start":{"line":62,"column":21},"end":{"line":62,"column":54}},"type":"cond-expr","locations":[{"start":{"line":62,"column":32},"end":{"line":62,"column":50}},{"start":{"line":62,"column":53},"end":{"line":62,"column":54}}]},"2":{"loc":{"start":{"line":75,"column":21},"end":{"line":75,"column":54}},"type":"cond-expr","locations":[{"start":{"line":75,"column":32},"end":{"line":75,"column":50}},{"start":{"line":75,"column":53},"end":{"line":75,"column":54}}]}},"s":{"0":0,"1":0,"2":0,"3":0,"4":0,"5":0,"6":0,"7":0,"8":0,"9":0,"10":0,"11":0,"12":0,"13":0,"14":0,"15":0,"16":0,"17":0,"18":0,"19":0,"20":0,"21":0},"f":{"0":0,"1":0,"2":0,"3":0,"4":0,"5":0},"b":{"0":[0,0],"1":[0,0],"2":[0,0]}}
,"/Users/azni/Projects/dsai-capstone/nestjs-backend/src/domain/domain.module.ts": {"path":"/Users/azni/Projects/dsai-capstone/nestjs-backend/src/domain/domain.module.ts","statementMap":{"0":{"start":{"line":1,"column":0},"end":{"line":1,"column":40}},"1":{"start":{"line":2,"column":0},"end":{"line":2,"column":51}},"2":{"start":{"line":3,"column":0},"end":{"line":3,"column":49}},"3":{"start":{"line":4,"column":0},"end":{"line":4,"column":55}},"4":{"start":{"line":5,"column":0},"end":{"line":5,"column":62}},"5":{"start":{"line":6,"column":0},"end":{"line":6,"column":68}},"6":{"start":{"line":7,"column":0},"end":{"line":7,"column":64}},"7":{"start":{"line":8,"column":0},"end":{"line":8,"column":56}},"8":{"start":{"line":9,"column":0},"end":{"line":9,"column":68}},"9":{"start":{"line":25,"column":7},"end":{"line":25,"column":null}},"10":{"start":{"line":25,"column":13},"end":{"line":25,"column":25}},"11":{"start":{"line":25,"column":13},"end":{"line":25,"column":null}}},"fnMap":{},"branchMap":{},"s":{"0":0,"1":0,"2":0,"3":0,"4":0,"5":0,"6":0,"7":0,"8":0,"9":0,"10":0,"11":0},"f":{},"b":{}}
,"/Users/azni/Projects/dsai-capstone/nestjs-backend/src/domain/domain.service.ts": {"path":"/Users/azni/Projects/dsai-capstone/nestjs-backend/src/domain/domain.service.ts","statementMap":{"0":{"start":{"line":1,"column":0},"end":{"line":1,"column":63}},"1":{"start":{"line":2,"column":0},"end":{"line":2,"column":53}},"2":{"start":{"line":3,"column":0},"end":{"line":3,"column":57}},"3":{"start":{"line":4,"column":0},"end":{"line":4,"column":62}},"4":{"start":{"line":5,"column":0},"end":{"line":5,"column":68}},"5":{"start":{"line":6,"column":0},"end":{"line":6,"column":64}},"6":{"start":{"line":7,"column":0},"end":{"line":7,"column":56}},"7":{"start":{"line":8,"column":0},"end":{"line":8,"column":68}},"8":{"start":{"line":10,"column":0},"end":{"line":10,"column":65}},"9":{"start":{"line":13,"column":7},"end":{"line":251,"column":null}},"10":{"start":{"line":16,"column":21},"end":{"line":16,"column":39}},"11":{"start":{"line":18,"column":21},"end":{"line":18,"column":39}},"12":{"start":{"line":20,"column":21},"end":{"line":20,"column":40}},"13":{"start":{"line":22,"column":21},"end":{"line":22,"column":37}},"14":{"start":{"line":24,"column":21},"end":{"line":24,"column":41}},"15":{"start":{"line":32,"column":26},"end":{"line":33,"column":null}},"16":{"start":{"line":33,"column":40},"end":{"line":33,"column":55}},"17":{"start":{"line":35,"column":18},"end":{"line":35,"column":19}},"18":{"start":{"line":36,"column":30},"end":{"line":36,"column":32}},"19":{"start":{"line":38,"column":4},"end":{"line":44,"column":5}},"20":{"start":{"line":39,"column":6},"end":{"line":43,"column":7}},"21":{"start":{"line":40,"column":8},"end":{"line":40,"column":18}},"22":{"start":{"line":42,"column":8},"end":{"line":42,"column":26}},"23":{"start":{"line":46,"column":25},"end":{"line":46,"column":74}},"24":{"start":{"line":48,"column":6},"end":{"line":48,"column":75}},"25":{"start":{"line":50,"column":6},"end":{"line":50,"column":73}},"26":{"start":{"line":51,"column":18},"end":{"line":51,"column":76}},"27":{"start":{"line":53,"column":4},"end":{"line":53,"column":30}},"28":{"start":{"line":57,"column":16},"end":{"line":57,"column":37}},"29":{"start":{"line":58,"column":21},"end":{"line":58,"column":48}},"30":{"start":{"line":59,"column":22},"end":{"line":59,"column":27}},"31":{"start":{"line":60,"column":24},"end":{"line":60,"column":29}},"32":{"start":{"line":62,"column":4},"end":{"line":66,"column":5}},"33":{"start":{"line":63,"column":6},"end":{"line":63,"column":22}},"34":{"start":{"line":64,"column":6},"end":{"line":64,"column":25}},"35":{"start":{"line":65,"column":6},"end":{"line":65,"column":30}},"36":{"start":{"line":68,"column":26},"end":{"line":68,"column":52}},"37":{"start":{"line":69,"column":24},"end":{"line":69,"column":56}},"38":{"start":{"line":71,"column":4},"end":{"line":78,"column":6}},"39":{"start":{"line":82,"column":23},"end":{"line":82,"column":43}},"40":{"start":{"line":83,"column":4},"end":{"line":83,"column":56}},"41":{"start":{"line":83,"column":24},"end":{"line":83,"column":56}},"42":{"start":{"line":84,"column":4},"end":{"line":84,"column":47}},"43":{"start":{"line":84,"column":21},"end":{"line":84,"column":47}},"44":{"start":{"line":85,"column":4},"end":{"line":86,"column":46}},"45":{"start":{"line":86,"column":6},"end":{"line":86,"column":46}},"46":{"start":{"line":88,"column":20},"end":{"line":88,"column":59}},"47":{"start":{"line":89,"column":19},"end":{"line":89,"column":26}},"48":{"start":{"line":91,"column":4},"end":{"line":98,"column":5}},"49":{"start":{"line":92,"column":16},"end":{"line":92,"column":41}},"50":{"start":{"line":93,"column":6},"end":{"line":97,"column":8}},"51":{"start":{"line":94,"column":8},"end":{"line":95,"column":null}},"52":{"start":{"line":95,"column":10},"end":{"line":95,"column":42}},"53":{"start":{"line":100,"column":18},"end":{"line":118,"column":6}},"54":{"start":{"line":101,"column":18},"end":{"line":101,"column":44}},"55":{"start":{"line":102,"column":6},"end":{"line":117,"column":8}},"56":{"start":{"line":120,"column":4},"end":{"line":120,"column":59}},"57":{"start":{"line":124,"column":19},"end":{"line":127,"column":6}},"58":{"start":{"line":128,"column":4},"end":{"line":130,"column":5}},"59":{"start":{"line":129,"column":6},"end":{"line":129,"column":54}},"60":{"start":{"line":132,"column":4},"end":{"line":132,"column":71}},"61":{"start":{"line":136,"column":21},"end":{"line":136,"column":75}},"62":{"start":{"line":138,"column":4},"end":{"line":172,"column":5}},"63":{"start":{"line":140,"column":24},"end":{"line":140,"column":49}},"64":{"start":{"line":141,"column":6},"end":{"line":145,"column":7}},"65":{"start":{"line":142,"column":8},"end":{"line":144,"column":9}},"66":{"start":{"line":143,"column":10},"end":{"line":143,"column":56}},"67":{"start":{"line":146,"column":28},"end":{"line":149,"column":24}},"68":{"start":{"line":147,"column":24},"end":{"line":147,"column":35}},"69":{"start":{"line":149,"column":22},"end":{"line":149,"column":23}},"70":{"start":{"line":151,"column":28},"end":{"line":154,"column":35}},"71":{"start":{"line":152,"column":24},"end":{"line":152,"column":55}},"72":{"start":{"line":154,"column":20},"end":{"line":154,"column":34}},"73":{"start":{"line":156,"column":6},"end":{"line":171,"column":8}},"74":{"start":{"line":157,"column":53},"end":{"line":167,"column":10}},"75":{"start":{"line":174,"column":22},"end":{"line":174,"column":47}},"76":{"start":{"line":175,"column":4},"end":{"line":179,"column":5}},"77":{"start":{"line":176,"column":6},"end":{"line":178,"column":7}},"78":{"start":{"line":177,"column":8},"end":{"line":177,"column":54}},"79":{"start":{"line":181,"column":22},"end":{"line":184,"column":19}},"80":{"start":{"line":182,"column":22},"end":{"line":182,"column":33}},"81":{"start":{"line":183,"column":18},"end":{"line":183,"column":22}},"82":{"start":{"line":186,"column":26},"end":{"line":187,"column":null}},"83":{"start":{"line":187,"column":16},"end":{"line":187,"column":61}},"84":{"start":{"line":189,"column":26},"end":{"line":189,"column":78}},"85":{"start":{"line":189,"column":63},"end":{"line":189,"column":77}},"86":{"start":{"line":191,"column":4},"end":{"line":196,"column":6}},"87":{"start":{"line":200,"column":20},"end":{"line":203,"column":6}},"88":{"start":{"line":205,"column":4},"end":{"line":207,"column":5}},"89":{"start":{"line":206,"column":6},"end":{"line":206,"column":71}},"90":{"start":{"line":209,"column":26},"end":{"line":209,"column":74}},"91":{"start":{"line":212,"column":18},"end":{"line":212,"column":70}},"92":{"start":{"line":214,"column":19},"end":{"line":216,"column":40}},"93":{"start":{"line":215,"column":22},"end":{"line":215,"column":64}},"94":{"start":{"line":216,"column":22},"end":{"line":216,"column":39}},"95":{"start":{"line":218,"column":33},"end":{"line":218,"column":76}},"96":{"start":{"line":218,"column":54},"end":{"line":218,"column":68}},"97":{"start":{"line":221,"column":17},"end":{"line":221,"column":35}},"98":{"start":{"line":222,"column":20},"end":{"line":222,"column":37}},"99":{"start":{"line":223,"column":4},"end":{"line":227,"column":5}},"100":{"start":{"line":224,"column":6},"end":{"line":226,"column":7}},"101":{"start":{"line":225,"column":8},"end":{"line":225,"column":41}},"102":{"start":{"line":228,"column":27},"end":{"line":228,"column":39}},"103":{"start":{"line":231,"column":21},"end":{"line":231,"column":42}},"104":{"start":{"line":232,"column":28},"end":{"line":232,"column":67}},"105":{"start":{"line":234,"column":4},"end":{"line":249,"column":6}},"106":{"start":{"line":13,"column":13},"end":{"line":13,"column":26}},"107":{"start":{"line":13,"column":13},"end":{"line":251,"column":null}}},"fnMap":{"0":{"name":"(anonymous_4)","decl":{"start":{"line":14,"column":2},"end":{"line":14,"column":null}},"loc":{"start":{"line":24,"column":72},"end":{"line":25,"column":6}}},"1":{"name":"(anonymous_5)","decl":{"start":{"line":28,"column":10},"end":{"line":28,"column":19}},"loc":{"start":{"line":30,"column":17},"end":{"line":54,"column":3}}},"2":{"name":"(anonymous_6)","decl":{"start":{"line":33,"column":33},"end":{"line":33,"column":34}},"loc":{"start":{"line":33,"column":40},"end":{"line":33,"column":55}}},"3":{"name":"(anonymous_7)","decl":{"start":{"line":56,"column":10},"end":{"line":56,"column":28}},"loc":{"start":{"line":56,"column":73},"end":{"line":79,"column":3}}},"4":{"name":"(anonymous_8)","decl":{"start":{"line":81,"column":2},"end":{"line":81,"column":7}},"loc":{"start":{"line":81,"column":58},"end":{"line":121,"column":3}}},"5":{"name":"(anonymous_9)","decl":{"start":{"line":93,"column":32},"end":{"line":93,"column":33}},"loc":{"start":{"line":94,"column":8},"end":{"line":95,"column":null}}},"6":{"name":"(anonymous_10)","decl":{"start":{"line":94,"column":36},"end":{"line":94,"column":37}},"loc":{"start":{"line":95,"column":10},"end":{"line":95,"column":42}}},"7":{"name":"(anonymous_11)","decl":{"start":{"line":100,"column":31},"end":{"line":100,"column":32}},"loc":{"start":{"line":100,"column":37},"end":{"line":118,"column":5}}},"8":{"name":"(anonymous_12)","decl":{"start":{"line":123,"column":2},"end":{"line":123,"column":7}},"loc":{"start":{"line":123,"column":75},"end":{"line":133,"column":3}}},"9":{"name":"(anonymous_13)","decl":{"start":{"line":135,"column":2},"end":{"line":135,"column":7}},"loc":{"start":{"line":135,"column":42},"end":{"line":197,"column":3}}},"10":{"name":"(anonymous_14)","decl":{"start":{"line":147,"column":14},"end":{"line":147,"column":15}},"loc":{"start":{"line":147,"column":24},"end":{"line":147,"column":35}}},"11":{"name":"(anonymous_15)","decl":{"start":{"line":149,"column":13},"end":{"line":149,"column":14}},"loc":{"start":{"line":149,"column":22},"end":{"line":149,"column":23}}},"12":{"name":"(anonymous_16)","decl":{"start":{"line":152,"column":14},"end":{"line":152,"column":15}},"loc":{"start":{"line":152,"column":24},"end":{"line":152,"column":55}}},"13":{"name":"(anonymous_17)","decl":{"start":{"line":154,"column":13},"end":{"line":154,"column":14}},"loc":{"start":{"line":154,"column":20},"end":{"line":154,"column":34}}},"14":{"name":"(anonymous_18)","decl":{"start":{"line":157,"column":43},"end":{"line":157,"column":44}},"loc":{"start":{"line":157,"column":53},"end":{"line":167,"column":10}}},"15":{"name":"(anonymous_19)","decl":{"start":{"line":182,"column":12},"end":{"line":182,"column":13}},"loc":{"start":{"line":182,"column":22},"end":{"line":182,"column":33}}},"16":{"name":"(anonymous_20)","decl":{"start":{"line":183,"column":11},"end":{"line":183,"column":12}},"loc":{"start":{"line":183,"column":18},"end":{"line":183,"column":22}}},"17":{"name":"(anonymous_21)","decl":{"start":{"line":187,"column":6},"end":{"line":187,"column":7}},"loc":{"start":{"line":187,"column":16},"end":{"line":187,"column":61}}},"18":{"name":"(anonymous_22)","decl":{"start":{"line":189,"column":56},"end":{"line":189,"column":57}},"loc":{"start":{"line":189,"column":63},"end":{"line":189,"column":77}}},"19":{"name":"(anonymous_23)","decl":{"start":{"line":199,"column":2},"end":{"line":199,"column":7}},"loc":{"start":{"line":199,"column":60},"end":{"line":250,"column":3}}},"20":{"name":"(anonymous_24)","decl":{"start":{"line":215,"column":11},"end":{"line":215,"column":12}},"loc":{"start":{"line":215,"column":22},"end":{"line":215,"column":64}}},"21":{"name":"(anonymous_25)","decl":{"start":{"line":216,"column":12},"end":{"line":216,"column":13}},"loc":{"start":{"line":216,"column":22},"end":{"line":216,"column":39}}},"22":{"name":"(anonymous_26)","decl":{"start":{"line":218,"column":47},"end":{"line":218,"column":48}},"loc":{"start":{"line":218,"column":54},"end":{"line":218,"column":68}}}},"branchMap":{"0":{"loc":{"start":{"line":33,"column":7},"end":{"line":33,"column":27}},"type":"binary-expr","locations":[{"start":{"line":33,"column":7},"end":{"line":33,"column":21}},{"start":{"line":33,"column":25},"end":{"line":33,"column":27}}]},"1":{"loc":{"start":{"line":39,"column":6},"end":{"line":43,"column":7}},"type":"if","locations":[{"start":{"line":39,"column":6},"end":{"line":43,"column":7}},{"start":{"line":41,"column":13},"end":{"line":43,"column":7}}]},"2":{"loc":{"start":{"line":48,"column":6},"end":{"line":48,"column":75}},"type":"cond-expr","locations":[{"start":{"line":48,"column":66},"end":{"line":48,"column":69}},{"start":{"line":48,"column":72},"end":{"line":48,"column":75}}]},"3":{"loc":{"start":{"line":48,"column":7},"end":{"line":48,"column":35}},"type":"binary-expr","locations":[{"start":{"line":48,"column":7},"end":{"line":48,"column":30}},{"start":{"line":48,"column":34},"end":{"line":48,"column":35}}]},"4":{"loc":{"start":{"line":50,"column":6},"end":{"line":50,"column":73}},"type":"cond-expr","locations":[{"start":{"line":50,"column":64},"end":{"line":50,"column":67}},{"start":{"line":50,"column":70},"end":{"line":50,"column":73}}]},"5":{"loc":{"start":{"line":50,"column":6},"end":{"line":50,"column":61}},"type":"binary-expr","locations":[{"start":{"line":50,"column":6},"end":{"line":50,"column":30}},{"start":{"line":50,"column":34},"end":{"line":50,"column":61}}]},"6":{"loc":{"start":{"line":56,"column":49},"end":{"line":56,"column":73}},"type":"default-arg","locations":[{"start":{"line":56,"column":68},"end":{"line":56,"column":73}}]},"7":{"loc":{"start":{"line":57,"column":16},"end":{"line":57,"column":37}},"type":"binary-expr","locations":[{"start":{"line":57,"column":16},"end":{"line":57,"column":32}},{"start":{"line":57,"column":36},"end":{"line":57,"column":37}}]},"8":{"loc":{"start":{"line":58,"column":21},"end":{"line":58,"column":48}},"type":"binary-expr","locations":[{"start":{"line":58,"column":21},"end":{"line":58,"column":42}},{"start":{"line":58,"column":46},"end":{"line":58,"column":48}}]},"9":{"loc":{"start":{"line":62,"column":4},"end":{"line":66,"column":5}},"type":"if","locations":[{"start":{"line":62,"column":4},"end":{"line":66,"column":5}},{"start":{},"end":{}}]},"10":{"loc":{"start":{"line":62,"column":8},"end":{"line":62,"column":47}},"type":"binary-expr","locations":[{"start":{"line":62,"column":8},"end":{"line":62,"column":27}},{"start":{"line":62,"column":31},"end":{"line":62,"column":47}}]},"11":{"loc":{"start":{"line":83,"column":4},"end":{"line":83,"column":56}},"type":"if","locations":[{"start":{"line":83,"column":4},"end":{"line":83,"column":56}},{"start":{},"end":{}}]},"12":{"loc":{"start":{"line":84,"column":4},"end":{"line":84,"column":47}},"type":"if","locations":[{"start":{"line":84,"column":4},"end":{"line":84,"column":47}},{"start":{},"end":{}}]},"13":{"loc":{"start":{"line":85,"column":4},"end":{"line":86,"column":46}},"type":"if","locations":[{"start":{"line":85,"column":4},"end":{"line":86,"column":46}},{"start":{},"end":{}}]},"14":{"loc":{"start":{"line":91,"column":4},"end":{"line":98,"column":5}},"type":"if","locations":[{"start":{"line":91,"column":4},"end":{"line":98,"column":5}},{"start":{},"end":{}}]},"15":{"loc":{"start":{"line":94,"column":9},"end":{"line":94,"column":29}},"type":"binary-expr","locations":[{"start":{"line":94,"column":9},"end":{"line":94,"column":23}},{"start":{"line":94,"column":27},"end":{"line":94,"column":29}}]},"16":{"loc":{"start":{"line":106,"column":23},"end":{"line":106,"column":43}},"type":"binary-expr","locations":[{"start":{"line":106,"column":23},"end":{"line":106,"column":37}},{"start":{"line":106,"column":41},"end":{"line":106,"column":43}}]},"17":{"loc":{"start":{"line":108,"column":15},"end":{"line":108,"column":40}},"type":"binary-expr","locations":[{"start":{"line":108,"column":15},"end":{"line":108,"column":22}},{"start":{"line":108,"column":26},"end":{"line":108,"column":40}}]},"18":{"loc":{"start":{"line":111,"column":20},"end":{"line":111,"column":36}},"type":"binary-expr","locations":[{"start":{"line":111,"column":20},"end":{"line":111,"column":31}},{"start":{"line":111,"column":35},"end":{"line":111,"column":36}}]},"19":{"loc":{"start":{"line":112,"column":25},"end":{"line":112,"column":47}},"type":"binary-expr","locations":[{"start":{"line":112,"column":25},"end":{"line":112,"column":41}},{"start":{"line":112,"column":45},"end":{"line":112,"column":47}}]},"20":{"loc":{"start":{"li
[...]
}},"16":{"start":{"line":34,"column":4},"end":{"line":36,"column":5}},"17":{"start":{"line":35,"column":6},"end":{"line":35,"column":58}},"18":{"start":{"line":35,"column":48},"end":{"line":35,"column":58}},"19":{"start":{"line":37,"column":25},"end":{"line":37,"column":74}},"20":{"start":{"line":39,"column":6},"end":{"line":39,"column":75}},"21":{"start":{"line":41,"column":6},"end":{"line":41,"column":73}},"22":{"start":{"line":42,"column":4},"end":{"line":42,"column":70}},"23":{"start":{"line":50,"column":20},"end":{"line":54,"column":6}},"24":{"start":{"line":56,"column":4},"end":{"line":58,"column":5}},"25":{"start":{"line":57,"column":6},"end":{"line":57,"column":55}},"26":{"start":{"line":61,"column":18},"end":{"line":61,"column":70}},"27":{"start":{"line":62,"column":20},"end":{"line":64,"column":43}},"28":{"start":{"line":63,"column":22},"end":{"line":63,"column":68}},"29":{"start":{"line":64,"column":22},"end":{"line":64,"column":39}},"30":{"start":{"line":66,"column":39},"end":{"line":66,"column":48}},"31":{"start":{"line":67,"column":4},"end":{"line":76,"column":5}},"32":{"start":{"line":68,"column":33},"end":{"line":69,"column":null}},"33":{"start":{"line":69,"column":42},"end":{"line":69,"column":57}},"34":{"start":{"line":71,"column":6},"end":{"line":75,"column":7}},"35":{"start":{"line":72,"column":8},"end":{"line":74,"column":9}},"36":{"start":{"line":73,"column":10},"end":{"line":73,"column":47}},"37":{"start":{"line":79,"column":23},"end":{"line":79,"column":77}},"38":{"start":{"line":82,"column":35},"end":{"line":82,"column":37}},"39":{"start":{"line":83,"column":33},"end":{"line":83,"column":35}},"40":{"start":{"line":85,"column":4},"end":{"line":93,"column":5}},"41":{"start":{"line":86,"column":22},"end":{"line":86,"column":77}},"42":{"start":{"line":86,"column":61},"end":{"line":86,"column":76}},"43":{"start":{"line":87,"column":24},"end":{"line":87,"column":65}},"44":{"start":{"line":87,"column":44},"end":{"line":87,"column":64}},"45":{"start":{"line":88,"column":6},"end":{"line":92,"column":7}},"46":{"start":{"line":89,"column":8},"end":{"line":89,"column":30}},"47":{"start":{"line":91,"column":8},"end":{"line":91,"column":28}},"48":{"start":{"line":96,"column":24},"end":{"line":97,"column":63}},"49":{"start":{"line":97,"column":6},"end":{"line":97,"column":63}},"50":{"start":{"line":99,"column":4},"end":{"line":99,"column":31}},"51":{"start":{"line":100,"column":4},"end":{"line":100,"column":29}},"52":{"start":{"line":103,"column":21},"end":{"line":103,"column":57}},"53":{"start":{"line":105,"column":22},"end":{"line":105,"column":23}},"54":{"start":{"line":106,"column":21},"end":{"line":106,"column":22}},"55":{"start":{"line":107,"column":20},"end":{"line":107,"column":21}},"56":{"start":{"line":108,"column":28},"end":{"line":108,"column":29}},"57":{"start":{"line":109,"column":23},"end":{"line":109,"column":24}},"58":{"start":{"line":111,"column":35},"end":{"line":141,"column":6}},"59":{"start":{"line":112,"column":23},"end":{"line":112,"column":48}},"60":{"start":{"line":113,"column":32},"end":{"line":127,"column":8}},"61":{"start":{"line":129,"column":6},"end":{"line":129,"column":30}},"62":{"start":{"line":130,"column":6},"end":{"line":130,"column":29}},"63":{"start":{"line":131,"column":6},"end":{"line":131,"column":36}},"64":{"start":{"line":132,"column":6},"end":{"line":132,"column":54}},"65":{"start":{"line":133,"column":6},"end":{"line":138,"column":7}},"66":{"start":{"line":134,"column":8},"end":{"line":137,"column":10}},"67":{"start":{"line":140,"column":6},"end":{"line":140,"column":18}},"68":{"start":{"line":143,"column":28},"end":{"line":143,"column":69}},"69":{"start":{"line":144,"column":21},"end":{"line":144,"column":39}},"70":{"start":{"line":146,"column":6},"end":{"line":149,"column":67}},"71":{"start":{"line":151,"column":20},"end":{"line":151,"column":37}},"72":{"start":{"line":152,"column":4},"end":{"line":161,"column":5}},"73":{"start":{"line":153,"column":6},"end":{"line":158,"column":8}},"74":{"start":{"line":157,"column":28},"end":{"line":157,"column":35}},"75":{"start":{"line":163,"column":4},"end":{"line":170,"column":6}},"76":{"start":{"line":17,"column":13},"end":{"line":17,"column":30}},"77":{"start":{"line":17,"column":13},"end":{"line":172,"column":null}}},"fnMap":{"0":{"name":"(anonymous_4)","decl":{"start":{"line":18,"column":2},"end":{"line":18,"column":null}},"loc":{"start":{"line":25,"column":43},"end":{"line":26,"column":6}}},"1":{"name":"(anonymous_5)","decl":{"start":{"line":29,"column":10},"end":{"line":29,"column":19}},"loc":{"start":{"line":29,"column":55},"end":{"line":43,"column":3}}},"2":{"name":"(anonymous_6)","decl":{"start":{"line":31,"column":33},"end":{"line":31,"column":34}},"loc":{"start":{"line":31,"column":40},"end":{"line":31,"column":55}}},"3":{"name":"(anonymous_7)","decl":{"start":{"line":45,"column":2},"end":{"line":45,"column":7}},"loc":{"start":{"line":48,"column":18},"end":{"line":171,"column":3}}},"4":{"name":"(anonymous_8)","decl":{"start":{"line":63,"column":11},"end":{"line":63,"column":12}},"loc":{"start":{"line":63,"column":22},"end":{"line":63,"column":68}}},"5":{"name":"(anonymous_9)","decl":{"start":{"line":64,"column":12},"end":{"line":64,"column":13}},"loc":{"start":{"line":64,"column":22},"end":{"line":64,"column":39}}},"6":{"name":"(anonymous_10)","decl":{"start":{"line":69,"column":35},"end":{"line":69,"column":36}},"loc":{"start":{"line":69,"column":42},"end":{"line":69,"column":57}}},"7":{"name":"(anonymous_11)","decl":{"start":{"line":86,"column":54},"end":{"line":86,"column":55}},"loc":{"start":{"line":86,"column":61},"end":{"line":86,"column":76}}},"8":{"name":"(anonymous_12)","decl":{"start":{"line":87,"column":37},"end":{"line":87,"column":38}},"loc":{"start":{"line":87,"column":44},"end":{"line":87,"column":64}}},"9":{"name":"(anonymous_13)","decl":{"start":{"line":96,"column":24},"end":{"line":96,"column":25}},"loc":{"start":{"line":97,"column":6},"end":{"line":97,"column":63}}},"10":{"name":"(anonymous_14)","decl":{"start":{"line":111,"column":48},"end":{"line":111,"column":49}},"loc":{"start":{"line":111,"column":59},"end":{"line":141,"column":5}}},"11":{"name":"(anonymous_15)","decl":{"start":{"line":157,"column":21},"end":{"line":157,"column":22}},"loc":{"start":{"line":157,"column":28},"end":{"line":157,"column":35}}}},"branchMap":{"0":{"loc":{"start":{"line":31,"column":7},"end":{"line":31,"column":27}},"type":"binary-expr","locations":[{"start":{"line":31,"column":7},"end":{"line":31,"column":21}},{"start":{"line":31,"column":25},"end":{"line":31,"column":27}}]},"1":{"loc":{"start":{"line":35,"column":6},"end":{"line":35,"column":58}},"type":"if","locations":[{"start":{"line":35,"column":6},"end":{"line":35,"column":58}},{"start":{},"end":{}}]},"2":{"loc":{"start":{"line":39,"column":6},"end":{"line":39,"column":75}},"type":"cond-expr","locations":[{"start":{"line":39,"column":66},"end":{"line":39,"column":69}},{"start":{"line":39,"column":72},"end":{"line":39,"column":75}}]},"3":{"loc":{"start":{"line":39,"column":7},"end":{"line":39,"column":35}},"type":"binary-expr","locations":[{"start":{"line":39,"column":7},"end":{"line":39,"column":30}},{"start":{"line":39,"column":34},"end":{"line":39,"column":35}}]},"4":{"loc":{"start":{"line":41,"column":6},"end":{"line":41,"column":73}},"type":"cond-expr","locations":[{"start":{"line":41,"column":64},"end":{"line":41,"column":67}},{"start":{"line":41,"column":70},"end":{"line":41,"column":73}}]},"5":{"loc":{"start":{"line":41,"column":6},"end":{"line":41,"column":61}},"type":"binary-expr","locations":[{"start":{"line":41,"column":6},"end":{"line":41,"column":30}},{"start":{"line":41,"column":34},"end":{"line":41,"column":61}}]},"6":{"loc":{"start":{"line":56,"column":4},"end":{"line":58,"column":5}},"type":"if","locations":[{"start":{"line":56,"column":4},"end":{"line":58,"column":5}},{"start":{},"end":{}}]},"7":{"loc":{"start":{"line":67,"column":4},"end":{"line":76,"column":5}},"type":"if","locations":[{"start":{"line":67,"column":4},"end":{"line":76,"column":5}},{"start":{},"end":{}}]},"8":{"loc":{"start":{"line":69,"column":9},"end":{"line":69,"column":29}},"type":"binary-expr","locations":[{"start":{"line":69,"column":9},"end":{"line":69,"column":23}},{"start":{"line":69,"column":27},"end":{"line":69,"column":29}}]},"9":{"loc":{"start":{"line":72,"column":8},"end":{"line":74,"column":9}},"type":"if","locations":[{"start":{"line":72,"column":8},"end":{"line":74,"column":9}},{"start":{},"end":{}}]},"10":{"loc":{"start":{"line":86,"column":23},"end":{"line":86,"column":48}},"type":"binary-expr","locations":[{"start":{"line":86,"column":23},"end":{"line":86,"column":42}},{"start":{"line":86,"column":46},"end":{"line":86,"column":48}}]},"11":{"loc":{"start":{"line":88,"column":6},"end":{"line":92,"column":7}},"type":"if","locations":[{"start":{"line":88,"column":6},"end":{"line":92,"column":7}},{"start":{"line":90,"column":13},"end":{"line":92,"column":7}}]},"12":{"loc":{"start":{"line":97,"column":7},"end":{"line":97,"column":32}},"type":"binary-expr","locations":[{"start":{"line":97,"column":7},"end":{"line":97,"column":27}},{"start":{"line":97,"column":31},"end":{"line":97,"column":32}}]},"13":{"loc":{"start":{"line":97,"column":37},"end":{"line":97,"column":62}},"type":"binary-expr","locations":[{"start":{"line":97,"column":37},"end":{"line":97,"column":57}},{"start":{"line":97,"column":61},"end":{"line":97,"column":62}}]},"14":{"loc":{"start":{"line":112,"column":23},"end":{"line":112,"column":48}},"type":"binary-expr","locations":[{"start":{"line":112,"column":23},"end":{"line":112,"column":43}},{"start":{"line":112,"column":47},"end":{"line":112,"column":48}}]},"15":{"loc":{"start":{"line":120,"column":15},"end":{"line":120,"column":55}},"type":"binary-expr","locations":[{"start":{"line":120,"column":15},"end":{"line":120,"column":37}},{"start":{"line":120,"column":41},"end":{"line":120,"column":55}}]},"16":{"loc":{"start":{"line":133,"column":6},"end":{"line":138,"column":7}},"type":"if","locations":[{"start":{"line":133,"column":6},"end":{"line":138,"column":7}},{"start":{},"end":{}}]},"17":{"loc":{"start":{"line":143,"column":28},"end":{"line":143,"column":69}},"type":"binary-expr","locations":[{"start":{"line":143,"column":28},"end":{"line":143,"column":47}},{"start":{"line":143,"column":51},"end":{"line":143,"column":69}}]},"18":{"loc":{"start":{"line":147,"column":39},"end":{"line":147,"column":64}},"type":"cond-expr","locations":[{"start":{"line":147,"column":56},"end":{"line":147,"column":59}},{"start":{"line":147,"column":62},"end":{"line":147,"column":64}}]},"19":{"loc":{"start":{"line":154,"column":8},"end":{"line":154,"column":28}},"type":"binary-expr","locations":[{"start":{"line":154,"column":8},"end":{"line":154,"column":22}},{"start":{"line":154,"column":26},"end":{"line":154,"column":28}}]}},"s":{"0":0,"1":0,"2":0,"3":0,"4":0,"5":0,"6":0,"7":0,"8":0,"9":0,"10":0,"11":0,"12":0,"13":0,"14":0,"15":0,"16":0,"17":0,"18":0,"19":0,"20":0,"21":0,"22":0,"23":0,"24":0,"25":0,"26":0,"27":0,"28":0,"29":0,"30":0,"31":0,"32":0,"33":0,"34":0,"35":0,"36":0,"37":0,"38":0,"39":0,"40":0,"41":0,"42":0,"43":0,"44":0,"45":0,"46":0,"47":0,"48":0,"49":0,"50":0,"51":0,"52":0,"53":0,"54":0,"55":0,"56":0,"57":0,"58":0,"59":0,"60":0,"61":0,"62":0,"63":0,"64":0,"65":0,"66":0,"67":0,"68":0,"69":0,"70":0,"71":0,"72":0,"73":0,"74":0,"75":0,"76":0,"77":0},"f":{"0":0,"1":0,"2":0,"3":0,"4":0,"5":0,"6":0,"7":0,"8":0,"9":0,"10":0,"11":0},"b":{"0":[0,0],"1":[0,0],"2":[0,0],"3":[0,0],"4":[0,0],"5":[0,0],"6":[0,0],"7":[0,0],"8":[0,0],"9":[0,0],"10":[0,0],"11":[0,0],"12":[0,0],"13":[0,0],"14":[0,0],"15":[0,0],"16":[0,0],"17":[0,0],"18":[0,0],"19":[0,0]}}
,"/Users/azni/Projects/dsai-capstone/nestjs-backend/src/users/users.module.ts": {"path":"/Users/azni/Projects/dsai-capstone/nestjs-backend/src/users/users.module.ts","statementMap":{"0":{"start":{"line":1,"column":0},"end":{"line":1,"column":40}},"1":{"start":{"line":2,"column":0},"end":{"line":2,"column":51}},"2":{"start":{"line":3,"column":0},"end":{"line":3,"column":47}},"3":{"start":{"line":4,"column":0},"end":{"line":4,"column":49}},"4":{"start":{"line":5,"column":0},"end":{"line":5,"column":53}},"5":{"start":{"line":12,"column":7},"end":{"line":12,"column":null}},"6":{"start":{"line":12,"column":13},"end":{"line":12,"column":24}},"7":{"start":{"line":12,"column":13},"end":{"line":12,"column":null}}},"fnMap":{},"branchMap":{},"s":{"0":0,"1":0,"2":0,"3":0,"4":0,"5":0,"6":0,"7":0},"f":{},"b":{}}
,"/Users/azni/Projects/dsai-capstone/nestjs-backend/src/users/users.service.ts": {"path":"/Users/azni/Projects/dsai-capstone/nestjs-backend/src/users/users.service.ts","statementMap":{"0":{"start":{"line":1,"column":0},"end":{"line":1,"column":null}},"1":{"start":{"line":6,"column":0},"end":{"line":6,"column":57}},"2":{"start":{"line":7,"column":0},"end":{"line":7,"column":53}},"3":{"start":{"line":8,"column":0},"end":{"line":8,"column":33}},"4":{"start":{"line":9,"column":0},"end":{"line":9,"column":49}},"5":{"start":{"line":10,"column":0},"end":{"line":10,"column":53}},"6":{"start":{"line":13,"column":7},"end":{"line":108,"column":null}},"7":{"start":{"line":16,"column":21},"end":{"line":16,"column":37}},"8":{"start":{"line":18,"column":21},"end":{"line":18,"column":39}},"9":{"start":{"line":22,"column":4},"end":{"line":22,"column":50}},"10":{"start":{"line":26,"column":4},"end":{"line":26,"column":73}},"11":{"start":{"line":36,"column":21},"end":{"line":36,"column":58}},"12":{"start":{"line":37,"column":4},"end":{"line":39,"column":5}},"13":{"start":{"line":38,"column":6},"end":{"line":38,"column":75}},"14":{"start":{"line":41,"column":17},"end":{"line":43,"column":6}},"15":{"start":{"line":44,"column":4},"end":{"line":47,"column":5}},"16":{"start":{"line":45,"column":6},"end":{"line":45,"column":74}},"17":{"start":{"line":46,"column":6},"end":{"line":46,"column":77}},"18":{"start":{"line":49,"column":17},"end":{"line":55,"column":6}},"19":{"start":{"line":57,"column":4},"end":{"line":57,"column":71}},"20":{"start":{"line":58,"column":4},"end":{"line":58,"column":16}},"21":{"start":{"line":65,"column":17},"end":{"line":67,"column":null}},"22":{"start":{"line":69,"column":4},"end":{"line":69,"column":61}},"23":{"start":{"line":69,"column":15},"end":{"line":69,"column":61}},"24":{"start":{"line":71,"column":4},"end":{"line":71,"column":61}},"25":{"start":{"line":71,"column":36},"end":{"line":71,"column":61}},"26":{"start":{"line":72,"column":4},"end":{"line":78,"column":5}},"27":{"start":{"line":73,"column":23},"end":{"line":73,"column":60}},"28":{"start":{"line":74,"column":6},"end":{"line":76,"column":7}},"29":{"start":{"line":75,"column":8},"end":{"line":75,"column":62}},"30":{"start":{"line":77,"column":6},"end":{"line":77,"column":33}},"31":{"start":{"line":80,"column":4},"end":{"line":80,"column":57}},"32":{"start":{"line":81,"column":4},"end":{"line":81,"column":16}},"33":{"start":{"line":89,"column":17},"end":{"line":89,"column":58}},"34":{"start":{"line":90,"column":4},"end":{"line":90,"column":61}},"35":{"start":{"line":90,"column":15},"end":{"line":90,"column":61}},"36":{"start":{"line":92,"column":18},"end":{"line":92,"column":76}},"37":{"start":{"line":93,"column":4},"end":{"line":93,"column":79}},"38":{"start":{"line":93,"column":16},"end":{"line":93,"column":79}},"39":{"start":{"line":95,"column":4},"end":{"line":95,"column":61}},"40":{"start":{"line":96,"column":4},"end":{"line":96,"column":57}},"41":{"start":{"line":100,"column":17},"end":{"line":100,"column":58}},"42":{"start":{"line":101,"column":4},"end":{"line":101,"column":61}},"43":{"start":{"line":101,"column":15},"end":{"line":101,"column":61}},"44":{"start":{"line":103,"column":4},"end":{"line":103,"column":26}},"45":{"start":{"line":104,"column":4},"end":{"line":104,"column":31}},"46":{"start":{"line":105,"column":4},"end":{"line":105,"column":49}},"47":{"start":{"line":106,"column":4},"end":{"line":106,"column":57}},"48":{"start":{"line":13,"column":13},"end":{"line":13,"column":25}},"49":{"start":{"line":13,"column":13},"end":{"line":108,"column":null}}},"fnMap":{"0":{"name":"(anonymous_13)","decl":{"start":{"line":14,"column":2},"end":{"line":14,"column":null}},"loc":{"start":{"line":18,"column":63},"end":{"line":19,"column":6}}},"1":{"name":"(anonymous_14)","decl":{"start":{"line":21,"column":2},"end":{"line":21,"column":7}},"loc":{"start":{"line":21,"column":33},"end":{"line":23,"column":3}}},"2":{"name":"(anonymous_15)","decl":{"start":{"line":25,"column":2},"end":{"line":25,"column":7}},"loc":{"start":{"line":25,"column":27},"end":{"line":27,"column":3}}},"3":{"name":"(anonymous_16)","decl":{"start":{"line":29,"column":2},"end":{"line":29,"column":7}},"loc":{"start":{"line":35,"column":3},"end":{"line":59,"column":3}}},"4":{"name":"(anonymous_17)","decl":{"start":{"line":61,"column":2},"end":{"line":61,"column":7}},"loc":{"start":{"line":63,"column":46},"end":{"line":82,"column":3}}},"5":{"name":"(anonymous_18)","decl":{"start":{"line":84,"column":2},"end":{"line":84,"column":7}},"loc":{"start":{"line":87,"column":23},"end":{"line":97,"column":3}}},"6":{"name":"(anonymous_19)","decl":{"start":{"line":99,"column":2},"end":{"line":99,"column":7}},"loc":{"start":{"line":99,"column":33},"end":{"line":107,"column":3}}}},"branchMap":{"0":{"loc":{"start":{"line":37,"column":4},"end":{"line":39,"column":5}},"type":"if","locations":[{"start":{"line":37,"column":4},"end":{"line":39,"column":5}},{"start":{},"end":{}}]},"1":{"loc":{"start":{"line":44,"column":4},"end":{"line":47,"column":5}},"type":"if","locations":[{"start":{"line":44,"column":4},"end":{"line":47,"column":5}},{"start":{},"end":{}}]},"2":{"loc":{"start":{"line":54,"column":10},"end":{"line":54,"column":52}},"type":"cond-expr","locations":[{"start":{"line":54,"column":25},"end":{"line":54,"column":47}},{"start":{"line":54,"column":50},"end":{"line":54,"column":52}}]},"3":{"loc":{"start":{"line":69,"column":4},"end":{"line":69,"column":61}},"type":"if","locations":[{"start":{"line":69,"column":4},"end":{"line":69,"column":61}},{"start":{},"end":{}}]},"4":{"loc":{"start":{"line":71,"column":4},"end":{"line":71,"column":61}},"type":"if","locations":[{"start":{"line":71,"column":4},"end":{"line":71,"column":61}},{"start":{},"end":{}}]},"5":{"loc":{"start":{"line":72,"column":4},"end":{"line":78,"column":5}},"type":"if","locations":[{"start":{"line":72,"column":4},"end":{"line":78,"column":5}},{"start":{},"end":{}}]},"6":{"loc":{"start":{"line":74,"column":6},"end":{"line":76,"column":7}},"type":"if","locations":[{"start":{"line":74,"column":6},"end":{"line":76,"column":7}},{"start":{},"end":{}}]},"7":{"loc":{"start":{"line":74,"column":10},"end":{"line":74,"column":40}},"type":"binary-expr","locations":[{"start":{"line":74,"column":10},"end":{"line":74,"column":18}},{"start":{"line":74,"column":22},"end":{"line":74,"column":40}}]},"8":{"loc":{"start":{"line":90,"column":4},"end":{"line":90,"column":61}},"type":"if","locations":[{"start":{"line":90,"column":4},"end":{"line":90,"column":61}},{"start":{},"end":{}}]},"9":{"loc":{"start":{"line":93,"column":4},"end":{"line":93,"column":79}},"type":"if","locations":[{"start":{"line":93,"column":4},"end":{"line":93,"column":79}},{"start":{},"end":{}}]},"10":{"loc":{"start":{"line":101,"column":4},"end":{"line":101,"column":61}},"type":"if","locations":[{"start":{"line":101,"column":4},"end":{"line":101,"column":61}},{"start":{},"end":{}}]}},"s":{"0":1,"1":1,"2":1,"3":1,"4":1,"5":1,"6":1,"7":0,"8":0,"9":0,"10":0,"11":0,"12":0,"13":0,"14":0,"15":0,"16":0,"17":0,"18":0,"19":0,"20":0,"21":0,"22":0,"23":0,"24":0,"25":0,"26":0,"27":0,"28":0,"29":0,"30":0,"31":0,"32":0,"33":0,"34":0,"35":0,"36":0,"37":0,"38":0,"39":0,"40":0,"41":0,"42":0,"43":0,"44":0,"45":0,"46":0,"47":0,"48":1,"49":1},"f":{"0":0,"1":0,"2":0,"3":0,"4":0,"5":0,"6":0},"b":{"0":[0,0],"1":[0,0],"2":[0,0],"3":[0,0],"4":[0,0],"5":[0,0],"6":[0,0],"7":[0,0],"8":[0,0],"9":[0,0],"10":[0,0]}}
}
