TN:
SF:src/app.controller.ts
FN:12,(anonymous_2)
FNF:1
FNH:0
FNDA:0,(anonymous_2)
DA:1,0
DA:4,0
DA:12,0
DA:13,0
LF:4
LH:0
BRF:0
BRH:0
end_of_record
TN:
SF:src/app.module.ts
FNF:0
FNH:0
DA:1,0
DA:2,0
DA:3,0
DA:4,0
DA:5,0
DA:6,0
DA:7,0
DA:8,0
DA:9,0
DA:10,0
DA:11,0
DA:12,0
DA:13,0
DA:14,0
DA:15,0
DA:16,0
DA:17,0
DA:18,0
DA:40,0
LF:19
LH:0
BRF:0
BRH:0
end_of_record
TN:
SF:src/app.service.ts
FNF:0
FNH:0
DA:1,0
DA:5,0
LF:2
LH:0
BRF:0
BRH:0
end_of_record
TN:
SF:src/main.ts
FN:12,bootstrap
FN:74,(anonymous_1)
FNF:2
FNH:0
FNDA:0,bootstrap
FNDA:0,(anonymous_1)
DA:1,0
DA:2,0
DA:3,0
DA:4,0
DA:5,0
DA:6,0
DA:8,0
DA:10,0
DA:13,0
DA:19,0
DA:20,0
DA:21,0
DA:24,0
DA:25,0
DA:27,0
DA:28,0
DA:32,0
DA:36,0
DA:41,0
DA:46,0
DA:50,0
DA:52,0
DA:53,0
DA:54,0
DA:56,0
DA:59,0
DA:61,0
DA:70,0
DA:71,0
DA:73,0
DA:75,0
DA:76,0
DA:77,0
DA:78,0
DA:80,0
DA:87,0
DA:89,0
LF:37
LH:0
BRDA:76,0,0,0
BRDA:76,0,1,0
BRDA:87,1,0,0
BRDA:87,1,1,0
BRF:4
BRH:0
end_of_record
TN:
SF:src/mikro-orm.config.ts
FNF:0
FNH:0
DA:1,0
DA:2,0
DA:3,0
DA:5,0
DA:7,0
DA:9,0
DA:31,0
LF:7
LH:0
BRDA:12,0,0,0
BRDA:12,0,1,0
BRDA:13,1,0,0
BRDA:13,1,1,0
BRDA:14,2,0,0
BRDA:14,2,1,0
BRDA:15,3,0,0
BRDA:15,3,1,0
BRDA:16,4,0,0
BRDA:16,4,1,0
BRF:10
BRH:0
end_of_record
TN:
SF:src/auth/auth.controller.ts
FN:28,(anonymous_4)
FN:40,(anonymous_5)
FN:52,(anonymous_6)
FN:79,(anonymous_7)
FN:91,(anonymous_8)
FN:104,(anonymous_9)
FN:124,(anonymous_10)
FN:145,(anonymous_11)
FN:158,(anonymous_12)
FN:172,(anonymous_13)
FNF:10
FNH:0
FNDA:0,(anonymous_4)
FNDA:0,(anonymous_5)
FNDA:0,(anonymous_6)
FNDA:0,(anonymous_7)
FNDA:0,(anonymous_8)
FNDA:0,(anonymous_9)
FNDA:0,(anonymous_10)
FNDA:0,(anonymous_11)
FNDA:0,(anonymous_12)
FNDA:0,(anonymous_13)
DA:1,0
DA:14,0
DA:15,0
DA:16,0
DA:17,0
DA:18,0
DA:19,0
DA:20,0
DA:21,0
DA:22,0
DA:23,0
DA:27,0
DA:29,0
DA:30,0
DA:31,0
DA:32,0
DA:40,0
DA:41,0
DA:52,0
DA:53,0
DA:56,0
DA:65,0
DA:66,0
DA:79,0
DA:80,0
DA:91,0
DA:92,0
DA:104,0
DA:108,0
DA:110,0
DA:111,0
DA:124,0
DA:128,0
DA:133,0
DA:145,0
DA:146,0
DA:147,0
DA:158,0
DA:160,0
DA:172,0
DA:173,0
DA:174,0
DA:175,0
DA:179,0
DA:180,0
DA:181,0
DA:182,0
DA:183,0
DA:185,0
DA:188,0
DA:189,0
DA:190,0
DA:191,0
DA:194,0
LF:54
LH:0
BRDA:174,0,0,0
BRDA:174,0,1,0
BRDA:181,1,0,0
BRDA:181,1,1,0
BRDA:190,2,0,0
BRDA:190,2,1,0
BRDA:190,3,0,0
BRDA:190,3,1,0
BRF:8
BRH:0
end_of_record
TN:
SF:src/auth/auth.module.ts
FN:18,(anonymous_1)
FN:19,(anonymous_2)
FNF:2
FNH:0
FNDA:0,(anonymous_1)
FNDA:0,(anonymous_2)
DA:1,0
DA:2,0
DA:3,0
DA:4,0
DA:5,0
DA:6,0
DA:7,0
DA:8,0
DA:9,0
DA:18,0
DA:20,0
DA:21,0
DA:22,0
DA:23,0
DA:34,0
LF:15
LH:0
BRDA:21,0,0,0
BRDA:21,0,1,0
BRF:2
BRH:0
end_of_record
TN:
SF:src/auth/auth.service.ts
FN:8,(anonymous_11)
FN:13,(anonymous_12)
FN:30,(anonymous_13)
FN:42,(anonymous_14)
FNF:4
FNH:3
FNDA:4,(anonymous_11)
FNDA:3,(anonymous_12)
FNDA:1,(anonymous_13)
FNDA:0,(anonymous_14)
DA:1,1
DA:2,1
DA:3,1
DA:4,1
DA:7,1
DA:9,4
DA:10,4
DA:14,3
DA:15,3
DA:16,0
DA:18,3
DA:19,3
DA:20,2
DA:21,1
DA:24,1
DA:25,1
DA:27,1
DA:31,1
DA:35,1
DA:43,0
DA:44,0
LF:21
LH:18
BRDA:15,0,0,0
BRDA:15,0,1,3
BRDA:19,1,0,2
BRDA:19,1,1,1
BRDA:19,2,0,3
BRDA:19,2,1,3
BRDA:20,3,0,1
BRDA:20,3,1,1
BRF:8
BRH:7
end_of_record
TN:
SF:src/auth/dto/change-password.dto.ts
FNF:0
FNH:0
DA:1,0
DA:6,0
DA:10,0
DA:15,0
LF:4
LH:0
BRF:0
BRH:0
end_of_record
TN:
SF:src/auth/dto/login.dto.ts
FNF:0
FNH:0
DA:1,0
DA:3,0
DA:5,0
DA:9,0
LF:4
LH:0
BRF:0
BRH:0
end_of_record
TN:
SF:src/auth/dto/refresh-token.dto.ts
FNF:0
FNH:0
DA:1,0
DA:6,0
DA:10,0
LF:3
LH:0
BRF:0
BRH:0
end_of_record
TN:
SF:src/auth/dto/register.dto.ts
FNF:0
FNH:0
DA:1,0
DA:9,0
DA:11,0
DA:15,0
DA:19,0
DA:23,0
DA:27,0
DA:31,0
DA:34,0
LF:9
LH:0
BRF:0
BRH:0
end_of_record
TN:
SF:src/auth/dto/update-me.dto.ts
FNF:0
FNH:0
DA:1,0
DA:6,0
DA:10,0
DA:15,0
LF:4
LH:0
BRF:0
BRH:0
end_of_record
TN:
SF:src/auth/guards/jwt-auth.guard.ts
FN:10,(anonymous_1)
FN:14,(anonymous_2)
FNF:2
FNH:0
FNDA:0,(anonymous_1)
FNDA:0,(anonymous_2)
DA:1,0
DA:6,0
DA:9,0
DA:11,0
DA:15,0
DA:16,0
DA:18,0
LF:7
LH:0
BRDA:15,0,0,0
BRDA:15,0,1,0
BRDA:15,1,0,0
BRDA:15,1,1,0
BRDA:16,2,0,0
BRDA:16,2,1,0
BRF:6
BRH:0
end_of_record
TN:
SF:src/auth/guards/local-auth.guard.ts
FNF:0
FNH:0
DA:1,0
DA:2,0
DA:5,0
LF:3
LH:0
BRF:0
BRH:0
end_of_record
TN:
SF:src/auth/guards/optional-jwt-auth.guard.ts
FN:6,(anonymous_1)
FNF:1
FNH:0
FNDA:0,(anonymous_1)
DA:1,0
DA:2,0
DA:5,0
DA:8,0
LF:4
LH:0
BRDA:8,0,0,0
BRDA:8,0,1,0
BRF:2
BRH:0
end_of_record
TN:
SF:src/auth/strategies/jwt.strategy.ts
FN:9,(anonymous_2)
FN:16,(anonymous_3)
FN:24,(anonymous_4)
FNF:3
FNH:0
FNDA:0,(anonymous_2)
FNDA:0,(anonymous_3)
FNDA:0,(anonymous_4)
DA:1,0
DA:2,0
DA:3,0
DA:4,0
DA:5,0
DA:8,0
DA:10,0
DA:11,0
DA:13,0
DA:17,0
DA:18,0
DA:19,0
DA:25,0
DA:26,0
DA:27,0
DA:29,0
LF:16
LH:0
BRDA:18,0,0,0
BRDA:18,0,1,0
BRDA:26,1,0,0
BRDA:26,1,1,0
BRDA:26,2,0,0
BRDA:26,2,1,0
BRF:6
BRH:0
end_of_record
TN:
SF:src/auth/strategies/local.strategy.ts
FN:8,(anonymous_2)
FN:12,(anonymous_3)
FNF:2
FNH:0
FNDA:0,(anonymous_2)
FNDA:0,(anonymous_3)
DA:1,0
DA:2,0
DA:3,0
DA:4,0
DA:7,0
DA:8,0
DA:9,0
DA:13,0
DA:14,0
DA:15,0
DA:17,0
LF:11
LH:0
BRDA:14,0,0,0
BRDA:14,0,1,0
BRF:2
BRH:0
end_of_record
TN:
SF:src/common/common.module.ts
FNF:0
FNH:0
DA:1,0
DA:2,0
DA:3,0
DA:16,0
LF:4
LH:0
BRF:0
BRH:0
end_of_record
TN:
SF:src/common/config/env.validation.ts
FN:10,(anonymous_2)
FN:130,validate
FNF:2
FNH:0
FNDA:0,(anonymous_2)
FNDA:0,validate
DA:1,0
DA:2,0
DA:10,0
DA:11,0
DA:12,0
DA:13,0
DA:16,0
DA:19,0
DA:23,0
DA:27,0
DA:31,0
DA:36,0
DA:40,0
DA:44,0
DA:48,0
DA:52,0
DA:57,0
DA:61,0
DA:65,0
DA:70,0
DA:74,0
DA:78,0
DA:82,0
DA:87,0
DA:91,0
DA:96,0
DA:100,0
DA:105,0
DA:111,0
DA:119,0
DA:123,0
DA:127,0
DA:130,0
DA:131,0
DA:135,0
DA:139,0
DA:140,0
DA:143,0
LF:38
LH:0
BRDA:10,0,0,0
BRDA:10,0,1,0
BRDA:139,1,0,0
BRDA:139,1,1,0
BRF:4
BRH:0
end_of_record
TN:
SF:src/common/enums/role.enum.ts
FN:1,(anonymous_0)
FNF:1
FNH:1
FNDA:3,(anonymous_0)
DA:1,3
DA:2,3
DA:3,3
DA:4,3
LF:4
LH:4
BRDA:1,0,0,3
BRDA:1,0,1,3
BRF:2
BRH:2
end_of_record
TN:
SF:src/common/filters/all-exceptions.filter.ts
FN:15,(anonymous_1)
FNF:1
FNH:0
FNDA:0,(anonymous_1)
DA:1,0
DA:12,0
DA:13,0
DA:16,0
DA:17,0
DA:18,0
DA:20,0
DA:21,0
DA:22,0
DA:24,0
DA:25,0
DA:26,0
DA:28,0
DA:29,0
DA:30,0
DA:31,0
DA:32,0
DA:33,0
DA:35,0
DA:36,0
DA:39,0
DA:45,0
LF:22
LH:0
BRDA:24,0,0,0
BRDA:24,0,1,0
BRDA:28,1,0,0
BRDA:28,1,1,0
BRDA:31,2,0,0
BRDA:31,2,1,0
BRDA:31,3,0,0
BRDA:31,3,1,0
BRDA:32,4,0,0
BRDA:32,4,1,0
BRDA:33,5,0,0
BRDA:33,5,1,0
BRDA:35,6,0,0
BRDA:35,6,1,0
BRDA:41,7,0,0
BRDA:41,7,1,0
BRF:16
BRH:0
end_of_record
TN:
SF:src/common/guards/internal-token.guard.ts
FN:24,(anonymous_2)
FN:33,(anonymous_3)
FNF:2
FNH:0
FNDA:0,(anonymous_2)
FNDA:0,(anonymous_3)
DA:1,0
DA:7,0
DA:23,0
DA:24,0
DA:34,0
DA:35,0
DA:36,0
DA:38,0
DA:39,0
DA:44,0
LF:10
LH:0
BRDA:38,0,0,0
BRDA:38,0,1,0
BRDA:38,1,0,0
BRDA:38,1,1,0
BRDA:38,1,2,0
BRF:5
BRH:0
end_of_record
TN:
SF:src/common/interceptors/transform.interceptor.ts
FN:19,(anonymous_1)
FN:24,(anonymous_2)
FNF:2
FNH:0
FNDA:0,(anonymous_1)
FNDA:0,(anonymous_2)
DA:1,0
DA:8,0
DA:15,0
DA:23,0
DA:29,0
LF:5
LH:0
BRF:0
BRH:0
end_of_record
TN:
SF:src/common/types/vector.type.ts
FN:18,(anonymous_0)
FN:28,(anonymous_1)
FN:39,(anonymous_2)
FN:43,(anonymous_3)
FNF:4
FNH:0
FNDA:0,(anonymous_0)
FNDA:0,(anonymous_1)
FNDA:0,(anonymous_2)
FNDA:0,(anonymous_3)
DA:10,1
DA:12,1
DA:19,0
DA:20,0
DA:21,0
DA:29,0
DA:30,0
DA:31,0
DA:32,0
DA:34,0
DA:35,0
DA:40,0
DA:44,0
LF:13
LH:2
BRDA:19,0,0,0
BRDA:19,0,1,0
BRDA:19,1,0,0
BRDA:19,1,1,0
BRDA:20,2,0,0
BRDA:20,2,1,0
BRDA:29,3,0,0
BRDA:29,3,1,0
BRDA:29,4,0,0
BRDA:29,4,1,0
BRDA:30,5,0,0
BRDA:30,5,1,0
BRDA:32,6,0,0
BRDA:32,6,1,0
BRDA:32,7,0,0
BRDA:32,7,1,0
BRDA:34,8,0,0
BRDA:34,8,1,0
BRDA:40,9,0,0
BRDA:40,9,1,0
BRF:20
BRH:0
end_of_record
TN:
SF:src/common/utils/metrics.util.ts
FN:42,emitEMF
FN:54,(anonymous_1)
FN:62,(anonymous_2)
FNF:3
FNH:3
FNDA:13,emitEMF
FNDA:52,(anonymous_1)
FNDA:52,(anonymous_2)
DA:42,1
DA:47,13
DA:54,52
DA:62,52
DA:65,13
LF:5
LH:5
BRDA:54,0,0,0
BRF:1
BRH:0
end_of_record
TN:
SF:src/common/utils/resume-parser.util.ts
FN:11,(anonymous_10)
FN:36,(anonymous_11)
FN:61,(anonymous_12)
FNF:3
FNH:2
FNDA:0,(anonymous_10)
FNDA:1,(anonymous_11)
FNDA:18,(anonymous_12)
DA:1,1
DA:2,1
DA:7,1
DA:12,0
DA:13,0
DA:14,0
DA:17,0
DA:21,0
DA:22,0
DA:25,0
DA:26,0
DA:29,0
DA:37,1
DA:58,1
DA:59,1
DA:61,1
DA:62,18
DA:63,1
DA:67,1
LF:19
LH:10
BRDA:12,0,0,0
BRDA:12,0,1,0
BRDA:17,1,0,0
BRDA:17,1,1,0
BRDA:25,2,0,0
BRDA:25,2,1,0
BRDA:62,3,0,1
BRDA:62,3,1,17
BRF:8
BRH:2
end_of_record
TN:
SF:src/courses/courses.controller.ts
FN:17,(anonymous_4)
FN:27,(anonymous_5)
FN:39,(anonymous_6)
FNF:3
FNH:0
FNDA:0,(anonymous_4)
FNDA:0,(anonymous_5)
FNDA:0,(anonymous_6)
DA:1,0
DA:9,0
DA:10,0
DA:12,0
DA:16,0
DA:17,0
DA:27,0
DA:28,0
DA:39,0
DA:43,0
LF:10
LH:0
BRF:0
BRH:0
end_of_record
TN:
SF:src/courses/courses.module.ts
FNF:0
FNH:0
DA:1,0
DA:2,0
DA:3,0
DA:4,0
DA:5,0
DA:6,0
DA:14,0
LF:7
LH:0
BRF:0
BRH:0
end_of_record
TN:
SF:src/courses/courses.service.ts
FN:8,(anonymous_4)
FN:13,(anonymous_5)
FN:17,(anonymous_6)
FNF:3
FNH:0
FNDA:0,(anonymous_4)
FNDA:0,(anonymous_5)
FNDA:0,(anonymous_6)
DA:1,0
DA:2,0
DA:3,0
DA:4,0
DA:7,0
DA:10,0
DA:14,0
DA:18,0
DA:22,0
DA:24,0
DA:25,0
DA:26,0
DA:27,0
DA:29,0
LF:14
LH:0
BRDA:22,0,0,0
BRDA:22,0,1,0
BRF:2
BRH:0
end_of_record
TN:
SF:src/domain/domain.controller.ts
FN:21,(anonymous_4)
FN:28,(anonymous_5)
FN:41,(anonymous_6)
FN:58,(anonymous_7)
FN:74,(anonymous_8)
FN:87,(anonymous_9)
FNF:6
FNH:0
FNDA:0,(anonymous_4)
FNDA:0,(anonymous_5)
FNDA:0,(anonymous_6)
FNDA:0,(anonymous_7)
FNDA:0,(anonymous_8)
FNDA:0,(anonymous_9)
DA:1,0
DA:10,0
DA:11,0
DA:12,0
DA:13,0
DA:20,0
DA:21,0
DA:28,0
DA:29,0
DA:41,0
DA:45,0
DA:46,0
DA:58,0
DA:62,0
DA:63,0
DA:74,0
DA:75,0
DA:76,0
DA:87,0
DA:88,0
LF:20
LH:0
BRDA:45,0,0,0
BRDA:45,0,1,0
BRDA:62,1,0,0
BRDA:62,1,1,0
BRDA:75,2,0,0
BRDA:75,2,1,0
BRF:6
BRH:0
end_of_record
TN:
SF:src/domain/domain.module.ts
FNF:0
FNH:0
DA:1,0
DA:2,0
DA:3,0
DA:4,0
DA:5,0
DA:6,0
DA:7,0
DA:8,0
DA:9,0
DA:25,0
LF:10
LH:0
BRF:0
BRH:0
end_of_record
TN:
SF:src/domain/domain.service.ts
FN:14,(anonymous_4)
FN:28,(anonymous_5)
FN:33,(anonymous_6)
FN:56,(anonymous_7)
FN:81,(anonymous_8)
FN:93,(anonymous_9)
FN:94,(anonymous_10)
FN:100,(anonymous_11)
FN:123,(anonymous_12)
FN:135,(anonymous_13)
FN:147,(anonymous_14)
FN:149,(anonymous_15)
FN:152,(anonymous_16)
FN:154,(anonymous_17)
FN:157,(anonymous_18)
FN:182,(anonymous_19)
FN:183,(anonymous_20)
FN:187,(anonymous_21)
FN:189,(anonymous_22)
FN:199,(anonymous_23)
FN:215,(anonymous_24)
FN:216,(anonymous_25)
FN:218,(anonymous_26)
FNF:23
FNH:0
FNDA:0,(anonymous_4)
FNDA:0,(anonymous_5)
FNDA:0,(anonymous_6)
FNDA:0,(anonymous_7)
FNDA:0,(anonymous_8)
FNDA:0,(anonymous_9)
FNDA:0,(anonymous_10)
FNDA:0,(anonymous_11)
FNDA:0,(anonymous_12)
FNDA:0,(anonymous_13)
FNDA:0,(anonymous_14)
FNDA:0,(anonymous_15)
FNDA:0,(anonymous_16)
FNDA:0,(anonymous_17)
FNDA:0,(anonymous_18)
FNDA:0,(anonymous_19)
FNDA:0,(anonymous_20)
FNDA:0,(anonymous_21)
FNDA:0,(anonymous_22)
FNDA:0,(anonymous_23)
FNDA:0,(anonymous_24)
FNDA:0,(anonymous_25)
FNDA:0,(anonymous_26)
DA:1,0
DA:2,0
DA:3,0
DA:4,0
DA:5,0
DA:6,0
DA:7,0
DA:8,0
DA:10,0
DA:13,0
DA:16,0
DA:18,0
DA:20,0
DA:22,0
DA:24,0
DA:32,0
DA:33,0
DA:35,0
DA:36,0
DA:38,0
DA:39,0
DA:40,0
DA:42,0
DA:46,0
DA:48,0
DA:50,0
DA:51,0
DA:53,0
DA:57,0
DA:58,0
DA:59,0
DA:60,0
DA:62,0
DA:63,0
DA:64,0
DA:65,0
DA:68,0
DA:69,0
DA:71,0
DA:82,0
DA:83,0
DA:84,0
DA:85,0
DA:86,0
DA:88,0
DA:89,0
DA:91,0
DA:92,0
DA:93,0
DA:94,0
DA:95,0
DA:100,0
DA:101,0
DA:102,0
DA:120,0
DA:124,0
DA:128,0
DA:129,0
DA:132,0
DA:136,0
DA:138,0
DA:140,0
DA:141,0
DA:142,0
DA:143,0
DA:146,0
DA:147,0
DA:149,0
DA:151,0
DA:152,0
DA:154,0
DA:156,0
DA:157,0
DA:174,0
DA:175,0
DA:176,0
DA:177,0
DA:181,0
DA:182,0
DA:183,0
DA:186,0
DA:187,0
DA:189,0
DA:191,0
DA:200,0
DA:205,0
DA:206,0
DA:209,0
DA:212,0
DA:214,0
DA:215,0
DA:216,0
DA:218,0
DA:221,0
DA:222,0
DA:223,0
DA:224,0
DA:225,0
DA:228,0
DA:231,0
DA:232,0
DA:234,0
LF:102
LH:0
BRDA:33,0,0,0
BRDA:33,0,1,0
BRDA:39,1,0,0
BRDA:39,1,1,0
BRDA:48,2,0,0
BRDA:48,2,1,0
BRDA:48,3,0,0
BRDA:48,3,1,0
BRDA:50,4,0,0
BRDA:50,4,1,0
BRDA:50,5,0,0
BRDA:50,5,1,0
BRDA:56,6,0,0
BRDA:57,7,0,0
BRDA:57,7,1,0
BRDA:58,8,0,0
BRDA:58,8,1,0
BRDA:62,9,0,0
BRDA:62,9,1,0
BRDA:62,10,0,0
BRDA:62,10,1,0
BRDA:83,11,0,0
BRDA:83,11,1,0
BRDA:84,12,0,0
BRDA:84,12,1,0
BRDA:85,13,0,0
BRDA:85,13,1,0
BRDA:91,14,0,0
BRDA:91,14,1,0
BRDA:94,15,0,0
BRDA:94,15,1,0
BRDA:106,16,0,0
BRDA:106,16,1,0
BRDA:108,17,0,0
BRDA:108,17,1,0
BRDA:111,18,0,0
BRDA:111,18,1,0
BRDA:112,19,0,0
BRDA:112,19,1,0
BRDA:113,20,0,0
BRDA:113,20,1,0
BRDA:128,21,0,0
BRDA:128,21,1,0
BRDA:138,22,0,0
BRDA:138,22,1,0
BRDA:143,23,0,0
BRDA:143,23,1,0
BRDA:176,24,0,0
BRDA:176,24,1,0
BRDA:177,25,0,0
BRDA:177,25,1,0
BRDA:187,26,0,0
BRDA:187,26,1,0
BRDA:187,27,0,0
BRDA:187,27,1,0
BRDA:205,28,0,0
BRDA:205,28,1,0
BRDA:231,29,0,0
BRDA:231,29,1,0
BRDA:239,30,0,0
BRDA:239,30,1,0
BRDA:241,31,0,0
BRDA:241,31,1,0
BRF:63
BRH:0
end_of_record
TN:
SF:src/domain/dto/domain.dto.ts
FNF:0
FNH:0
DA:1,0
DA:9,0
DA:10,0
DA:11,0
DA:12,0
DA:13,0
DA:16,0
DA:17,0
DA:18,0
DA:21,0
DA:24,0
LF:11
LH:0
BRF:0
BRH:0
end_of_record
TN:
SF:src/entities/document-chunk.entity.ts
FN:67,(anonymous_2)
FN:71,(anonymous_3)
FNF:2
FNH:0
FNDA:0,(anonymous_2)
FNDA:0,(anonymous_3)
DA:13,1
DA:23,1
DA:24,1
DA:25,1
DA:32,1
DA:36,1
DA:40,1
DA:48,1
DA:52,1
DA:56,1
DA:64,1
DA:67,0
DA:68,1
DA:71,0
DA:72,1
DA:75,1
LF:16
LH:14
BRF:0
BRH:0
end_of_record
TN:
SF:src/entities/job-role.entity.ts
FN:36,(anonymous_2)
FNF:1
FNH:0
FNDA:0,(anonymous_2)
DA:1,0
DA:2,0
DA:5,0
DA:7,0
DA:10,0
DA:13,0
DA:16,0
DA:19,0
DA:22,0
DA:25,0
DA:28,0
DA:31,0
DA:34,0
DA:36,0
DA:37,0
LF:15
LH:0
BRF:0
BRH:0
end_of_record
TN:
SF:src/entities/market-insight.entity.ts
FN:35,(anonymous_2)
FN:40,(anonymous_3)
FNF:2
FNH:0
FNDA:0,(anonymous_2)
FNDA:0,(anonymous_3)
DA:1,0
DA:2,0
DA:5,0
DA:7,0
DA:10,0
DA:13,0
DA:16,0
DA:19,0
DA:22,0
DA:25,0
DA:28,0
DA:31,0
DA:35,0
DA:38,0
DA:40,0
DA:41,0
LF:16
LH:0
BRF:0
BRH:0
end_of_record
TN:
SF:src/entities/profile-snapshot.entity.ts
FN:9,(anonymous_2)
FNF:1
FNH:0
FNDA:0,(anonymous_2)
DA:1,2
DA:2,2
DA:5,2
DA:7,2
DA:9,0
DA:10,2
DA:13,2
DA:16,2
DA:19,2
DA:22,2
DA:25,2
LF:11
LH:10
BRF:0
BRH:0
end_of_record
TN:
SF:src/entities/rag-feedback.entity.ts
FN:25,(anonymous_2)
FN:33,(anonymous_3)
FNF:2
FNH:0
FNDA:0,(anonymous_2)
FNDA:0,(anonymous_3)
DA:1,1
DA:9,1
DA:10,1
DA:20,1
DA:22,1
DA:25,0
DA:30,1
DA:33,0
DA:39,1
DA:43,1
DA:47,1
DA:50,1
LF:12
LH:10
BRF:0
BRH:0
end_of_record
TN:
SF:src/entities/sctp-course.entity.ts
FN:48,(anonymous_2)
FNF:1
FNH:0
FNDA:0,(anonymous_2)
DA:1,0
DA:2,0
DA:5,0
DA:7,0
DA:10,0
DA:13,0
DA:16,0
DA:19,0
DA:22,0
DA:25,0
DA:28,0
DA:31,0
DA:34,0
DA:37,0
DA:40,0
DA:43,0
DA:46,0
DA:48,0
DA:49,0
LF:19
LH:0
BRF:0
BRH:0
end_of_record
TN:
SF:src/entities/skill-progress.entity.ts
FN:19,(anonymous_2)
FN:31,(anonymous_3)
FNF:2
FNH:0
FNDA:0,(anonymous_2)
FNDA:0,(anonymous_3)
DA:1,0
DA:9,0
DA:10,0
DA:13,0
DA:17,0
DA:19,0
DA:20,0
DA:23,0
DA:26,0
DA:29,0
DA:31,0
DA:32,0
LF:12
LH:0
BRF:0
BRH:0
end_of_record
TN:
SF:src/entities/skill.entity.ts
FN:15,(anonymous_2)
FNF:1
FNH:0
FNDA:0,(anonymous_2)
DA:1,0
DA:2,0
DA:5,0
DA:7,0
DA:10,0
DA:13,0
DA:15,0
DA:16,0
LF:8
LH:0
BRF:0
BRH:0
end_of_record
TN:
SF:src/entities/ssg-cache.entity.ts
FNF:0
FNH:0
DA:1,0
DA:9,0
DA:11,0
DA:14,0
DA:17,0
DA:20,0
DA:23,0
LF:7
LH:0
BRF:0
BRH:0
end_of_record
TN:
SF:src/entities/tenant.entity.ts
FN:18,(anonymous_2)
FN:18,(anonymous_3)
FNF:2
FNH:0
FNDA:0,(anonymous_2)
FNDA:0,(anonymous_3)
DA:1,3
DA:8,3
DA:11,3
DA:13,3
DA:16,3
DA:18,0
DA:19,3
LF:7
LH:6
BRF:0
BRH:0
end_of_record
TN:
SF:src/entities/user-profile.entity.ts
FN:29,(anonymous_2)
FN:32,(anonymous_3)
FN:68,(anonymous_4)
FN:68,(anonymous_5)
FNF:4
FNH:0
FNDA:0,(anonymous_2)
FNDA:0,(anonymous_3)
FNDA:0,(anonymous_4)
FNDA:0,(anonymous_5)
DA:1,2
DA:11,2
DA:12,2
DA:13,2
DA:16,2
DA:27,2
DA:29,0
DA:30,2
DA:32,0
DA:33,2
DA:36,2
DA:39,2
DA:42,2
DA:45,2
DA:48,2
DA:51,2
DA:54,2
DA:57,2
DA:60,2
DA:63,2
DA:66,2
DA:68,0
DA:69,2
LF:23
LH:20
BRF:0
BRH:0
end_of_record
TN:
SF:src/entities/user.entity.ts
FN:41,(anonymous_2)
FN:44,(anonymous_3)
FNF:2
FNH:0
FNDA:0,(anonymous_2)
FNDA:0,(anonymous_3)
DA:1,3
DA:10,3
DA:11,3
DA:14,3
DA:18,3
DA:21,3
DA:24,3
DA:27,3
DA:30,3
DA:33,3
DA:36,3
DA:39,3
DA:41,0
DA:42,3
DA:44,0
DA:45,3
LF:16
LH:14
BRF:0
BRH:0
end_of_record
TN:
SF:src/intelligence/intelligence.controller.ts
FN:21,(anonymous_4)
FN:28,(anonymous_5)
FN:35,(anonymous_6)
FN:46,(anonymous_7)
FN:64,(anonymous_8)
FN:82,(anonymous_9)
FNF:6
FNH:0
FNDA:0,(anonymous_4)
FNDA:0,(anonymous_5)
FNDA:0,(anonymous_6)
FNDA:0,(anonymous_7)
FNDA:0,(anonymous_8)
FNDA:0,(anonymous_9)
DA:1,0
DA:10,0
DA:11,0
DA:16,0
DA:20,0
DA:21,0
DA:28,0
DA:29,0
DA:35,0
DA:39,0
DA:40,0
DA:46,0
DA:50,0
DA:51,0
DA:55,0
DA:64,0
DA:68,0
DA:69,0
DA:73,0
DA:82,0
DA:86,0
DA:87,0
LF:22
LH:0
BRDA:39,0,0,0
BRDA:39,0,1,0
BRDA:50,1,0,0
BRDA:50,1,1,0
BRDA:56,2,0,0
BRDA:56,2,1,0
BRDA:68,3,0,0
BRDA:68,3,1,0
BRDA:86,4,0,0
BRDA:86,4,1,0
BRF:10
BRH:0
end_of_record
TN:
SF:src/intelligence/intelligence.module.ts
FNF:0
FNH:0
DA:1,0
DA:2,0
DA:3,0
DA:4,0
DA:5,0
DA:6,0
DA:7,0
DA:8,0
DA:9,0
DA:10,0
DA:11,0
DA:24,0
LF:12
LH:0
BRF:0
BRH:0
end_of_record
TN:
SF:src/intelligence/intelligence.service.ts
FN:14,(anonymous_4)
FN:25,(anonymous_5)
FN:37,(anonymous_6)
FN:61,(anonymous_7)
FN:103,(anonymous_8)
FN:109,(anonymous_9)
FN:127,(anonymous_10)
FN:162,(anonymous_11)
FN:178,(anonymous_12)
FN:210,(anonymous_13)
FN:219,(anonymous_14)
FN:236,(anonymous_15)
FN:248,(anonymous_16)
FN:249,(anonymous_17)
FN:254,(anonymous_18)
FN:256,(anonymous_19)
FN:261,(anonymous_20)
FN:275,(anonymous_21)
FN:293,(anonymous_22)
FN:308,(anonymous_23)
FN:312,(anonymous_24)
FN:338,(anonymous_25)
FN:368,(anonymous_26)
FN:397,(anonymous_27)
FN:398,(anonymous_28)
FN:406,(anonymous_29)
FN:410,(anonymous_30)
FNF:27
FNH:0
FNDA:0,(anonymous_4)
FNDA:0,(anonymous_5)
FNDA:0,(anonymous_6)
FNDA:0,(anonymous_7)
FNDA:0,(anonymous_8)
FNDA:0,(anonymous_9)
FNDA:0,(anonymous_10)
FNDA:0,(anonymous_11)
FNDA:0,(anonymous_12)
FNDA:0,(anonymous_13)
FNDA:0,(anonymous_14)
FNDA:0,(anonymous_15)
FNDA:0,(anonymous_16)
FNDA:0,(anonymous_17)
FNDA:0,(anonymous_18)
FNDA:0,(anonymous_19)
FNDA:0,(anonymous_20)
FNDA:0,(anonymous_21)
FNDA:0,(anonymous_22)
FNDA:0,(anonymous_23)
FNDA:0,(anonymous_24)
FNDA:0,(anonymous_25)
FNDA:0,(anonymous_26)
FNDA:0,(anonymous_27)
FNDA:0,(anonymous_28)
FNDA:0,(anonymous_29)
FNDA:0,(anonymous_30)
DA:1,0
DA:2,0
DA:3,0
DA:4,0
DA:5,0
DA:7,0
DA:8,0
DA:9,0
DA:10,0
DA:13,0
DA:16,0
DA:18,0
DA:19,0
DA:20,0
DA:21,0
DA:36,0
DA:37,0
DA:39,0
DA:40,0
DA:42,0
DA:43,0
DA:44,0
DA:46,0
DA:51,0
DA:53,0
DA:55,0
DA:56,0
DA:58,0
DA:69,0
DA:72,0
DA:73,0
DA:76,0
DA:77,0
DA:81,0
DA:85,0
DA:86,0
DA:90,0
DA:91,0
DA:94,0
DA:95,0
DA:99,0
DA:100,0
DA:104,0
DA:105,0
DA:106,0
DA:110,0
DA:111,0
DA:112,0
DA:113,0
DA:117,0
DA:118,0
DA:123,0
DA:124,0
DA:125,0
DA:127,0
DA:128,0
DA:129,0
DA:134,0
DA:141,0
DA:147,0
DA:148,0
DA:150,0
DA:156,0
DA:166,0
DA:167,0
DA:172,0
DA:173,0
DA:176,0
DA:177,0
DA:186,0
DA:187,0
DA:210,0
DA:214,0
DA:215,0
DA:216,0
DA:217,0
DA:219,0
DA:226,0
DA:227,0
DA:233,0
DA:237,0
DA:242,0
DA:243,0
DA:246,0
DA:247,0
DA:248,0
DA:249,0
DA:252,0
DA:254,0
DA:255,0
DA:256,0
DA:259,0
DA:262,0
DA:263,0
DA:276,0
DA:277,0
DA:291,0
DA:294,0
DA:298,0
DA:307,0
DA:309,0
DA:310,0
DA:312,0
DA:320,0
DA:321,0
DA:322,0
DA:323,0
DA:324,0
DA:325,0
DA:329,0
DA:335,0
DA:340,0
DA:341,0
DA:342,0
DA:348,0
DA:349,0
DA:352,0
DA:355,0
DA:357,0
DA:374,0
DA:378,0
DA:379,0
DA:382,0
DA:387,0
DA:388,0
DA:392,0
DA:393,0
DA:394,0
DA:396,0
DA:397,0
DA:398,0
DA:399,0
DA:401,0
DA:405,0
DA:406,0
DA:410,0
DA:419,0
LF:137
LH:0
BRDA:37,0,0,0
BRDA:37,0,1,0
BRDA:43,1,0,0
BRDA:43,1,1,0
BRDA:53,2,0,0
BRDA:53,2,1,0
BRDA:53,3,0,0
BRDA:53,3,1,0
BRDA:55,4,0,0
BRDA:55,4,1,0
BRDA:55,5,0,0
BRDA:55,5,1,0
BRDA:76,6,0,0
BRDA:76,6,1,0
BRDA:85,7,0,0
BRDA:85,7,1,0
BRDA:90,8,0,0
BRDA:90,8,1,0
BRDA:94,9,0,0
BRDA:94,9,1,0
BRDA:96,10,0,0
BRDA:96,10,1,0
BRDA:104,11,0,0
BRDA:104,11,1,0
BRDA:105,12,0,0
BRDA:105,12,1,0
BRDA:110,13,0,0
BRDA:110,13,1,0
BRDA:112,14,0,0
BRDA:112,14,1,0
BRDA:117,15,0,0
BRDA:117,15,1,0
BRDA:118,16,0,0
BRDA:118,16,1,0
BRDA:118,17,0,0
BRDA:118,17,1,0
BRDA:128,18,0,0
BRDA:128,18,1,0
BRDA:144,19,0,0
BRDA:144,19,1,0
BRDA:150,20,0,0
BRDA:150,20,1,0
BRDA:154,21,0,0
BRDA:154,21,1,0
BRDA:166,22,0,0
BRDA:166,22,1,0
BRDA:172,23,0,0
BRDA:172,23,1,0
BRDA:216,24,0,0
BRDA:216,24,1,0
BRDA:216,25,0,0
BRDA:216,25,1,0
BRDA:242,26,0,0
BRDA:242,26,1,0
BRDA:256,27,0,0
BRDA:256,27,1,0
BRDA:262,28,0,0
BRDA:262,28,1,0
BRDA:265,29,0,0
BRDA:265,29,1,0
BRDA:269,30,0,0
BRDA:269,30,1,0
BRDA:276,31,0,0
BRDA:276,31,1,0
BRDA:294,32,0,0
BRDA:294,32,1,0
BRDA:294,33,0,0
BRDA:294,33,1,0
BRDA:309,34,0,0
BRDA:309,34,1,0
BRDA:322,35,0,0
BRDA:322,35,1,0
BRDA:358,36,0,0
BRDA:358,36,1,0
BRDA:359,37,0,0
BRDA:359,37,1,0
BRDA:360,38,0,0
BRDA:360,38,1,0
BRDA:362,39,0,0
BRDA:362,39,1,0
BRDA:378,40,0,0
BRDA:378,40,1,0
BRDA:382,41,0,0
BRDA:382,41,1,0
BRDA:402,42,0,0
BRDA:402,42,1,0
BRDA:413,43,0,0
BRDA:413,43,1,0
BRDA:416,44,0,0
BRDA:416,44,1,0
BRDA:420,45,0,0
BRDA:420,45,1,0
BRF:92
BRH:0
end_of_record
TN:
SF:src/intelligence/llm.service.ts
FN:50,(anonymous_2)
FN:99,(anonymous_3)
FN:100,(anonymous_4)
FN:102,(anonymous_5)
FN:121,(anonymous_6)
FN:135,(anonymous_7)
FN:187,(anonymous_8)
FN:199,(anonymous_9)
FN:235,(anonymous_10)
FN:269,(anonymous_11)
FN:280,(anonymous_12)
FN:309,(anonymous_13)
FN:314,(anonymous_14)
FN:344,(anonymous_15)
FNF:14
FNH:10
FNDA:14,(anonymous_2)
FNDA:42,(anonymous_3)
FNDA:42,(anonymous_4)
FNDA:42,(anonymous_5)
FNDA:6,(anonymous_6)
FNDA:13,(anonymous_7)
FNDA:8,(anonymous_8)
FNDA:0,(anonymous_9)
FNDA:3,(anonymous_10)
FNDA:0,(anonymous_11)
FNDA:0,(anonymous_12)
FNDA:2,(anonymous_13)
FNDA:4,(anonymous_14)
FNDA:0,(anonymous_15)
DA:18,1
DA:23,1
DA:30,1
DA:31,1
DA:32,1
DA:38,1
DA:39,14
DA:48,14
DA:50,14
DA:52,14
DA:54,14
DA:55,14
DA:58,14
DA:63,14
DA:65,14
DA:67,14
DA:72,14
DA:74,14
DA:76,14
DA:89,14
DA:92,14
DA:95,14
DA:98,14
DA:99,42
DA:100,42
DA:102,42
DA:103,14
DA:104,0
DA:109,14
DA:122,6
DA:140,13
DA:141,0
DA:146,13
DA:147,24
DA:148,24
DA:149,24
DA:150,12
DA:151,12
DA:154,12
DA:155,12
DA:157,12
DA:159,12
DA:160,12
DA:161,11
DA:166,1
DA:173,1
DA:188,8
DA:208,0
DA:210,0
DA:217,0
DA:222,0
DA:226,0
DA:243,3
DA:245,3
DA:252,3
DA:257,3
DA:258,3
DA:278,0
DA:281,0
DA:286,0
DA:288,0
DA:293,0
DA:298,0
DA:299,0
DA:313,2
DA:314,4
DA:318,2
DA:320,2
DA:325,2
DA:330,2
DA:331,2
DA:351,0
DA:353,0
DA:359,0
LF:74
LH:57
BRDA:54,0,0,14
BRDA:54,0,1,0
BRDA:56,1,0,14
BRDA:56,1,1,0
BRDA:59,2,0,14
BRDA:59,2,1,0
BRDA:65,3,0,14
BRDA:65,3,1,0
BRDA:68,4,0,14
BRDA:68,4,1,0
BRDA:74,5,0,14
BRDA:74,5,1,0
BRDA:89,6,0,14
BRDA:89,6,1,0
BRDA:92,7,0,14
BRDA:92,7,1,0
BRDA:95,8,0,14
BRDA:95,8,1,0
BRDA:100,9,0,42
BRDA:100,9,1,42
BRDA:103,10,0,0
BRDA:103,10,1,14
BRDA:140,11,0,0
BRDA:140,11,1,13
BRDA:160,12,0,11
BRDA:160,12,1,1
BRDA:222,13,0,0
BRDA:222,13,1,0
BRDA:257,14,0,3
BRDA:257,14,1,3
BRDA:281,15,0,0
BRDA:281,15,1,0
BRDA:298,16,0,0
BRDA:298,16,1,0
BRDA:330,17,0,2
BRDA:330,17,1,2
BRF:36
BRH:19
end_of_record
TN:
SF:src/intelligence/upload.controller.ts
FN:31,(anonymous_4)
FN:39,(anonymous_5)
FN:47,(anonymous_6)
FN:73,(anonymous_7)
FNF:4
FNH:0
FNDA:0,(anonymous_4)
FNDA:0,(anonymous_5)
FNDA:0,(anonymous_6)
FNDA:0,(anonymous_7)
DA:7,0
DA:18,0
DA:19,0
DA:20,0
DA:21,0
DA:22,0
DA:23,0
DA:24,0
DA:31,0
DA:32,0
DA:36,0
DA:37,0
DA:40,0
DA:41,0
DA:47,0
DA:52,0
DA:53,0
DA:57,0
DA:58,0
DA:60,0
DA:61,0
DA:62,0
DA:66,0
DA:69,0
DA:70,0
DA:71,0
DA:74,0
DA:77,0
LF:28
LH:0
BRDA:52,0,0,0
BRDA:52,0,1,0
BRDA:61,1,0,0
BRDA:61,1,1,0
BRDA:69,2,0,0
BRDA:69,2,1,0
BRDA:70,3,0,0
BRDA:70,3,1,0
BRF:8
BRH:0
end_of_record
TN:
SF:src/intelligence/dto/intelligence.dto.ts
FN:29,(anonymous_2)
FNF:1
FNH:0
FNDA:0,(anonymous_2)
DA:1,0
DA:8,0
DA:10,0
DA:12,0
DA:15,0
DA:18,0
DA:21,0
DA:25,0
DA:29,0
DA:30,0
DA:33,0
DA:36,0
DA:40,0
DA:43,0
DA:45,0
DA:48,0
DA:52,0
LF:17
LH:0
BRF:0
BRH:0
end_of_record
TN:
SF:src/intelligence/providers/claude.provider.ts
FN:31,(anonymous_0)
FN:60,(anonymous_1)
FN:72,(anonymous_2)
FN:80,(anonymous_3)
FNF:4
FNH:4
FNDA:14,(anonymous_0)
FNDA:14,(anonymous_1)
FNDA:8,(anonymous_2)
FNDA:8,(anonymous_3)
DA:12,1
DA:23,1
DA:24,14
DA:26,14
DA:32,14
DA:33,14
DA:35,14
DA:36,0
DA:39,0
DA:40,0
DA:43,14
DA:46,14
DA:47,14
DA:48,14
DA:49,14
DA:51,0
DA:55,0
DA:61,14
DA:76,8
DA:77,0
DA:80,8
DA:85,8
DA:92,5
DA:93,5
DA:94,0
DA:96,5
LF:26
LH:19
BRDA:31,0,0,0
BRDA:35,1,0,0
BRDA:35,1,1,14
BRDA:47,2,0,14
BRDA:47,2,1,0
BRDA:76,3,0,0
BRDA:76,3,1,8
BRDA:81,4,0,0
BRDA:81,4,1,8
BRDA:93,5,0,0
BRDA:93,5,1,5
BRDA:93,6,0,5
BRDA:93,6,1,5
BRF:13
BRH:7
end_of_record
TN:
SF:src/intelligence/providers/gemini.provider.ts
FN:28,(anonymous_0)
FN:54,(anonymous_1)
FN:69,(anonymous_2)
FN:88,(anonymous_3)
FNF:4
FNH:3
FNDA:14,(anonymous_0)
FNDA:14,(anonymous_1)
FNDA:3,(anonymous_2)
FNDA:0,(anonymous_3)
DA:10,1
DA:21,1
DA:22,14
DA:24,14
DA:29,14
DA:30,0
DA:31,0
DA:32,0
DA:33,0
DA:36,14
DA:38,14
DA:39,14
DA:40,14
DA:41,14
DA:42,14
DA:44,0
DA:48,0
DA:49,0
DA:55,14
DA:73,3
DA:74,0
DA:77,3
DA:79,3
DA:84,3
DA:85,2
DA:88,0
DA:93,0
DA:95,0
DA:103,0
DA:104,0
LF:30
LH:17
BRDA:29,0,0,0
BRDA:29,0,1,14
BRDA:73,1,0,0
BRDA:73,1,1,3
BRDA:77,2,0,3
BRDA:77,2,1,0
BRDA:79,3,0,3
BRDA:79,3,1,0
BRDA:89,4,0,0
BRDA:89,4,1,0
BRDA:103,5,0,0
BRDA:103,5,1,0
BRF:12
BRH:4
end_of_record
TN:
SF:src/intelligence/providers/groq.provider.ts
FN:30,(anonymous_0)
FN:63,(anonymous_1)
FN:78,(anonymous_2)
FN:91,(anonymous_3)
FNF:4
FNH:4
FNDA:14,(anonymous_0)
FNDA:14,(anonymous_1)
FNDA:13,(anonymous_2)
FNDA:13,(anonymous_3)
DA:12,1
DA:21,1
DA:22,14
DA:24,14
DA:36,14
DA:37,14
DA:38,14
DA:40,14
DA:41,0
DA:42,0
DA:43,0
DA:46,14
DA:49,14
DA:50,14
DA:51,14
DA:52,14
DA:54,0
DA:58,0
DA:64,14
DA:82,13
DA:83,0
DA:89,13
DA:91,13
DA:97,13
DA:104,5
LF:25
LH:19
BRDA:40,0,0,0
BRDA:40,0,1,14
BRDA:50,1,0,14
BRDA:50,1,1,0
BRDA:50,1,2,0
BRDA:82,2,0,0
BRDA:82,2,1,13
BRDA:92,3,0,0
BRDA:92,3,1,13
BRDA:104,4,0,5
BRDA:104,4,1,0
BRF:11
BRH:5
end_of_record
TN:
SF:src/internal/internal.controller.ts
FN:23,(anonymous_4)
FN:55,(anonymous_5)
FN:73,(anonymous_6)
FN:88,(anonymous_7)
FN:137,(anonymous_8)
FN:180,(anonymous_9)
FN:197,(anonymous_10)
FN:217,(anonymous_11)
FNF:8
FNH:0
FNDA:0,(anonymous_4)
FNDA:0,(anonymous_5)
FNDA:0,(anonymous_6)
FNDA:0,(anonymous_7)
FNDA:0,(anonymous_8)
FNDA:0,(anonymous_9)
FNDA:0,(anonymous_10)
FNDA:0,(anonymous_11)
DA:1,0
DA:10,0
DA:11,0
DA:12,0
DA:13,0
DA:14,0
DA:15,0
DA:16,0
DA:23,0
DA:24,0
DA:54,0
DA:56,0
DA:57,0
DA:58,0
DA:59,0
DA:73,0
DA:74,0
DA:88,0
DA:89,0
DA:90,0
DA:91,0
DA:94,0
DA:107,0
DA:108,0
DA:109,0
DA:114,0
DA:116,0
DA:120,0
DA:137,0
DA:138,0
DA:139,0
DA:140,0
DA:142,0
DA:151,0
DA:152,0
DA:153,0
DA:154,0
DA:156,0
DA:160,0
DA:180,0
DA:181,0
DA:182,0
DA:183,0
DA:197,0
DA:200,0
DA:201,0
DA:202,0
DA:217,0
DA:221,0
DA:222,0
DA:223,0
DA:225,0
DA:226,0
DA:227,0
DA:228,0
DA:234,0
LF:56
LH:0
BRDA:201,0,0,0
BRDA:201,0,1,0
BRF:2
BRH:0
end_of_record
TN:
SF:src/internal/internal.module.ts
FNF:0
FNH:0
DA:1,0
DA:2,0
DA:3,0
DA:4,0
DA:5,0
DA:18,0
LF:6
LH:0
BRF:0
BRH:0
end_of_record
TN:
SF:src/profile/profile.controller.ts
FN:26,(anonymous_4)
FN:33,(anonymous_5)
FN:46,(anonymous_6)
FN:60,(anonymous_7)
FN:81,(anonymous_8)
FN:98,(anonymous_9)
FN:116,(anonymous_10)
FNF:7
FNH:0
FNDA:0,(anonymous_4)
FNDA:0,(anonymous_5)
FNDA:0,(anonymous_6)
FNDA:0,(anonymous_7)
FNDA:0,(anonymous_8)
FNDA:0,(anonymous_9)
FNDA:0,(anonymous_10)
DA:1,0
DA:13,0
DA:14,0
DA:15,0
DA:16,0
DA:17,0
DA:18,0
DA:25,0
DA:26,0
DA:33,0
DA:34,0
DA:46,0
DA:47,0
DA:60,0
DA:64,0
DA:65,0
DA:66,0
DA:81,0
DA:82,0
DA:83,0
DA:85,0
DA:98,0
DA:99,0
DA:116,0
DA:121,0
DA:122,0
DA:126,0
LF:27
LH:0
BRDA:64,0,0,0
BRDA:64,0,1,0
BRDA:65,1,0,0
BRDA:65,1,1,0
BRDA:82,2,0,0
BRDA:82,2,1,0
BRDA:121,3,0,0
BRDA:121,3,1,0
BRF:8
BRH:0
end_of_record
TN:
SF:src/profile/profile.module.ts
FNF:0
FNH:0
DA:1,0
DA:2,0
DA:3,0
DA:4,0
DA:5,0
DA:12,0
LF:6
LH:0
BRF:0
BRH:0
end_of_record
TN:
SF:src/profile/profile.service.ts
FN:11,(anonymous_4)
FN:16,(anonymous_5)
FN:27,(anonymous_6)
FN:68,(anonymous_7)
FN:85,(anonymous_8)
FN:114,(anonymous_9)
FNF:6
FNH:3
FNDA:3,(anonymous_4)
FNDA:2,(anonymous_5)
FNDA:0,(anonymous_6)
FNDA:0,(anonymous_7)
FNDA:0,(anonymous_8)
FNDA:1,(anonymous_9)
DA:1,1
DA:2,1
DA:3,1
DA:4,1
DA:7,1
DA:10,1
DA:13,3
DA:17,2
DA:21,2
DA:22,1
DA:24,1
DA:33,0
DA:41,0
DA:42,0
DA:45,0
DA:46,0
DA:51,0
DA:52,0
DA:53,0
DA:54,0
DA:58,0
DA:64,0
DA:65,0
DA:73,0
DA:79,0
DA:80,0
DA:82,0
DA:91,0
DA:94,0
DA:95,0
DA:96,0
DA:98,0
DA:99,0
DA:101,0
DA:102,0
DA:104,0
DA:105,0
DA:106,0
DA:108,0
DA:109,0
DA:111,0
DA:115,1
DA:116,1
LF:43
LH:13
BRDA:21,0,0,1
BRDA:21,0,1,1
BRDA:35,1,0,0
BRDA:35,1,1,0
BRDA:35,1,2,0
BRDA:37,2,0,0
BRDA:37,2,1,0
BRDA:37,2,2,0
BRDA:45,3,0,0
BRDA:45,3,1,0
BRDA:51,4,0,0
BRDA:51,4,1,0
BRDA:79,5,0,0
BRDA:79,5,1,0
BRDA:95,6,0,0
BRDA:95,6,1,0
BRDA:98,7,0,0
BRDA:98,7,1,0
BRDA:101,8,0,0
BRDA:101,8,1,0
BRF:20
BRH:2
end_of_record
TN:
SF:src/profile/dto/create-profile.dto.ts
FNF:0
FNH:0
DA:1,0
DA:10,0
DA:12,0
DA:16,0
DA:20,0
DA:24,0
DA:28,0
DA:33,0
DA:38,0
DA:43,0
DA:48,0
DA:52,0
DA:56,0
DA:60,0
DA:64,0
LF:15
LH:0
BRF:0
BRH:0
end_of_record
TN:
SF:src/profile/dto/parse-resume.dto.ts
FNF:0
FNH:0
DA:1,0
DA:6,0
DA:10,0
LF:3
LH:0
BRF:0
BRH:0
end_of_record
TN:
SF:src/profile/dto/update-profile.dto.ts
FNF:0
FNH:0
DA:1,0
DA:2,0
DA:4,0
LF:3
LH:0
BRF:0
BRH:0
end_of_record
TN:
SF:src/rag/cross-encoder.service.ts
FN:57,(anonymous_1)
FN:71,(anonymous_2)
FN:81,(anonymous_3)
FN:82,(anonymous_4)
FN:83,(anonymous_5)
FN:98,(anonymous_6)
FN:104,(anonymous_7)
FN:143,(anonymous_8)
FNF:8
FNH:6
FNDA:6,(anonymous_1)
FNDA:7,(anonymous_2)
FNDA:5,(anonymous_3)
FNDA:4,(anonymous_4)
FNDA:5,(anonymous_5)
FNDA:0,(anonymous_6)
FNDA:0,(anonymous_7)
FNDA:1,(anonymous_8)
DA:20,2
DA:23,2
DA:24,2
DA:27,2
DA:28,12
DA:31,12
DA:36,12
DA:38,12
DA:39,12
DA:40,12
DA:61,6
DA:63,4
DA:64,4
DA:66,3
DA:67,3
DA:69,3
DA:70,3
DA:72,7
DA:74,5
DA:76,5
DA:80,2
DA:81,5
DA:82,4
DA:83,5
DA:85,2
DA:87,1
DA:90,1
DA:101,0
DA:102,0
DA:104,0
DA:105,0
DA:107,0
DA:112,0
DA:115,0
DA:117,0
DA:118,0
DA:120,0
DA:126,0
DA:129,0
DA:131,0
DA:132,0
DA:135,0
DA:139,0
DA:144,1
LF:44
LH:28
BRDA:38,0,0,12
BRDA:38,0,1,12
BRDA:41,1,0,12
BRDA:41,1,1,11
BRDA:61,2,0,2
BRDA:61,2,1,4
BRDA:61,3,0,6
BRDA:61,3,1,4
BRDA:64,4,0,1
BRDA:64,4,1,3
BRDA:74,5,0,5
BRDA:74,5,1,0
BRDA:76,6,0,5
BRDA:76,6,1,0
BRDA:101,7,0,0
BRDA:101,7,1,0
BRDA:102,8,0,0
BRDA:102,8,1,0
BRDA:113,9,0,0
BRDA:113,9,1,0
BRF:20
BRH:12
end_of_record
TN:
SF:src/rag/embedding.service.ts
FN:47,(anonymous_1)
FN:68,(anonymous_2)
FN:72,(anonymous_3)
FN:110,(anonymous_4)
FNF:4
FNH:4
FNDA:11,(anonymous_1)
FNDA:11,(anonymous_2)
FNDA:5,(anonymous_3)
FNDA:2,(anonymous_4)
DA:17,2
DA:26,2
DA:29,2
DA:32,2
DA:33,6
DA:36,6
DA:39,6
DA:48,11
DA:49,11
DA:51,11
DA:52,11
DA:56,10
DA:58,1
DA:59,1
DA:69,11
DA:70,9
DA:72,5
DA:73,5
DA:75,5
DA:76,5
DA:79,5
DA:84,5
DA:86,5
DA:87,5
DA:89,5
DA:93,5
DA:96,5
DA:98,0
DA:99,0
DA:102,0
DA:106,5
DA:111,2
LF:32
LH:29
BRDA:26,0,0,2
BRDA:26,0,1,2
BRDA:49,1,0,0
BRDA:49,1,1,11
BRDA:69,2,0,2
BRDA:69,2,1,9
BRDA:70,3,0,4
BRDA:70,3,1,5
BRDA:80,4,0,5
BRDA:80,4,1,5
BRF:10
BRH:9
end_of_record
TN:
SF:src/rag/rag.controller.ts
FN:26,(anonymous_4)
FN:37,(anonymous_5)
FN:75,(anonymous_6)
FNF:3
FNH:0
FNDA:0,(anonymous_4)
FNDA:0,(anonymous_5)
FNDA:0,(anonymous_6)
DA:9,0
DA:18,0
DA:19,0
DA:20,0
DA:21,0
DA:25,0
DA:26,0
DA:37,0
DA:51,0
DA:53,0
DA:59,0
DA:75,0
DA:79,0
DA:81,0
DA:88,0
LF:15
LH:0
BRDA:51,0,0,0
BRDA:51,0,1,0
BRDA:79,1,0,0
BRDA:79,1,1,0
BRF:4
BRH:0
end_of_record
TN:
SF:src/rag/rag.module.ts
FNF:0
FNH:0
DA:1,0
DA:2,0
DA:3,0
DA:4,0
DA:5,0
DA:6,0
DA:7,0
DA:15,0
LF:8
LH:0
BRF:0
BRH:0
end_of_record
TN:
SF:src/rag/rag.service.ts
FN:90,(anonymous_4)
FN:105,(anonymous_5)
FN:114,(anonymous_6)
FN:120,(anonymous_7)
FN:174,(anonymous_8)
FN:215,(anonymous_9)
FN:252,(anonymous_10)
FN:256,(anonymous_11)
FN:277,(anonymous_12)
FN:353,(anonymous_13)
FN:360,(anonymous_14)
FN:398,(anonymous_15)
FN:412,(anonymous_16)
FN:419,(anonymous_17)
FN:438,(anonymous_18)
FN:459,(anonymous_19)
FN:503,(anonymous_20)
FN:526,(anonymous_21)
FN:527,(anonymous_22)
FN:531,(anonymous_23)
FN:548,(anonymous_24)
FN:587,(anonymous_25)
FN:595,(anonymous_26)
FN:598,(anonymous_27)
FNF:24
FNH:24
FNDA:31,(anonymous_4)
FNDA:4,(anonymous_5)
FNDA:3,(anonymous_6)
FNDA:1,(anonymous_7)
FNDA:13,(anonymous_8)
FNDA:11,(anonymous_9)
FNDA:2,(anonymous_10)
FNDA:16,(anonymous_11)
FNDA:11,(anonymous_12)
FNDA:20,(anonymous_13)
FNDA:1,(anonymous_14)
FNDA:1,(anonymous_15)
FNDA:4,(anonymous_16)
FNDA:5,(anonymous_17)
FNDA:2,(anonymous_18)
FNDA:3,(anonymous_19)
FNDA:2,(anonymous_20)
FNDA:13,(anonymous_21)
FNDA:16,(anonymous_22)
FNDA:16,(anonymous_23)
FNDA:9,(anonymous_24)
FNDA:9,(anonymous_25)
FNDA:2,(anonymous_26)
FNDA:1,(anonymous_27)
DA:27,1
DA:28,1
DA:29,1
DA:30,1
DA:31,1
DA:32,1
DA:33,1
DA:34,1
DA:35,1
DA:36,1
DA:37,1
DA:65,1
DA:67,1
DA:70,1
DA:87,1
DA:88,31
DA:92,31
DA:93,31
DA:94,31
DA:95,31
DA:111,4
DA:112,4
DA:114,3
DA:116,3
DA:120,3
DA:122,3
DA:123,3
DA:125,3
DA:126,3
DA:127,3
DA:128,1
DA:129,1
DA:132,2
DA:134,2
DA:146,2
DA:147,2
DA:150,3
DA:151,2
DA:152,2
DA:157,3
DA:179,13
DA:180,13
DA:182,13
DA:183,13
DA:184,2
DA:185,2
DA:186,2
DA:189,11
DA:195,11
DA:196,11
DA:198,11
DA:202,11
DA:223,11
DA:227,11
DA:228,11
DA:237,1
DA:240,1
DA:250,11
DA:251,4
DA:252,4
DA:256,16
DA:264,11
DA:285,11
DA:286,11
DA:287,11
DA:298,11
DA:353,20
DA:367,1
DA:368,1
DA:369,1
DA:379,1
DA:398,1
DA:416,4
DA:418,3
DA:419,5
DA:421,3
DA:423,3
DA:436,2
DA:438,2
DA:440,2
DA:441,4
DA:442,4
DA:443,2
DA:447,1
DA:460,3
DA:465,3
DA:466,3
DA:468,3
DA:469,4
DA:470,4
DA:471,3
DA:472,3
DA:473,3
DA:474,3
DA:477,1
DA:480,1
DA:484,3
DA:485,3
DA:486,3
DA:509,2
DA:516,2
DA:517,2
DA:527,16
DA:528,13
DA:530,13
DA:531,16
DA:534,13
DA:553,9
DA:554,9
DA:555,6
DA:557,2
DA:558,2
DA:560,2
DA:561,411
DA:562,411
DA:564,411
DA:565,9
DA:571,9
DA:572,2
DA:576,411
DA:577,311
DA:580,411
DA:583,2
DA:588,9
DA:596,2
DA:597,1
DA:598,1
DA:600,1
LF:128
LH:128
BRDA:112,0,0,1
BRDA:112,0,1,3
BRDA:118,1,0,2
BRDA:118,1,1,1
BRDA:127,2,0,1
BRDA:127,2,1,2
BRDA:139,3,0,1
BRDA:139,3,1,1
BRDA:140,4,0,1
BRDA:140,4,1,1
BRDA:150,5,0,2
BRDA:150,5,1,1
BRDA:153,6,0,2
BRDA:153,6,1,1
BRDA:177,7,0,2
BRDA:179,8,0,3
BRDA:179,9,0,13
BRDA:183,10,0,2
BRDA:183,10,1,11
BRDA:250,11,0,4
BRDA:250,11,1,7
BRDA:285,12,0,4
BRDA:285,12,1,7
BRDA:367,13,0,0
BRDA:367,13,1,1
BRDA:416,14,0,1
BRDA:416,14,1,3
BRDA:436,15,0,0
BRDA:436,15,1,2
BRDA:441,16,0,4
BRDA:441,16,1,2
BRDA:442,17,0,2
BRDA:442,17,1,2
BRDA:459,18,0,0
BRDA:471,19,0,3
BRDA:471,19,1,0
BRDA:484,20,0,2
BRDA:484,20,1,1
BRDA:511,21,0,1
BRDA:511,21,1,1
BRDA:528,22,0,9
BRDA:528,22,1,4
BRDA:530,23,0,9
BRDA:530,23,1,4
BRDA:550,24,0,8
BRDA:551,25,0,8
BRDA:554,26,0,3
BRDA:554,26,1,6
BRDA:555,27,0,4
BRDA:555,27,1,2
BRDA:564,28,0,9
BRDA:564,28,1,402
BRDA:571,29,0,2
BRDA:571,29,1,7
BRDA:576,30,0,311
BRDA:576,30,1,100
BRDA:596,31,0,1
BRDA:596,31,1,1
BRF:58
BRH:54
end_of_record
TN:
SF:src/rag/dto/rag-feedback.dto.ts
FN:8,(anonymous_2)
FN:24,(anonymous_3)
FNF:2
FNH:0
FNDA:0,(anonymous_2)
FNDA:0,(anonymous_3)
DA:1,0
DA:2,0
DA:4,0
DA:8,0
DA:9,0
DA:14,0
DA:18,0
DA:24,0
DA:25,0
LF:9
LH:0
BRF:0
BRH:0
end_of_record
TN:
SF:src/rag/dto/rag-query.dto.ts
FN:12,(anonymous_2)
FN:19,(anonymous_3)
FN:23,(anonymous_4)
FNF:3
FNH:0
FNDA:0,(anonymous_2)
FNDA:0,(anonymous_3)
FNDA:0,(anonymous_4)
DA:1,0
DA:2,0
DA:4,0
DA:7,0
DA:12,0
DA:13,0
DA:19,0
DA:20,0
DA:23,0
DA:24,0
LF:10
LH:0
BRF:0
BRH:0
end_of_record
TN:
SF:src/roles/compare-roles.controller.ts
FN:9,(anonymous_4)
FN:20,(anonymous_5)
FNF:2
FNH:0
FNDA:0,(anonymous_4)
FNDA:0,(anonymous_5)
DA:1,0
DA:2,0
DA:3,0
DA:4,0
DA:8,0
DA:9,0
DA:20,0
DA:24,0
DA:25,0
LF:9
LH:0
BRDA:24,0,0,0
BRDA:24,0,1,0
BRF:2
BRH:0
end_of_record
TN:
SF:src/roles/roles.controller.ts
FN:9,(anonymous_4)
FN:18,(anonymous_5)
FNF:2
FNH:0
FNDA:0,(anonymous_4)
FNDA:0,(anonymous_5)
DA:1,0
DA:2,0
DA:3,0
DA:8,0
DA:9,0
DA:18,0
DA:19,0
LF:7
LH:0
BRF:0
BRH:0
end_of_record
TN:
SF:src/roles/roles.module.ts
FNF:0
FNH:0
DA:1,0
DA:2,0
DA:3,0
DA:4,0
DA:5,0
DA:6,0
DA:7,0
DA:15,0
LF:8
LH:0
BRF:0
BRH:0
end_of_record
TN:
SF:src/roles/roles.service.ts
FN:13,(anonymous_4)
FN:20,(anonymous_5)
FN:24,(anonymous_6)
FN:37,(anonymous_7)
FN:37,(anonymous_8)
FN:40,(anonymous_9)
FN:51,(anonymous_10)
FN:51,(anonymous_11)
FN:57,(anonymous_12)
FN:59,(anonymous_13)
FN:62,(anonymous_14)
FN:66,(anonymous_15)
FN:67,(anonymous_16)
FN:68,(anonymous_17)
FN:73,(anonymous_18)
FNF:15
FNH:0
FNDA:0,(anonymous_4)
FNDA:0,(anonymous_5)
FNDA:0,(anonymous_6)
FNDA:0,(anonymous_7)
FNDA:0,(anonymous_8)
FNDA:0,(anonymous_9)
FNDA:0,(anonymous_10)
FNDA:0,(anonymous_11)
FNDA:0,(anonymous_12)
FNDA:0,(anonymous_13)
FNDA:0,(anonymous_14)
FNDA:0,(anonymous_15)
FNDA:0,(anonymous_16)
FNDA:0,(anonymous_17)
FNDA:0,(anonymous_18)
DA:1,0
DA:6,0
DA:7,0
DA:8,0
DA:9,0
DA:12,0
DA:15,0
DA:17,0
DA:21,0
DA:25,0
DA:26,0
DA:28,0
DA:32,0
DA:33,0
DA:37,0
DA:38,0
DA:40,0
DA:48,0
DA:51,0
DA:56,0
DA:57,0
DA:58,0
DA:59,0
DA:61,0
DA:62,0
DA:66,0
DA:67,0
DA:68,0
DA:71,0
DA:73,0
DA:77,0
DA:79,0
DA:93,0
LF:33
LH:0
BRDA:26,0,0,0
BRDA:26,0,1,0
BRDA:32,1,0,0
BRDA:32,1,1,0
BRDA:38,2,0,0
BRDA:38,2,1,0
BRDA:59,3,0,0
BRDA:59,3,1,0
BRDA:71,4,0,0
BRDA:71,4,1,0
BRDA:77,5,0,0
BRDA:77,5,1,0
BRDA:77,6,0,0
BRDA:77,6,1,0
BRDA:84,7,0,0
BRDA:84,7,1,0
BRF:16
BRH:0
end_of_record
TN:
SF:src/roles/dto/compare-roles.dto.ts
FNF:0
FNH:0
DA:1,0
DA:3,0
DA:6,0
DA:11,0
LF:4
LH:0
BRF:0
BRH:0
end_of_record
TN:
SF:src/seeders/DatabaseSeeder.ts
FN:99,(anonymous_9)
FNF:1
FNH:0
FNDA:0,(anonymous_9)
DA:1,0
DA:3,0
DA:4,0
DA:5,0
DA:6,0
DA:7,0
DA:8,0
DA:9,0
DA:12,0
DA:98,0
DA:101,0
DA:102,0
DA:103,0
DA:104,0
DA:110,0
DA:113,0
DA:114,0
DA:115,0
DA:116,0
DA:117,0
DA:118,0
DA:119,0
DA:120,0
DA:121,0
DA:129,0
DA:133,0
DA:134,0
DA:135,0
DA:136,0
DA:137,0
DA:138,0
DA:139,0
DA:140,0
DA:154,0
DA:158,0
DA:159,0
DA:160,0
DA:161,0
DA:162,0
DA:163,0
DA:164,0
DA:165,0
DA:166,0
DA:167,0
DA:168,0
DA:186,0
DA:190,0
DA:191,0
DA:195,0
DA:196,0
DA:203,0
LF:51
LH:0
BRDA:102,0,0,0
BRDA:102,0,1,0
BRDA:114,1,0,0
BRDA:114,1,1,0
BRDA:116,2,0,0
BRDA:116,2,1,0
BRDA:120,3,0,0
BRDA:120,3,1,0
BRDA:134,4,0,0
BRDA:134,4,1,0
BRDA:136,5,0,0
BRDA:136,5,1,0
BRDA:139,6,0,0
BRDA:139,6,1,0
BRDA:159,7,0,0
BRDA:159,7,1,0
BRDA:161,8,0,0
BRDA:161,8,1,0
BRDA:164,9,0,0
BRDA:164,9,1,0
BRDA:165,10,0,0
BRDA:165,10,1,0
BRDA:166,11,0,0
BRDA:166,11,1,0
BRDA:171,12,0,0
BRDA:171,12,1,0
BRDA:173,13,0,0
BRDA:173,13,1,0
BRDA:178,14,0,0
BRDA:178,14,1,0
BRDA:195,15,0,0
BRDA:195,15,1,0
BRF:32
BRH:0
end_of_record
TN:
SF:src/skills/skills.controller.ts
FN:22,(anonymous_4)
FN:29,(anonymous_5)
FN:41,(anonymous_6)
FN:60,(anonymous_7)
FN:79,(anonymous_8)
FN:98,(anonymous_9)
FN:114,(anonymous_10)
FN:135,(anonymous_11)
FNF:8
FNH:0
FNDA:0,(anonymous_4)
FNDA:0,(anonymous_5)
FNDA:0,(anonymous_6)
FNDA:0,(anonymous_7)
FNDA:0,(anonymous_8)
FNDA:0,(anonymous_9)
FNDA:0,(anonymous_10)
FNDA:0,(anonymous_11)
DA:1,0
DA:14,0
DA:15,0
DA:16,0
DA:21,0
DA:22,0
DA:29,0
DA:30,0
DA:41,0
DA:45,0
DA:60,0
DA:64,0
DA:79,0
DA:83,0
DA:98,0
DA:102,0
DA:114,0
DA:119,0
DA:135,0
DA:139,0
LF:20
LH:0
BRF:0
BRH:0
end_of_record
TN:
SF:src/skills/skills.module.ts
FNF:0
FNH:0
DA:1,0
DA:2,0
DA:3,0
DA:4,0
DA:5,0
DA:6,0
DA:13,0
LF:7
LH:0
BRF:0
BRH:0
end_of_record
TN:
SF:src/skills/skills.service.ts
FN:14,(anonymous_4)
FN:21,(anonymous_5)
FN:54,(anonymous_6)
FN:92,(anonymous_7)
FN:131,(anonymous_8)
FN:139,(anonymous_9)
FN:162,(anonymous_10)
FN:181,(anonymous_11)
FN:190,(anonymous_12)
FN:207,(anonymous_13)
FN:216,(anonymous_14)
FN:232,(anonymous_15)
FN:234,(anonymous_16)
FNF:13
FNH:0
FNDA:0,(anonymous_4)
FNDA:0,(anonymous_5)
FNDA:0,(anonymous_6)
FNDA:0,(anonymous_7)
FNDA:0,(anonymous_8)
FNDA:0,(anonymous_9)
FNDA:0,(anonymous_10)
FNDA:0,(anonymous_11)
FNDA:0,(anonymous_12)
FNDA:0,(anonymous_13)
FNDA:0,(anonymous_14)
FNDA:0,(anonymous_15)
FNDA:0,(anonymous_16)
DA:1,0
DA:6,0
DA:7,0
DA:8,0
DA:9,0
DA:13,0
DA:16,0
DA:18,0
DA:26,0
DA:27,0
DA:33,0
DA:34,0
DA:37,0
DA:44,0
DA:45,0
DA:46,0
DA:47,0
DA:50,0
DA:51,0
DA:55,0
DA:60,0
DA:61,0
DA:64,0
DA:69,0
DA:70,0
DA:71,0
DA:72,0
DA:76,0
DA:77,0
DA:78,0
DA:79,0
DA:80,0
DA:83,0
DA:98,0
DA:106,0
DA:107,0
DA:110,0
DA:111,0
DA:114,0
DA:116,0
DA:118,0
DA:119,0
DA:120,0
DA:121,0
DA:123,0
DA:130,0
DA:131,0
DA:135,0
DA:136,0
DA:144,0
DA:152,0
DA:153,0
DA:156,0
DA:157,0
DA:160,0
DA:167,0
DA:172,0
DA:173,0
DA:176,0
DA:181,0
DA:187,0
DA:191,0
DA:195,0
DA:196,0
DA:199,0
DA:204,0
DA:206,0
DA:207,0
DA:213,0
DA:216,0
DA:225,0
DA:226,0
DA:227,0
DA:228,0
DA:231,0
DA:232,0
DA:234,0
DA:236,0
LF:78
LH:0
BRDA:26,0,0,0
BRDA:26,0,1,0
BRDA:33,1,0,0
BRDA:33,1,1,0
BRDA:44,2,0,0
BRDA:44,2,1,0
BRDA:45,3,0,0
BRDA:45,3,1,0
BRDA:45,4,0,0
BRDA:45,4,1,0
BRDA:60,5,0,0
BRDA:60,5,1,0
BRDA:71,6,0,0
BRDA:71,6,1,0
BRDA:79,7,0,0
BRDA:79,7,1,0
BRDA:80,8,0,0
BRDA:80,8,1,0
BRDA:106,9,0,0
BRDA:106,9,1,0
BRDA:110,10,0,0
BRDA:110,10,1,0
BRDA:116,11,0,0
BRDA:116,11,1,0
BRDA:118,12,0,0
BRDA:118,12,1,0
BRDA:118,13,0,0
BRDA:118,13,1,0
BRDA:121,14,0,0
BRDA:121,14,1,0
BRDA:121,15,0,0
BRDA:121,15,1,0
BRDA:130,16,0,0
BRDA:130,16,1,0
BRDA:152,17,0,0
BRDA:152,17,1,0
BRDA:156,18,0,0
BRDA:156,18,1,0
BRDA:172,19,0,0
BRDA:172,19,1,0
BRDA:195,20,0,0
BRDA:195,20,1,0
BRDA:204,21,0,0
BRDA:204,21,1,0
BRDA:206,22,0,0
BRDA:206,22,1,0
BRDA:207,23,0,0
BRDA:207,23,1,0
BRDA:213,24,0,0
BRDA:213,24,1,0
BRDA:216,25,0,0
BRDA:216,25,1,0
BRDA:227,26,0,0
BRDA:227,26,1,0
BRDA:228,27,0,0
BRDA:228,27,1,0
BRDA:241,28,0,0
BRDA:241,28,1,0
BRF:58
BRH:0
end_of_record
TN:
SF:src/skills/dto/progress.dto.ts
FNF:0
FNH:0
DA:1,0
DA:10,0
DA:13,0
DA:17,0
DA:20,0
DA:25,0
DA:28,0
DA:32,0
LF:8
LH:0
BRF:0
BRH:0
end_of_record
TN:
SF:src/ssg/ssg-cache.service.ts
FN:12,(anonymous_4)
FN:29,(anonymous_5)
FN:50,(anonymous_6)
FN:63,(anonymous_7)
FN:88,(anonymous_8)
FN:111,(anonymous_9)
FNF:6
FNH:0
FNDA:0,(anonymous_4)
FNDA:0,(anonymous_5)
FNDA:0,(anonymous_6)
FNDA:0,(anonymous_7)
FNDA:0,(anonymous_8)
FNDA:0,(anonymous_9)
DA:1,0
DA:2,0
DA:3,0
DA:4,0
DA:5,0
DA:8,0
DA:9,0
DA:14,0
DA:15,0
DA:16,0
DA:18,0
DA:30,0
DA:31,0
DA:32,0
DA:41,0
DA:46,0
DA:51,0
DA:52,0
DA:54,0
DA:56,0
DA:57,0
DA:60,0
DA:67,0
DA:69,0
DA:70,0
DA:72,0
DA:73,0
DA:74,0
DA:75,0
DA:76,0
DA:78,0
DA:84,0
DA:89,0
DA:92,0
DA:93,0
DA:94,0
DA:95,0
DA:96,0
DA:112,0
DA:113,0
DA:116,0
DA:117,0
DA:118,0
LF:43
LH:0
BRDA:19,0,0,0
BRDA:19,0,1,0
BRDA:52,1,0,0
BRDA:52,1,1,0
BRDA:54,2,0,0
BRDA:54,2,1,0
BRDA:54,3,0,0
BRDA:54,3,1,0
BRDA:72,4,0,0
BRDA:72,4,1,0
BRDA:92,5,0,0
BRDA:92,5,1,0
BRDA:116,6,0,0
BRDA:116,6,1,0
BRF:14
BRH:0
end_of_record
TN:
SF:src/ssg/ssg-client.service.ts
FN:31,(anonymous_11)
FN:42,(anonymous_12)
FN:51,(anonymous_13)
FN:57,(anonymous_14)
FN:85,(anonymous_15)
FN:98,(anonymous_16)
FN:130,(anonymous_17)
FN:138,(anonymous_18)
FN:152,(anonymous_19)
FN:154,(anonymous_20)
FN:155,(anonymous_21)
FN:180,(anonymous_22)
FNF:12
FNH:0
FNDA:0,(anonymous_11)
FNDA:0,(anonymous_12)
FNDA:0,(anonymous_13)
FNDA:0,(anonymous_14)
FNDA:0,(anonymous_15)
FNDA:0,(anonymous_16)
FNDA:0,(anonymous_17)
FNDA:0,(anonymous_18)
FNDA:0,(anonymous_19)
FNDA:0,(anonymous_20)
FNDA:0,(anonymous_21)
FNDA:0,(anonymous_22)
DA:1,0
DA:2,0
DA:3,0
DA:4,0
DA:21,0
DA:22,0
DA:29,0
DA:31,0
DA:32,0
DA:33,0
DA:34,0
DA:37,0
DA:43,0
DA:44,0
DA:52,0
DA:58,0
DA:64,0
DA:76,0
DA:82,0
DA:86,0
DA:87,0
DA:89,0
DA:99,0
DA:100,0
DA:101,0
DA:103,0
DA:104,0
DA:112,0
DA:114,0
DA:115,0
DA:116,0
DA:124,0
DA:138,0
DA:139,0
DA:140,0
DA:141,0
DA:143,0
DA:153,0
DA:154,0
DA:155,0
DA:156,0
DA:157,0
DA:158,0
DA:161,0
DA:164,0
DA:165,0
DA:167,0
DA:169,0
DA:171,0
DA:172,0
DA:174,0
DA:180,0
DA:181,0
DA:182,0
DA:184,0
DA:186,0
DA:187,0
DA:189,0
LF:58
LH:0
BRDA:35,0,0,0
BRDA:35,0,1,0
BRDA:38,1,0,0
BRDA:38,1,1,0
BRDA:43,2,0,0
BRDA:43,2,1,0
BRDA:52,3,0,0
BRDA:52,3,1,0
BRDA:86,4,0,0
BRDA:86,4,1,0
BRDA:86,5,0,0
BRDA:86,5,1,0
BRDA:100,6,0,0
BRDA:100,6,1,0
BRDA:112,7,0,0
BRDA:112,7,1,0
BRDA:141,8,0,0
BRDA:141,8,1,0
BRDA:146,9,0,0
BRDA:146,9,1,0
BRDA:146,10,0,0
BRDA:146,10,1,0
BRDA:157,11,0,0
BRDA:157,11,1,0
BRDA:157,12,0,0
BRDA:157,12,1,0
BRDA:186,13,0,0
BRDA:186,13,1,0
BRF:28
BRH:0
end_of_record
TN:
SF:src/ssg/ssg.controller.ts
FN:22,(anonymous_4)
FN:32,(anonymous_5)
FN:43,(anonymous_6)
FN:58,(anonymous_7)
FN:74,(anonymous_8)
FNF:5
FNH:0
FNDA:0,(anonymous_4)
FNDA:0,(anonymous_5)
FNDA:0,(anonymous_6)
FNDA:0,(anonymous_7)
FNDA:0,(anonymous_8)
DA:1,0
DA:12,0
DA:13,0
DA:17,0
DA:21,0
DA:22,0
DA:32,0
DA:33,0
DA:43,0
DA:44,0
DA:45,0
DA:46,0
DA:48,0
DA:58,0
DA:59,0
DA:74,0
DA:78,0
DA:82,0
LF:18
LH:0
BRDA:45,0,0,0
BRDA:45,0,1,0
BRDA:83,1,0,0
BRDA:83,1,1,0
BRDA:83,1,2,0
BRDA:84,2,0,0
BRDA:84,2,1,0
BRF:7
BRH:0
end_of_record
TN:
SF:src/ssg/ssg.module.ts
FNF:0
FNH:0
DA:1,0
DA:2,0
DA:3,0
DA:4,0
DA:5,0
DA:6,0
DA:7,0
DA:8,0
DA:16,0
LF:9
LH:0
BRF:0
BRH:0
end_of_record
TN:
SF:src/ssg/ssg.service.ts
FN:25,(anonymous_4)
FN:34,(anonymous_5)
FN:72,(anonymous_6)
FN:86,(anonymous_7)
FN:103,(anonymous_8)
FN:122,(anonymous_9)
FN:133,(anonymous_10)
FN:143,(anonymous_11)
FN:155,(anonymous_12)
FN:164,(anonymous_13)
FN:173,(anonymous_14)
FN:180,(anonymous_15)
FN:181,(anonymous_16)
FN:187,(anonymous_17)
FN:195,(anonymous_18)
FN:205,(anonymous_19)
FN:217,(anonymous_20)
FN:227,(anonymous_21)
FN:231,(anonymous_22)
FN:234,(anonymous_23)
FN:255,(anonymous_24)
FN:273,(anonymous_25)
FNF:22
FNH:0
FNDA:0,(anonymous_4)
FNDA:0,(anonymous_5)
FNDA:0,(anonymous_6)
FNDA:0,(anonymous_7)
FNDA:0,(anonymous_8)
FNDA:0,(anonymous_9)
FNDA:0,(anonymous_10)
FNDA:0,(anonymous_11)
FNDA:0,(anonymous_12)
FNDA:0,(anonymous_13)
FNDA:0,(anonymous_14)
FNDA:0,(anonymous_15)
FNDA:0,(anonymous_16)
FNDA:0,(anonymous_17)
FNDA:0,(anonymous_18)
FNDA:0,(anonymous_19)
FNDA:0,(anonymous_20)
FNDA:0,(anonymous_21)
FNDA:0,(anonymous_22)
FNDA:0,(anonymous_23)
FNDA:0,(anonymous_24)
FNDA:0,(anonymous_25)
DA:1,0
DA:2,0
DA:3,0
DA:4,0
DA:5,0
DA:6,0
DA:22,0
DA:23,0
DA:26,0
DA:27,0
DA:29,0
DA:37,0
DA:40,0
DA:41,0
DA:42,0
DA:43,0
DA:47,0
DA:48,0
DA:49,0
DA:57,0
DA:61,0
DA:70,0
DA:72,0
DA:74,0
DA:76,0
DA:83,0
DA:89,0
DA:91,0
DA:92,0
DA:94,0
DA:95,0
DA:96,0
DA:99,0
DA:101,0
DA:104,0
DA:106,0
DA:113,0
DA:116,0
DA:117,0
DA:123,0
DA:125,0
DA:126,0
DA:128,0
DA:129,0
DA:130,0
DA:133,0
DA:141,0
DA:144,0
DA:146,0
DA:150,0
DA:159,0
DA:160,0
DA:163,0
DA:165,0
DA:173,0
DA:174,0
DA:176,0
DA:178,0
DA:180,0
DA:181,0
DA:190,0
DA:192,0
DA:193,0
DA:195,0
DA:196,0
DA:201,0
DA:203,0
DA:205,0
DA:207,0
DA:209,0
DA:212,0
DA:213,0
DA:214,0
DA:216,0
DA:217,0
DA:231,0
DA:235,0
DA:236,0
DA:238,0
DA:255,0
DA:274,0
LF:81
LH:0
BRDA:37,0,0,0
BRDA:37,0,1,0
BRDA:37,1,0,0
BRDA:37,1,1,0
BRDA:37,2,0,0
BRDA:37,2,1,0
BRDA:37,3,0,0
BRDA:37,3,1,0
BRDA:41,4,0,0
BRDA:41,4,1,0
BRDA:47,5,0,0
BRDA:47,5,1,0
BRDA:50,6,0,0
BRDA:50,6,1,0
BRDA:51,7,0,0
BRDA:51,7,1,0
BRDA:53,8,0,0
BRDA:53,8,1,0
BRDA:53,9,0,0
BRDA:53,9,1,0
BRDA:58,10,0,0
BRDA:58,10,1,0
BRDA:58,10,2,0
BRDA:63,11,0,0
BRDA:63,11,1,0
BRDA:64,12,0,0
BRDA:64,12,1,0
BRDA:65,13,0,0
BRDA:65,13,1,0
BRDA:92,14,0,0
BRDA:92,14,1,0
BRDA:94,15,0,0
BRDA:94,15,1,0
BRDA:116,16,0,0
BRDA:116,16,1,0
BRDA:123,17,0,0
BRDA:123,17,1,0
BRDA:126,18,0,0
BRDA:126,18,1,0
BRDA:128,19,0,0
BRDA:128,19,1,0
BRDA:131,20,0,0
BRDA:131,20,1,0
BRDA:133,21,0,0
BRDA:133,21,1,0
BRDA:133,21,2,0
BRDA:134,22,0,0
BRDA:134,22,1,0
BRDA:134,22,2,0
BRDA:135,23,0,0
BRDA:135,23,1,0
BRDA:135,23,2,0
BRDA:136,24,0,0
BRDA:136,24,1,0
BRDA:138,25,0,0
BRDA:138,25,1,0
BRDA:159,26,0,0
BRDA:159,26,1,0
BRDA:159,26,2,0
BRDA:166,27,0,0
BRDA:166,27,1,0
BRDA:180,28,0,0
BRDA:180,28,1,0
BRDA:192,29,0,0
BRDA:192,29,1,0
BRDA:193,30,0,0
BRDA:193,30,1,0
BRDA:196,31,0,0
BRDA:196,31,1,0
BRDA:197,32,0,0
BRDA:197,32,1,0
BRDA:197,32,2,0
BRDA:203,33,0,0
BRDA:203,33,1,0
BRDA:204,34,0,0
BRDA:204,34,1,0
BRDA:212,35,0,0
BRDA:212,35,1,0
BRDA:213,36,0,0
BRDA:213,36,1,0
BRDA:235,37,0,0
BRDA:235,37,1,0
BRDA:235,37,2,0
BRDA:236,38,0,0
BRDA:236,38,1,0
BRDA:240,39,0,0
BRDA:240,39,1,0
BRDA:240,39,2,0
BRDA:240,39,3,0
BRDA:244,40,0,0
BRDA:244,40,1,0
BRDA:244,40,2,0
BRDA:244,40,3,0
BRDA:246,41,0,0
BRDA:246,41,1,0
BRDA:246,41,2,0
BRDA:246,41,3,0
BRDA:251,42,0,0
BRDA:251,42,1,0
BRDA:253,43,0,0
BRDA:253,43,1,0
BRDA:255,44,0,0
BRDA:255,44,1,0
BRDA:255,45,0,0
BRDA:255,45,1,0
BRDA:256,46,0,0
BRDA:256,46,1,0
BRDA:258,47,0,0
BRDA:258,47,1,0
BRDA:258,47,2,0
BRDA:262,48,0,0
BRDA:262,48,1,0
BRDA:262,48,2,0
BRDA:266,49,0,0
BRDA:266,49,1,0
BRDA:267,50,0,0
BRDA:267,50,1,0
BRDA:268,51,0,0
BRDA:268,51,1,0
BRDA:283,52,0,0
BRDA:283,52,1,0
BRF:121
BRH:0
end_of_record
TN:
SF:src/ssg/dto/ssg.dto.ts
FN:26,(anonymous_2)
FN:32,(anonymous_3)
FNF:2
FNH:0
FNDA:0,(anonymous_2)
FNDA:0,(anonymous_3)
DA:1,0
DA:9,0
DA:13,0
DA:16,0
DA:20,0
DA:26,0
DA:27,0
DA:32,0
DA:33,0
DA:36,0
DA:39,0
DA:43,0
DA:47,0
LF:13
LH:0
BRF:0
BRH:0
end_of_record
TN:
SF:src/types/pdf-parse.d.ts
FNF:0
FNH:0
LF:0
LH:0
BRF:0
BRH:0
end_of_record
TN:
SF:src/upskilling/upskilling.controller.ts
FN:10,(anonymous_4)
FN:17,(anonymous_5)
FN:29,(anonymous_6)
FNF:3
FNH:0
FNDA:0,(anonymous_4)
FNDA:0,(anonymous_5)
FNDA:0,(anonymous_6)
DA:1,0
DA:2,0
DA:3,0
DA:9,0
DA:10,0
DA:17,0
DA:18,0
DA:29,0
DA:33,0
LF:9
LH:0
BRF:0
BRH:0
end_of_record
TN:
SF:src/upskilling/upskilling.module.ts
FNF:0
FNH:0
DA:1,0
DA:2,0
DA:3,0
DA:4,0
DA:5,0
DA:6,0
DA:7,0
DA:8,0
DA:19,0
LF:9
LH:0
BRF:0
BRH:0
end_of_record
TN:
SF:src/upskilling/upskilling.service.ts
FN:18,(anonymous_4)
FN:29,(anonymous_5)
FN:31,(anonymous_6)
FN:45,(anonymous_7)
FN:63,(anonymous_8)
FN:64,(anonymous_9)
FN:69,(anonymous_10)
FN:86,(anonymous_11)
FN:87,(anonymous_12)
FN:96,(anonymous_13)
FN:111,(anonymous_14)
FN:157,(anonymous_15)
FNF:12
FNH:0
FNDA:0,(anonymous_4)
FNDA:0,(anonymous_5)
FNDA:0,(anonymous_6)
FNDA:0,(anonymous_7)
FNDA:0,(anonymous_8)
FNDA:0,(anonymous_9)
FNDA:0,(anonymous_10)
FNDA:0,(anonymous_11)
FNDA:0,(anonymous_12)
FNDA:0,(anonymous_13)
FNDA:0,(anonymous_14)
FNDA:0,(anonymous_15)
DA:1,0
DA:2,0
DA:3,0
DA:4,0
DA:5,0
DA:6,0
DA:8,0
DA:10,0
DA:17,0
DA:20,0
DA:22,0
DA:24,0
DA:25,0
DA:30,0
DA:31,0
DA:33,0
DA:34,0
DA:35,0
DA:37,0
DA:39,0
DA:41,0
DA:42,0
DA:50,0
DA:56,0
DA:57,0
DA:61,0
DA:62,0
DA:63,0
DA:64,0
DA:66,0
DA:67,0
DA:68,0
DA:69,0
DA:71,0
DA:72,0
DA:73,0
DA:79,0
DA:82,0
DA:83,0
DA:85,0
DA:86,0
DA:87,0
DA:88,0
DA:89,0
DA:91,0
DA:96,0
DA:97,0
DA:99,0
DA:100,0
DA:103,0
DA:105,0
DA:106,0
DA:107,0
DA:108,0
DA:109,0
DA:111,0
DA:112,0
DA:113,0
DA:129,0
DA:130,0
DA:131,0
DA:132,0
DA:133,0
DA:134,0
DA:140,0
DA:143,0
DA:144,0
DA:146,0
DA:151,0
DA:152,0
DA:153,0
DA:157,0
DA:163,0
LF:73
LH:0
BRDA:31,0,0,0
BRDA:31,0,1,0
BRDA:35,1,0,0
BRDA:35,1,1,0
BRDA:39,2,0,0
BRDA:39,2,1,0
BRDA:39,3,0,0
BRDA:39,3,1,0
BRDA:41,4,0,0
BRDA:41,4,1,0
BRDA:41,5,0,0
BRDA:41,5,1,0
BRDA:56,6,0,0
BRDA:56,6,1,0
BRDA:67,7,0,0
BRDA:67,7,1,0
BRDA:69,8,0,0
BRDA:69,8,1,0
BRDA:72,9,0,0
BRDA:72,9,1,0
BRDA:86,10,0,0
BRDA:86,10,1,0
BRDA:88,11,0,0
BRDA:88,11,1,0
BRDA:97,12,0,0
BRDA:97,12,1,0
BRDA:97,13,0,0
BRDA:97,13,1,0
BRDA:112,14,0,0
BRDA:112,14,1,0
BRDA:120,15,0,0
BRDA:120,15,1,0
BRDA:133,16,0,0
BRDA:133,16,1,0
BRDA:143,17,0,0
BRDA:143,17,1,0
BRDA:147,18,0,0
BRDA:147,18,1,0
BRDA:154,19,0,0
BRDA:154,19,1,0
BRF:40
BRH:0
end_of_record
TN:
SF:src/users/users.module.ts
FNF:0
FNH:0
DA:1,0
DA:2,0
DA:3,0
DA:4,0
DA:5,0
DA:12,0
LF:6
LH:0
BRF:0
BRH:0
end_of_record
TN:
SF:src/users/users.service.ts
FN:14,(anonymous_13)
FN:21,(anonymous_14)
FN:25,(anonymous_15)
FN:29,(anonymous_16)
FN:61,(anonymous_17)
FN:84,(anonymous_18)
FN:99,(anonymous_19)
FNF:7
FNH:0
FNDA:0,(anonymous_13)
FNDA:0,(anonymous_14)
FNDA:0,(anonymous_15)
FNDA:0,(anonymous_16)
FNDA:0,(anonymous_17)
FNDA:0,(anonymous_18)
FNDA:0,(anonymous_19)
DA:1,1
DA:6,1
DA:7,1
DA:8,1
DA:9,1
DA:10,1
DA:13,1
DA:16,0
DA:18,0
DA:22,0
DA:26,0
DA:36,0
DA:37,0
DA:38,0
DA:41,0
DA:44,0
DA:45,0
DA:46,0
DA:49,0
DA:57,0
DA:58,0
DA:65,0
DA:69,0
DA:71,0
DA:72,0
DA:73,0
DA:74,0
DA:75,0
DA:77,0
DA:80,0
DA:81,0
DA:89,0
DA:90,0
DA:92,0
DA:93,0
DA:95,0
DA:96,0
DA:100,0
DA:101,0
DA:103,0
DA:104,0
DA:105,0
DA:106,0
LF:43
LH:7
BRDA:37,0,0,0
BRDA:37,0,1,0
BRDA:44,1,0,0
BRDA:44,1,1,0
BRDA:54,2,0,0
BRDA:54,2,1,0
BRDA:69,3,0,0
BRDA:69,3,1,0
BRDA:71,4,0,0
BRDA:71,4,1,0
BRDA:72,5,0,0
BRDA:72,5,1,0
BRDA:74,6,0,0
BRDA:74,6,1,0
BRDA:74,7,0,0
BRDA:74,7,1,0
BRDA:90,8,0,0
BRDA:90,8,1,0
BRDA:93,9,0,0
BRDA:93,9,1,0
BRDA:101,10,0,0
BRDA:101,10,1,0
BRF:22
BRH:0
end_of_record
